[2015-02-04 16:15:54] local.ERROR: exception 'BadMethodCallException' with message 'Call to undefined method [package]' in /Users/gabriellamer/PhpstormProjects/BoardGameWebsite/project/vendor/laravel/framework/src/Illuminate/Support/ServiceProvider.php:226
Stack trace:
#0 /Users/gabriellamer/PhpstormProjects/BoardGameWebsite/project/vendor/way/generators/src/Way/Generators/GeneratorsServiceProvider.php(28): Illuminate\Support\ServiceProvider->__call('package', Array)
#1 /Users/gabriellamer/PhpstormProjects/BoardGameWebsite/project/vendor/way/generators/src/Way/Generators/GeneratorsServiceProvider.php(28): Way\Generators\GeneratorsServiceProvider->package('way/generators')
#2 [internal function]: Way\Generators\GeneratorsServiceProvider->boot()
#3 /Users/gabriellamer/PhpstormProjects/BoardGameWebsite/project/vendor/laravel/framework/src/Illuminate/Container/Container.php(523): call_user_func_array(Array, Array)
#4 /Users/gabriellamer/PhpstormProjects/BoardGameWebsite/project/vendor/laravel/framework/src/Illuminate/Foundation/Application.php(631): Illuminate\Container\Container->call(Array)
#5 /Users/gabriellamer/PhpstormProjects/BoardGameWebsite/project/vendor/laravel/framework/src/Illuminate/Foundation/Application.php(613): Illuminate\Foundation\Application->bootProvider(Object(Way\Generators\GeneratorsServiceProvider))
#6 [internal function]: Illuminate\Foundation\Application->Illuminate\Foundation\{closure}(Object(Way\Generators\GeneratorsServiceProvider), 19)
#7 /Users/gabriellamer/PhpstormProjects/BoardGameWebsite/project/vendor/laravel/framework/src/Illuminate/Foundation/Application.php(614): array_walk(Array, Object(Closure))
#8 /Users/gabriellamer/PhpstormProjects/BoardGameWebsite/project/vendor/laravel/framework/src/Illuminate/Foundation/Bootstrap/BootProviders.php(15): Illuminate\Foundation\Application->boot()
#9 /Users/gabriellamer/PhpstormProjects/BoardGameWebsite/project/vendor/laravel/framework/src/Illuminate/Foundation/Application.php(165): Illuminate\Foundation\Bootstrap\BootProviders->bootstrap(Object(Illuminate\Foundation\Application))
#10 /Users/gabriellamer/PhpstormProjects/BoardGameWebsite/project/vendor/laravel/framework/src/Illuminate/Foundation/Console/Kernel.php(192): Illuminate\Foundation\Application->bootstrapWith(Array)
#11 /Users/gabriellamer/PhpstormProjects/BoardGameWebsite/project/vendor/laravel/framework/src/Illuminate/Foundation/Console/Kernel.php(89): Illuminate\Foundation\Console\Kernel->bootstrap()
#12 /Users/gabriellamer/PhpstormProjects/BoardGameWebsite/project/artisan(36): Illuminate\Foundation\Console\Kernel->handle(Object(Symfony\Component\Console\Input\ArgvInput), Object(Symfony\Component\Console\Output\ConsoleOutput))
#13 {main}  
[2015-02-04 16:17:20] local.ERROR: exception 'BadMethodCallException' with message 'Call to undefined method [package]' in /Users/gabriellamer/PhpstormProjects/BoardGameWebsite/project/vendor/laravel/framework/src/Illuminate/Support/ServiceProvider.php:226
Stack trace:
#0 /Users/gabriellamer/PhpstormProjects/BoardGameWebsite/project/vendor/way/generators/src/Way/Generators/GeneratorsServiceProvider.php(28): Illuminate\Support\ServiceProvider->__call('package', Array)
#1 /Users/gabriellamer/PhpstormProjects/BoardGameWebsite/project/vendor/way/generators/src/Way/Generators/GeneratorsServiceProvider.php(28): Way\Generators\GeneratorsServiceProvider->package('way/generators')
#2 [internal function]: Way\Generators\GeneratorsServiceProvider->boot()
#3 /Users/gabriellamer/PhpstormProjects/BoardGameWebsite/project/vendor/laravel/framework/src/Illuminate/Container/Container.php(523): call_user_func_array(Array, Array)
#4 /Users/gabriellamer/PhpstormProjects/BoardGameWebsite/project/vendor/laravel/framework/src/Illuminate/Foundation/Application.php(631): Illuminate\Container\Container->call(Array)
#5 /Users/gabriellamer/PhpstormProjects/BoardGameWebsite/project/vendor/laravel/framework/src/Illuminate/Foundation/Application.php(613): Illuminate\Foundation\Application->bootProvider(Object(Way\Generators\GeneratorsServiceProvider))
#6 [internal function]: Illuminate\Foundation\Application->Illuminate\Foundation\{closure}(Object(Way\Generators\GeneratorsServiceProvider), 19)
#7 /Users/gabriellamer/PhpstormProjects/BoardGameWebsite/project/vendor/laravel/framework/src/Illuminate/Foundation/Application.php(614): array_walk(Array, Object(Closure))
#8 /Users/gabriellamer/PhpstormProjects/BoardGameWebsite/project/vendor/laravel/framework/src/Illuminate/Foundation/Bootstrap/BootProviders.php(15): Illuminate\Foundation\Application->boot()
#9 /Users/gabriellamer/PhpstormProjects/BoardGameWebsite/project/vendor/laravel/framework/src/Illuminate/Foundation/Application.php(165): Illuminate\Foundation\Bootstrap\BootProviders->bootstrap(Object(Illuminate\Foundation\Application))
#10 /Users/gabriellamer/PhpstormProjects/BoardGameWebsite/project/vendor/laravel/framework/src/Illuminate/Foundation/Console/Kernel.php(192): Illuminate\Foundation\Application->bootstrapWith(Array)
#11 /Users/gabriellamer/PhpstormProjects/BoardGameWebsite/project/vendor/laravel/framework/src/Illuminate/Foundation/Console/Kernel.php(89): Illuminate\Foundation\Console\Kernel->bootstrap()
#12 /Users/gabriellamer/PhpstormProjects/BoardGameWebsite/project/artisan(36): Illuminate\Foundation\Console\Kernel->handle(Object(Symfony\Component\Console\Input\ArgvInput), Object(Symfony\Component\Console\Output\ConsoleOutput))
#13 {main}  
[2015-02-04 16:52:52] local.ERROR: exception 'BadMethodCallException' with message 'Call to undefined method [package]' in /Users/gabriellamer/PhpstormProjects/BoardGameWebsite/project/vendor/laravel/framework/src/Illuminate/Support/ServiceProvider.php:226
Stack trace:
#0 /Users/gabriellamer/PhpstormProjects/BoardGameWebsite/project/vendor/way/generators/src/Way/Generators/GeneratorsServiceProvider.php(28): Illuminate\Support\ServiceProvider->__call('package', Array)
#1 /Users/gabriellamer/PhpstormProjects/BoardGameWebsite/project/vendor/way/generators/src/Way/Generators/GeneratorsServiceProvider.php(28): Way\Generators\GeneratorsServiceProvider->package('way/generators')
#2 [internal function]: Way\Generators\GeneratorsServiceProvider->boot()
#3 /Users/gabriellamer/PhpstormProjects/BoardGameWebsite/project/vendor/laravel/framework/src/Illuminate/Container/Container.php(523): call_user_func_array(Array, Array)
#4 /Users/gabriellamer/PhpstormProjects/BoardGameWebsite/project/vendor/laravel/framework/src/Illuminate/Foundation/Application.php(631): Illuminate\Container\Container->call(Array)
#5 /Users/gabriellamer/PhpstormProjects/BoardGameWebsite/project/vendor/laravel/framework/src/Illuminate/Foundation/Application.php(613): Illuminate\Foundation\Application->bootProvider(Object(Way\Generators\GeneratorsServiceProvider))
#6 [internal function]: Illuminate\Foundation\Application->Illuminate\Foundation\{closure}(Object(Way\Generators\GeneratorsServiceProvider), 19)
#7 /Users/gabriellamer/PhpstormProjects/BoardGameWebsite/project/vendor/laravel/framework/src/Illuminate/Foundation/Application.php(614): array_walk(Array, Object(Closure))
#8 /Users/gabriellamer/PhpstormProjects/BoardGameWebsite/project/vendor/laravel/framework/src/Illuminate/Foundation/Bootstrap/BootProviders.php(15): Illuminate\Foundation\Application->boot()
#9 /Users/gabriellamer/PhpstormProjects/BoardGameWebsite/project/vendor/laravel/framework/src/Illuminate/Foundation/Application.php(165): Illuminate\Foundation\Bootstrap\BootProviders->bootstrap(Object(Illuminate\Foundation\Application))
#10 /Users/gabriellamer/PhpstormProjects/BoardGameWebsite/project/vendor/laravel/framework/src/Illuminate/Foundation/Http/Kernel.php(142): Illuminate\Foundation\Application->bootstrapWith(Array)
#11 /Users/gabriellamer/PhpstormProjects/BoardGameWebsite/project/vendor/laravel/framework/src/Illuminate/Foundation/Http/Kernel.php(103): Illuminate\Foundation\Http\Kernel->bootstrap()
#12 /Users/gabriellamer/PhpstormProjects/BoardGameWebsite/project/vendor/laravel/framework/src/Illuminate/Foundation/Http/Kernel.php(83): Illuminate\Foundation\Http\Kernel->sendRequestThroughRouter(Object(Illuminate\Http\Request))
#13 /Users/gabriellamer/PhpstormProjects/BoardGameWebsite/project/public/index.php(53): Illuminate\Foundation\Http\Kernel->handle(Object(Illuminate\Http\Request))
#14 {main}  
[2015-02-04 17:05:43] local.ERROR: exception 'BadMethodCallException' with message 'Call to undefined method [package]' in /Users/gabriellamer/PhpstormProjects/BoardGameWebsite/project/vendor/laravel/framework/src/Illuminate/Support/ServiceProvider.php:226
Stack trace:
#0 /Users/gabriellamer/PhpstormProjects/BoardGameWebsite/project/vendor/way/generators/src/Way/Generators/GeneratorsServiceProvider.php(28): Illuminate\Support\ServiceProvider->__call('package', Array)
#1 /Users/gabriellamer/PhpstormProjects/BoardGameWebsite/project/vendor/way/generators/src/Way/Generators/GeneratorsServiceProvider.php(28): Way\Generators\GeneratorsServiceProvider->package('way/generators')
#2 [internal function]: Way\Generators\GeneratorsServiceProvider->boot()
#3 /Users/gabriellamer/PhpstormProjects/BoardGameWebsite/project/vendor/laravel/framework/src/Illuminate/Container/Container.php(523): call_user_func_array(Array, Array)
#4 /Users/gabriellamer/PhpstormProjects/BoardGameWebsite/project/vendor/laravel/framework/src/Illuminate/Foundation/Application.php(631): Illuminate\Container\Container->call(Array)
#5 /Users/gabriellamer/PhpstormProjects/BoardGameWebsite/project/vendor/laravel/framework/src/Illuminate/Foundation/Application.php(613): Illuminate\Foundation\Application->bootProvider(Object(Way\Generators\GeneratorsServiceProvider))
#6 [internal function]: Illuminate\Foundation\Application->Illuminate\Foundation\{closure}(Object(Way\Generators\GeneratorsServiceProvider), 19)
#7 /Users/gabriellamer/PhpstormProjects/BoardGameWebsite/project/vendor/laravel/framework/src/Illuminate/Foundation/Application.php(614): array_walk(Array, Object(Closure))
#8 /Users/gabriellamer/PhpstormProjects/BoardGameWebsite/project/vendor/laravel/framework/src/Illuminate/Foundation/Bootstrap/BootProviders.php(15): Illuminate\Foundation\Application->boot()
#9 /Users/gabriellamer/PhpstormProjects/BoardGameWebsite/project/vendor/laravel/framework/src/Illuminate/Foundation/Application.php(165): Illuminate\Foundation\Bootstrap\BootProviders->bootstrap(Object(Illuminate\Foundation\Application))
#10 /Users/gabriellamer/PhpstormProjects/BoardGameWebsite/project/vendor/laravel/framework/src/Illuminate/Foundation/Http/Kernel.php(142): Illuminate\Foundation\Application->bootstrapWith(Array)
#11 /Users/gabriellamer/PhpstormProjects/BoardGameWebsite/project/vendor/laravel/framework/src/Illuminate/Foundation/Http/Kernel.php(103): Illuminate\Foundation\Http\Kernel->bootstrap()
#12 /Users/gabriellamer/PhpstormProjects/BoardGameWebsite/project/vendor/laravel/framework/src/Illuminate/Foundation/Http/Kernel.php(83): Illuminate\Foundation\Http\Kernel->sendRequestThroughRouter(Object(Illuminate\Http\Request))
#13 /Users/gabriellamer/PhpstormProjects/BoardGameWebsite/project/public/index.php(53): Illuminate\Foundation\Http\Kernel->handle(Object(Illuminate\Http\Request))
#14 {main}  
[2015-02-04 17:05:45] local.ERROR: exception 'BadMethodCallException' with message 'Call to undefined method [package]' in /Users/gabriellamer/PhpstormProjects/BoardGameWebsite/project/vendor/laravel/framework/src/Illuminate/Support/ServiceProvider.php:226
Stack trace:
#0 /Users/gabriellamer/PhpstormProjects/BoardGameWebsite/project/vendor/way/generators/src/Way/Generators/GeneratorsServiceProvider.php(28): Illuminate\Support\ServiceProvider->__call('package', Array)
#1 /Users/gabriellamer/PhpstormProjects/BoardGameWebsite/project/vendor/way/generators/src/Way/Generators/GeneratorsServiceProvider.php(28): Way\Generators\GeneratorsServiceProvider->package('way/generators')
#2 [internal function]: Way\Generators\GeneratorsServiceProvider->boot()
#3 /Users/gabriellamer/PhpstormProjects/BoardGameWebsite/project/vendor/laravel/framework/src/Illuminate/Container/Container.php(523): call_user_func_array(Array, Array)
#4 /Users/gabriellamer/PhpstormProjects/BoardGameWebsite/project/vendor/laravel/framework/src/Illuminate/Foundation/Application.php(631): Illuminate\Container\Container->call(Array)
#5 /Users/gabriellamer/PhpstormProjects/BoardGameWebsite/project/vendor/laravel/framework/src/Illuminate/Foundation/Application.php(613): Illuminate\Foundation\Application->bootProvider(Object(Way\Generators\GeneratorsServiceProvider))
#6 [internal function]: Illuminate\Foundation\Application->Illuminate\Foundation\{closure}(Object(Way\Generators\GeneratorsServiceProvider), 19)
#7 /Users/gabriellamer/PhpstormProjects/BoardGameWebsite/project/vendor/laravel/framework/src/Illuminate/Foundation/Application.php(614): array_walk(Array, Object(Closure))
#8 /Users/gabriellamer/PhpstormProjects/BoardGameWebsite/project/vendor/laravel/framework/src/Illuminate/Foundation/Bootstrap/BootProviders.php(15): Illuminate\Foundation\Application->boot()
#9 /Users/gabriellamer/PhpstormProjects/BoardGameWebsite/project/vendor/laravel/framework/src/Illuminate/Foundation/Application.php(165): Illuminate\Foundation\Bootstrap\BootProviders->bootstrap(Object(Illuminate\Foundation\Application))
#10 /Users/gabriellamer/PhpstormProjects/BoardGameWebsite/project/vendor/laravel/framework/src/Illuminate/Foundation/Http/Kernel.php(142): Illuminate\Foundation\Application->bootstrapWith(Array)
#11 /Users/gabriellamer/PhpstormProjects/BoardGameWebsite/project/vendor/laravel/framework/src/Illuminate/Foundation/Http/Kernel.php(103): Illuminate\Foundation\Http\Kernel->bootstrap()
#12 /Users/gabriellamer/PhpstormProjects/BoardGameWebsite/project/vendor/laravel/framework/src/Illuminate/Foundation/Http/Kernel.php(83): Illuminate\Foundation\Http\Kernel->sendRequestThroughRouter(Object(Illuminate\Http\Request))
#13 /Users/gabriellamer/PhpstormProjects/BoardGameWebsite/project/public/index.php(53): Illuminate\Foundation\Http\Kernel->handle(Object(Illuminate\Http\Request))
#14 {main}  
[2015-02-04 17:14:42] local.ERROR: exception 'BadMethodCallException' with message 'Call to undefined method [package]' in /Users/gabriellamer/PhpstormProjects/BoardGameWebsite/project/vendor/laravel/framework/src/Illuminate/Support/ServiceProvider.php:226
Stack trace:
#0 /Users/gabriellamer/PhpstormProjects/BoardGameWebsite/project/vendor/way/generators/src/Way/Generators/GeneratorsServiceProvider.php(28): Illuminate\Support\ServiceProvider->__call('package', Array)
#1 /Users/gabriellamer/PhpstormProjects/BoardGameWebsite/project/vendor/way/generators/src/Way/Generators/GeneratorsServiceProvider.php(28): Way\Generators\GeneratorsServiceProvider->package('way/generators')
#2 [internal function]: Way\Generators\GeneratorsServiceProvider->boot()
#3 /Users/gabriellamer/PhpstormProjects/BoardGameWebsite/project/vendor/laravel/framework/src/Illuminate/Container/Container.php(523): call_user_func_array(Array, Array)
#4 /Users/gabriellamer/PhpstormProjects/BoardGameWebsite/project/vendor/laravel/framework/src/Illuminate/Foundation/Application.php(631): Illuminate\Container\Container->call(Array)
#5 /Users/gabriellamer/PhpstormProjects/BoardGameWebsite/project/vendor/laravel/framework/src/Illuminate/Foundation/Application.php(613): Illuminate\Foundation\Application->bootProvider(Object(Way\Generators\GeneratorsServiceProvider))
#6 [internal function]: Illuminate\Foundation\Application->Illuminate\Foundation\{closure}(Object(Way\Generators\GeneratorsServiceProvider), 19)
#7 /Users/gabriellamer/PhpstormProjects/BoardGameWebsite/project/vendor/laravel/framework/src/Illuminate/Foundation/Application.php(614): array_walk(Array, Object(Closure))
#8 /Users/gabriellamer/PhpstormProjects/BoardGameWebsite/project/vendor/laravel/framework/src/Illuminate/Foundation/Bootstrap/BootProviders.php(15): Illuminate\Foundation\Application->boot()
#9 /Users/gabriellamer/PhpstormProjects/BoardGameWebsite/project/vendor/laravel/framework/src/Illuminate/Foundation/Application.php(165): Illuminate\Foundation\Bootstrap\BootProviders->bootstrap(Object(Illuminate\Foundation\Application))
#10 /Users/gabriellamer/PhpstormProjects/BoardGameWebsite/project/vendor/laravel/framework/src/Illuminate/Foundation/Http/Kernel.php(142): Illuminate\Foundation\Application->bootstrapWith(Array)
#11 /Users/gabriellamer/PhpstormProjects/BoardGameWebsite/project/vendor/laravel/framework/src/Illuminate/Foundation/Http/Kernel.php(103): Illuminate\Foundation\Http\Kernel->bootstrap()
#12 /Users/gabriellamer/PhpstormProjects/BoardGameWebsite/project/vendor/laravel/framework/src/Illuminate/Foundation/Http/Kernel.php(83): Illuminate\Foundation\Http\Kernel->sendRequestThroughRouter(Object(Illuminate\Http\Request))
#13 /Users/gabriellamer/PhpstormProjects/BoardGameWebsite/project/public/index.php(53): Illuminate\Foundation\Http\Kernel->handle(Object(Illuminate\Http\Request))
#14 {main}  
[2015-02-04 17:56:09] local.ERROR: exception 'RuntimeException' with message 'Not enough arguments.' in /Users/gabriellamer/PhpstormProjects/BoardGameWebsite/project/vendor/symfony/console/Symfony/Component/Console/Input/Input.php:77
Stack trace:
#0 /Users/gabriellamer/PhpstormProjects/BoardGameWebsite/project/vendor/symfony/console/Symfony/Component/Console/Command/Command.php(248): Symfony\Component\Console\Input\Input->validate()
#1 /Users/gabriellamer/PhpstormProjects/BoardGameWebsite/project/vendor/laravel/framework/src/Illuminate/Console/Command.php(101): Symfony\Component\Console\Command\Command->run(Object(Symfony\Component\Console\Input\ArgvInput), Object(Symfony\Component\Console\Output\ConsoleOutput))
#2 /Users/gabriellamer/PhpstormProjects/BoardGameWebsite/project/vendor/symfony/console/Symfony/Component/Console/Application.php(874): Illuminate\Console\Command->run(Object(Symfony\Component\Console\Input\ArgvInput), Object(Symfony\Component\Console\Output\ConsoleOutput))
#3 /Users/gabriellamer/PhpstormProjects/BoardGameWebsite/project/vendor/symfony/console/Symfony/Component/Console/Application.php(195): Symfony\Component\Console\Application->doRunCommand(Object(Illuminate\Database\Console\Migrations\MigrateMakeCommand), Object(Symfony\Component\Console\Input\ArgvInput), Object(Symfony\Component\Console\Output\ConsoleOutput))
#4 /Users/gabriellamer/PhpstormProjects/BoardGameWebsite/project/vendor/symfony/console/Symfony/Component/Console/Application.php(126): Symfony\Component\Console\Application->doRun(Object(Symfony\Component\Console\Input\ArgvInput), Object(Symfony\Component\Console\Output\ConsoleOutput))
#5 /Users/gabriellamer/PhpstormProjects/BoardGameWebsite/project/vendor/laravel/framework/src/Illuminate/Foundation/Console/Kernel.php(91): Symfony\Component\Console\Application->run(Object(Symfony\Component\Console\Input\ArgvInput), Object(Symfony\Component\Console\Output\ConsoleOutput))
#6 /Users/gabriellamer/PhpstormProjects/BoardGameWebsite/project/artisan(36): Illuminate\Foundation\Console\Kernel->handle(Object(Symfony\Component\Console\Input\ArgvInput), Object(Symfony\Component\Console\Output\ConsoleOutput))
#7 {main}  
[2015-02-04 19:10:12] local.ERROR: exception 'Symfony\Component\Debug\Exception\FatalErrorException' with message 'Class 'CreateTagsTable' not found' in /Users/gabriellamer/PhpstormProjects/BoardGameWebsite/project/vendor/laravel/framework/src/Illuminate/Database/Migrations/Migrator.php:301
Stack trace:
#0 /Users/gabriellamer/PhpstormProjects/BoardGameWebsite/project/vendor/laravel/framework/src/Illuminate/Foundation/Bootstrap/HandleExceptions.php(116): Illuminate\Foundation\Bootstrap\HandleExceptions->fatalExceptionFromError(Array)
#1 [internal function]: Illuminate\Foundation\Bootstrap\HandleExceptions->handleShutdown()
#2 {main}  
[2015-02-04 19:12:44] local.ERROR: exception 'Symfony\Component\Debug\Exception\FatalErrorException' with message 'Class 'CreateTagsTable' not found' in /Users/gabriellamer/PhpstormProjects/BoardGameWebsite/project/vendor/laravel/framework/src/Illuminate/Database/Migrations/Migrator.php:301
Stack trace:
#0 /Users/gabriellamer/PhpstormProjects/BoardGameWebsite/project/vendor/laravel/framework/src/Illuminate/Foundation/Bootstrap/HandleExceptions.php(116): Illuminate\Foundation\Bootstrap\HandleExceptions->fatalExceptionFromError(Array)
#1 [internal function]: Illuminate\Foundation\Bootstrap\HandleExceptions->handleShutdown()
#2 {main}  
[2015-02-04 19:15:29] local.ERROR: exception 'Symfony\Component\Debug\Exception\FatalErrorException' with message 'Class 'CreateTestTable' not found' in /Users/gabriellamer/PhpstormProjects/BoardGameWebsite/project/vendor/laravel/framework/src/Illuminate/Database/Migrations/Migrator.php:301
Stack trace:
#0 /Users/gabriellamer/PhpstormProjects/BoardGameWebsite/project/vendor/laravel/framework/src/Illuminate/Foundation/Bootstrap/HandleExceptions.php(116): Illuminate\Foundation\Bootstrap\HandleExceptions->fatalExceptionFromError(Array)
#1 [internal function]: Illuminate\Foundation\Bootstrap\HandleExceptions->handleShutdown()
#2 {main}  
[2015-02-04 19:16:14] local.ERROR: exception 'Symfony\Component\Debug\Exception\FatalErrorException' with message 'Class 'CreateTestTable' not found' in /Users/gabriellamer/PhpstormProjects/BoardGameWebsite/project/vendor/laravel/framework/src/Illuminate/Database/Migrations/Migrator.php:301
Stack trace:
#0 /Users/gabriellamer/PhpstormProjects/BoardGameWebsite/project/vendor/laravel/framework/src/Illuminate/Foundation/Bootstrap/HandleExceptions.php(116): Illuminate\Foundation\Bootstrap\HandleExceptions->fatalExceptionFromError(Array)
#1 [internal function]: Illuminate\Foundation\Bootstrap\HandleExceptions->handleShutdown()
#2 {main}  
[2015-02-04 19:17:42] local.ERROR: exception 'PDOException' with message 'SQLSTATE[42S02]: Base table or view not found: 1051 Unknown table 'test'' in /Users/gabriellamer/PhpstormProjects/BoardGameWebsite/project/vendor/laravel/framework/src/Illuminate/Database/Connection.php:358
Stack trace:
#0 /Users/gabriellamer/PhpstormProjects/BoardGameWebsite/project/vendor/laravel/framework/src/Illuminate/Database/Connection.php(358): PDOStatement->execute(Array)
#1 /Users/gabriellamer/PhpstormProjects/BoardGameWebsite/project/vendor/laravel/framework/src/Illuminate/Database/Connection.php(606): Illuminate\Database\Connection->Illuminate\Database\{closure}(Object(Illuminate\Database\MySqlConnection), 'drop table `tes...', Array)
#2 /Users/gabriellamer/PhpstormProjects/BoardGameWebsite/project/vendor/laravel/framework/src/Illuminate/Database/Connection.php(570): Illuminate\Database\Connection->runQueryCallback('drop table `tes...', Array, Object(Closure))
#3 /Users/gabriellamer/PhpstormProjects/BoardGameWebsite/project/vendor/laravel/framework/src/Illuminate/Database/Connection.php(359): Illuminate\Database\Connection->run('drop table `tes...', Array, Object(Closure))
#4 /Users/gabriellamer/PhpstormProjects/BoardGameWebsite/project/vendor/laravel/framework/src/Illuminate/Database/Schema/Blueprint.php(63): Illuminate\Database\Connection->statement('drop table `tes...')
#5 /Users/gabriellamer/PhpstormProjects/BoardGameWebsite/project/vendor/laravel/framework/src/Illuminate/Database/Schema/Builder.php(169): Illuminate\Database\Schema\Blueprint->build(Object(Illuminate\Database\MySqlConnection), Object(Illuminate\Database\Schema\Grammars\MySqlGrammar))
#6 /Users/gabriellamer/PhpstormProjects/BoardGameWebsite/project/vendor/laravel/framework/src/Illuminate/Database/Schema/Builder.php(127): Illuminate\Database\Schema\Builder->build(Object(Illuminate\Database\Schema\Blueprint))
#7 /Users/gabriellamer/PhpstormProjects/BoardGameWebsite/project/vendor/laravel/framework/src/Illuminate/Support/Facades/Facade.php(210): Illuminate\Database\Schema\Builder->drop('test')
#8 /Users/gabriellamer/PhpstormProjects/BoardGameWebsite/project/database/migrations/2015_02_04_191433_create_test_table.php(29): Illuminate\Support\Facades\Facade::__callStatic('drop', Array)
#9 /Users/gabriellamer/PhpstormProjects/BoardGameWebsite/project/database/migrations/2015_02_04_191433_create_test_table.php(29): Illuminate\Support\Facades\Schema::drop('test')
#10 /Users/gabriellamer/PhpstormProjects/BoardGameWebsite/project/vendor/laravel/framework/src/Illuminate/Database/Migrations/Migrator.php(199): CreateTestTable->down()
#11 /Users/gabriellamer/PhpstormProjects/BoardGameWebsite/project/vendor/laravel/framework/src/Illuminate/Database/Migrations/Migrator.php(172): Illuminate\Database\Migrations\Migrator->runDown(Object(stdClass), false)
#12 /Users/gabriellamer/PhpstormProjects/BoardGameWebsite/project/vendor/laravel/framework/src/Illuminate/Database/Console/Migrations/RollbackCommand.php(59): Illuminate\Database\Migrations\Migrator->rollback(false)
#13 [internal function]: Illuminate\Database\Console\Migrations\RollbackCommand->fire()
#14 /Users/gabriellamer/PhpstormProjects/BoardGameWebsite/project/vendor/laravel/framework/src/Illuminate/Container/Container.php(523): call_user_func_array(Array, Array)
#15 /Users/gabriellamer/PhpstormProjects/BoardGameWebsite/project/vendor/laravel/framework/src/Illuminate/Console/Command.php(115): Illuminate\Container\Container->call(Array)
#16 /Users/gabriellamer/PhpstormProjects/BoardGameWebsite/project/vendor/symfony/console/Symfony/Component/Console/Command/Command.php(253): Illuminate\Console\Command->execute(Object(Symfony\Component\Console\Input\ArgvInput), Object(Symfony\Component\Console\Output\ConsoleOutput))
#17 /Users/gabriellamer/PhpstormProjects/BoardGameWebsite/project/vendor/laravel/framework/src/Illuminate/Console/Command.php(101): Symfony\Component\Console\Command\Command->run(Object(Symfony\Component\Console\Input\ArgvInput), Object(Symfony\Component\Console\Output\ConsoleOutput))
#18 /Users/gabriellamer/PhpstormProjects/BoardGameWebsite/project/vendor/symfony/console/Symfony/Component/Console/Application.php(874): Illuminate\Console\Command->run(Object(Symfony\Component\Console\Input\ArgvInput), Object(Symfony\Component\Console\Output\ConsoleOutput))
#19 /Users/gabriellamer/PhpstormProjects/BoardGameWebsite/project/vendor/symfony/console/Symfony/Component/Console/Application.php(195): Symfony\Component\Console\Application->doRunCommand(Object(Illuminate\Database\Console\Migrations\RollbackCommand), Object(Symfony\Component\Console\Input\ArgvInput), Object(Symfony\Component\Console\Output\ConsoleOutput))
#20 /Users/gabriellamer/PhpstormProjects/BoardGameWebsite/project/vendor/symfony/console/Symfony/Component/Console/Application.php(126): Symfony\Component\Console\Application->doRun(Object(Symfony\Component\Console\Input\ArgvInput), Object(Symfony\Component\Console\Output\ConsoleOutput))
#21 /Users/gabriellamer/PhpstormProjects/BoardGameWebsite/project/vendor/laravel/framework/src/Illuminate/Foundation/Console/Kernel.php(91): Symfony\Component\Console\Application->run(Object(Symfony\Component\Console\Input\ArgvInput), Object(Symfony\Component\Console\Output\ConsoleOutput))
#22 /Users/gabriellamer/PhpstormProjects/BoardGameWebsite/project/artisan(36): Illuminate\Foundation\Console\Kernel->handle(Object(Symfony\Component\Console\Input\ArgvInput), Object(Symfony\Component\Console\Output\ConsoleOutput))
#23 {main}

Next exception 'Illuminate\Database\QueryException' with message 'SQLSTATE[42S02]: Base table or view not found: 1051 Unknown table 'test' (SQL: drop table `test`)' in /Users/gabriellamer/PhpstormProjects/BoardGameWebsite/project/vendor/laravel/framework/src/Illuminate/Database/Connection.php:614
Stack trace:
#0 /Users/gabriellamer/PhpstormProjects/BoardGameWebsite/project/vendor/laravel/framework/src/Illuminate/Database/Connection.php(570): Illuminate\Database\Connection->runQueryCallback('drop table `tes...', Array, Object(Closure))
#1 /Users/gabriellamer/PhpstormProjects/BoardGameWebsite/project/vendor/laravel/framework/src/Illuminate/Database/Connection.php(359): Illuminate\Database\Connection->run('drop table `tes...', Array, Object(Closure))
#2 /Users/gabriellamer/PhpstormProjects/BoardGameWebsite/project/vendor/laravel/framework/src/Illuminate/Database/Schema/Blueprint.php(63): Illuminate\Database\Connection->statement('drop table `tes...')
#3 /Users/gabriellamer/PhpstormProjects/BoardGameWebsite/project/vendor/laravel/framework/src/Illuminate/Database/Schema/Builder.php(169): Illuminate\Database\Schema\Blueprint->build(Object(Illuminate\Database\MySqlConnection), Object(Illuminate\Database\Schema\Grammars\MySqlGrammar))
#4 /Users/gabriellamer/PhpstormProjects/BoardGameWebsite/project/vendor/laravel/framework/src/Illuminate/Database/Schema/Builder.php(127): Illuminate\Database\Schema\Builder->build(Object(Illuminate\Database\Schema\Blueprint))
#5 /Users/gabriellamer/PhpstormProjects/BoardGameWebsite/project/vendor/laravel/framework/src/Illuminate/Support/Facades/Facade.php(210): Illuminate\Database\Schema\Builder->drop('test')
#6 /Users/gabriellamer/PhpstormProjects/BoardGameWebsite/project/database/migrations/2015_02_04_191433_create_test_table.php(29): Illuminate\Support\Facades\Facade::__callStatic('drop', Array)
#7 /Users/gabriellamer/PhpstormProjects/BoardGameWebsite/project/database/migrations/2015_02_04_191433_create_test_table.php(29): Illuminate\Support\Facades\Schema::drop('test')
#8 /Users/gabriellamer/PhpstormProjects/BoardGameWebsite/project/vendor/laravel/framework/src/Illuminate/Database/Migrations/Migrator.php(199): CreateTestTable->down()
#9 /Users/gabriellamer/PhpstormProjects/BoardGameWebsite/project/vendor/laravel/framework/src/Illuminate/Database/Migrations/Migrator.php(172): Illuminate\Database\Migrations\Migrator->runDown(Object(stdClass), false)
#10 /Users/gabriellamer/PhpstormProjects/BoardGameWebsite/project/vendor/laravel/framework/src/Illuminate/Database/Console/Migrations/RollbackCommand.php(59): Illuminate\Database\Migrations\Migrator->rollback(false)
#11 [internal function]: Illuminate\Database\Console\Migrations\RollbackCommand->fire()
#12 /Users/gabriellamer/PhpstormProjects/BoardGameWebsite/project/vendor/laravel/framework/src/Illuminate/Container/Container.php(523): call_user_func_array(Array, Array)
#13 /Users/gabriellamer/PhpstormProjects/BoardGameWebsite/project/vendor/laravel/framework/src/Illuminate/Console/Command.php(115): Illuminate\Container\Container->call(Array)
#14 /Users/gabriellamer/PhpstormProjects/BoardGameWebsite/project/vendor/symfony/console/Symfony/Component/Console/Command/Command.php(253): Illuminate\Console\Command->execute(Object(Symfony\Component\Console\Input\ArgvInput), Object(Symfony\Component\Console\Output\ConsoleOutput))
#15 /Users/gabriellamer/PhpstormProjects/BoardGameWebsite/project/vendor/laravel/framework/src/Illuminate/Console/Command.php(101): Symfony\Component\Console\Command\Command->run(Object(Symfony\Component\Console\Input\ArgvInput), Object(Symfony\Component\Console\Output\ConsoleOutput))
#16 /Users/gabriellamer/PhpstormProjects/BoardGameWebsite/project/vendor/symfony/console/Symfony/Component/Console/Application.php(874): Illuminate\Console\Command->run(Object(Symfony\Component\Console\Input\ArgvInput), Object(Symfony\Component\Console\Output\ConsoleOutput))
#17 /Users/gabriellamer/PhpstormProjects/BoardGameWebsite/project/vendor/symfony/console/Symfony/Component/Console/Application.php(195): Symfony\Component\Console\Application->doRunCommand(Object(Illuminate\Database\Console\Migrations\RollbackCommand), Object(Symfony\Component\Console\Input\ArgvInput), Object(Symfony\Component\Console\Output\ConsoleOutput))
#18 /Users/gabriellamer/PhpstormProjects/BoardGameWebsite/project/vendor/symfony/console/Symfony/Component/Console/Application.php(126): Symfony\Component\Console\Application->doRun(Object(Symfony\Component\Console\Input\ArgvInput), Object(Symfony\Component\Console\Output\ConsoleOutput))
#19 /Users/gabriellamer/PhpstormProjects/BoardGameWebsite/project/vendor/laravel/framework/src/Illuminate/Foundation/Console/Kernel.php(91): Symfony\Component\Console\Application->run(Object(Symfony\Component\Console\Input\ArgvInput), Object(Symfony\Component\Console\Output\ConsoleOutput))
#20 /Users/gabriellamer/PhpstormProjects/BoardGameWebsite/project/artisan(36): Illuminate\Foundation\Console\Kernel->handle(Object(Symfony\Component\Console\Input\ArgvInput), Object(Symfony\Component\Console\Output\ConsoleOutput))
#21 {main}  
[2015-02-04 19:18:22] local.ERROR: exception 'PDOException' with message 'SQLSTATE[42S02]: Base table or view not found: 1051 Unknown table 'test'' in /Users/gabriellamer/PhpstormProjects/BoardGameWebsite/project/vendor/laravel/framework/src/Illuminate/Database/Connection.php:358
Stack trace:
#0 /Users/gabriellamer/PhpstormProjects/BoardGameWebsite/project/vendor/laravel/framework/src/Illuminate/Database/Connection.php(358): PDOStatement->execute(Array)
#1 /Users/gabriellamer/PhpstormProjects/BoardGameWebsite/project/vendor/laravel/framework/src/Illuminate/Database/Connection.php(606): Illuminate\Database\Connection->Illuminate\Database\{closure}(Object(Illuminate\Database\MySqlConnection), 'drop table `tes...', Array)
#2 /Users/gabriellamer/PhpstormProjects/BoardGameWebsite/project/vendor/laravel/framework/src/Illuminate/Database/Connection.php(570): Illuminate\Database\Connection->runQueryCallback('drop table `tes...', Array, Object(Closure))
#3 /Users/gabriellamer/PhpstormProjects/BoardGameWebsite/project/vendor/laravel/framework/src/Illuminate/Database/Connection.php(359): Illuminate\Database\Connection->run('drop table `tes...', Array, Object(Closure))
#4 /Users/gabriellamer/PhpstormProjects/BoardGameWebsite/project/vendor/laravel/framework/src/Illuminate/Database/Schema/Blueprint.php(63): Illuminate\Database\Connection->statement('drop table `tes...')
#5 /Users/gabriellamer/PhpstormProjects/BoardGameWebsite/project/vendor/laravel/framework/src/Illuminate/Database/Schema/Builder.php(169): Illuminate\Database\Schema\Blueprint->build(Object(Illuminate\Database\MySqlConnection), Object(Illuminate\Database\Schema\Grammars\MySqlGrammar))
#6 /Users/gabriellamer/PhpstormProjects/BoardGameWebsite/project/vendor/laravel/framework/src/Illuminate/Database/Schema/Builder.php(127): Illuminate\Database\Schema\Builder->build(Object(Illuminate\Database\Schema\Blueprint))
#7 /Users/gabriellamer/PhpstormProjects/BoardGameWebsite/project/vendor/laravel/framework/src/Illuminate/Support/Facades/Facade.php(210): Illuminate\Database\Schema\Builder->drop('test')
#8 /Users/gabriellamer/PhpstormProjects/BoardGameWebsite/project/database/migrations/2015_02_04_191433_create_test_table.php(29): Illuminate\Support\Facades\Facade::__callStatic('drop', Array)
#9 /Users/gabriellamer/PhpstormProjects/BoardGameWebsite/project/database/migrations/2015_02_04_191433_create_test_table.php(29): Illuminate\Support\Facades\Schema::drop('test')
#10 /Users/gabriellamer/PhpstormProjects/BoardGameWebsite/project/vendor/laravel/framework/src/Illuminate/Database/Migrations/Migrator.php(199): CreateTestTable->down()
#11 /Users/gabriellamer/PhpstormProjects/BoardGameWebsite/project/vendor/laravel/framework/src/Illuminate/Database/Migrations/Migrator.php(172): Illuminate\Database\Migrations\Migrator->runDown(Object(stdClass), false)
#12 /Users/gabriellamer/PhpstormProjects/BoardGameWebsite/project/vendor/laravel/framework/src/Illuminate/Database/Console/Migrations/ResetCommand.php(61): Illuminate\Database\Migrations\Migrator->rollback(false)
#13 [internal function]: Illuminate\Database\Console\Migrations\ResetCommand->fire()
#14 /Users/gabriellamer/PhpstormProjects/BoardGameWebsite/project/vendor/laravel/framework/src/Illuminate/Container/Container.php(523): call_user_func_array(Array, Array)
#15 /Users/gabriellamer/PhpstormProjects/BoardGameWebsite/project/vendor/laravel/framework/src/Illuminate/Console/Command.php(115): Illuminate\Container\Container->call(Array)
#16 /Users/gabriellamer/PhpstormProjects/BoardGameWebsite/project/vendor/symfony/console/Symfony/Component/Console/Command/Command.php(253): Illuminate\Console\Command->execute(Object(Symfony\Component\Console\Input\ArgvInput), Object(Symfony\Component\Console\Output\ConsoleOutput))
#17 /Users/gabriellamer/PhpstormProjects/BoardGameWebsite/project/vendor/laravel/framework/src/Illuminate/Console/Command.php(101): Symfony\Component\Console\Command\Command->run(Object(Symfony\Component\Console\Input\ArgvInput), Object(Symfony\Component\Console\Output\ConsoleOutput))
#18 /Users/gabriellamer/PhpstormProjects/BoardGameWebsite/project/vendor/symfony/console/Symfony/Component/Console/Application.php(874): Illuminate\Console\Command->run(Object(Symfony\Component\Console\Input\ArgvInput), Object(Symfony\Component\Console\Output\ConsoleOutput))
#19 /Users/gabriellamer/PhpstormProjects/BoardGameWebsite/project/vendor/symfony/console/Symfony/Component/Console/Application.php(195): Symfony\Component\Console\Application->doRunCommand(Object(Illuminate\Database\Console\Migrations\ResetCommand), Object(Symfony\Component\Console\Input\ArgvInput), Object(Symfony\Component\Console\Output\ConsoleOutput))
#20 /Users/gabriellamer/PhpstormProjects/BoardGameWebsite/project/vendor/symfony/console/Symfony/Component/Console/Application.php(126): Symfony\Component\Console\Application->doRun(Object(Symfony\Component\Console\Input\ArgvInput), Object(Symfony\Component\Console\Output\ConsoleOutput))
#21 /Users/gabriellamer/PhpstormProjects/BoardGameWebsite/project/vendor/laravel/framework/src/Illuminate/Foundation/Console/Kernel.php(91): Symfony\Component\Console\Application->run(Object(Symfony\Component\Console\Input\ArgvInput), Object(Symfony\Component\Console\Output\ConsoleOutput))
#22 /Users/gabriellamer/PhpstormProjects/BoardGameWebsite/project/artisan(36): Illuminate\Foundation\Console\Kernel->handle(Object(Symfony\Component\Console\Input\ArgvInput), Object(Symfony\Component\Console\Output\ConsoleOutput))
#23 {main}

Next exception 'Illuminate\Database\QueryException' with message 'SQLSTATE[42S02]: Base table or view not found: 1051 Unknown table 'test' (SQL: drop table `test`)' in /Users/gabriellamer/PhpstormProjects/BoardGameWebsite/project/vendor/laravel/framework/src/Illuminate/Database/Connection.php:614
Stack trace:
#0 /Users/gabriellamer/PhpstormProjects/BoardGameWebsite/project/vendor/laravel/framework/src/Illuminate/Database/Connection.php(570): Illuminate\Database\Connection->runQueryCallback('drop table `tes...', Array, Object(Closure))
#1 /Users/gabriellamer/PhpstormProjects/BoardGameWebsite/project/vendor/laravel/framework/src/Illuminate/Database/Connection.php(359): Illuminate\Database\Connection->run('drop table `tes...', Array, Object(Closure))
#2 /Users/gabriellamer/PhpstormProjects/BoardGameWebsite/project/vendor/laravel/framework/src/Illuminate/Database/Schema/Blueprint.php(63): Illuminate\Database\Connection->statement('drop table `tes...')
#3 /Users/gabriellamer/PhpstormProjects/BoardGameWebsite/project/vendor/laravel/framework/src/Illuminate/Database/Schema/Builder.php(169): Illuminate\Database\Schema\Blueprint->build(Object(Illuminate\Database\MySqlConnection), Object(Illuminate\Database\Schema\Grammars\MySqlGrammar))
#4 /Users/gabriellamer/PhpstormProjects/BoardGameWebsite/project/vendor/laravel/framework/src/Illuminate/Database/Schema/Builder.php(127): Illuminate\Database\Schema\Builder->build(Object(Illuminate\Database\Schema\Blueprint))
#5 /Users/gabriellamer/PhpstormProjects/BoardGameWebsite/project/vendor/laravel/framework/src/Illuminate/Support/Facades/Facade.php(210): Illuminate\Database\Schema\Builder->drop('test')
#6 /Users/gabriellamer/PhpstormProjects/BoardGameWebsite/project/database/migrations/2015_02_04_191433_create_test_table.php(29): Illuminate\Support\Facades\Facade::__callStatic('drop', Array)
#7 /Users/gabriellamer/PhpstormProjects/BoardGameWebsite/project/database/migrations/2015_02_04_191433_create_test_table.php(29): Illuminate\Support\Facades\Schema::drop('test')
#8 /Users/gabriellamer/PhpstormProjects/BoardGameWebsite/project/vendor/laravel/framework/src/Illuminate/Database/Migrations/Migrator.php(199): CreateTestTable->down()
#9 /Users/gabriellamer/PhpstormProjects/BoardGameWebsite/project/vendor/laravel/framework/src/Illuminate/Database/Migrations/Migrator.php(172): Illuminate\Database\Migrations\Migrator->runDown(Object(stdClass), false)
#10 /Users/gabriellamer/PhpstormProjects/BoardGameWebsite/project/vendor/laravel/framework/src/Illuminate/Database/Console/Migrations/ResetCommand.php(61): Illuminate\Database\Migrations\Migrator->rollback(false)
#11 [internal function]: Illuminate\Database\Console\Migrations\ResetCommand->fire()
#12 /Users/gabriellamer/PhpstormProjects/BoardGameWebsite/project/vendor/laravel/framework/src/Illuminate/Container/Container.php(523): call_user_func_array(Array, Array)
#13 /Users/gabriellamer/PhpstormProjects/BoardGameWebsite/project/vendor/laravel/framework/src/Illuminate/Console/Command.php(115): Illuminate\Container\Container->call(Array)
#14 /Users/gabriellamer/PhpstormProjects/BoardGameWebsite/project/vendor/symfony/console/Symfony/Component/Console/Command/Command.php(253): Illuminate\Console\Command->execute(Object(Symfony\Component\Console\Input\ArgvInput), Object(Symfony\Component\Console\Output\ConsoleOutput))
#15 /Users/gabriellamer/PhpstormProjects/BoardGameWebsite/project/vendor/laravel/framework/src/Illuminate/Console/Command.php(101): Symfony\Component\Console\Command\Command->run(Object(Symfony\Component\Console\Input\ArgvInput), Object(Symfony\Component\Console\Output\ConsoleOutput))
#16 /Users/gabriellamer/PhpstormProjects/BoardGameWebsite/project/vendor/symfony/console/Symfony/Component/Console/Application.php(874): Illuminate\Console\Command->run(Object(Symfony\Component\Console\Input\ArgvInput), Object(Symfony\Component\Console\Output\ConsoleOutput))
#17 /Users/gabriellamer/PhpstormProjects/BoardGameWebsite/project/vendor/symfony/console/Symfony/Component/Console/Application.php(195): Symfony\Component\Console\Application->doRunCommand(Object(Illuminate\Database\Console\Migrations\ResetCommand), Object(Symfony\Component\Console\Input\ArgvInput), Object(Symfony\Component\Console\Output\ConsoleOutput))
#18 /Users/gabriellamer/PhpstormProjects/BoardGameWebsite/project/vendor/symfony/console/Symfony/Component/Console/Application.php(126): Symfony\Component\Console\Application->doRun(Object(Symfony\Component\Console\Input\ArgvInput), Object(Symfony\Component\Console\Output\ConsoleOutput))
#19 /Users/gabriellamer/PhpstormProjects/BoardGameWebsite/project/vendor/laravel/framework/src/Illuminate/Foundation/Console/Kernel.php(91): Symfony\Component\Console\Application->run(Object(Symfony\Component\Console\Input\ArgvInput), Object(Symfony\Component\Console\Output\ConsoleOutput))
#20 /Users/gabriellamer/PhpstormProjects/BoardGameWebsite/project/artisan(36): Illuminate\Foundation\Console\Kernel->handle(Object(Symfony\Component\Console\Input\ArgvInput), Object(Symfony\Component\Console\Output\ConsoleOutput))
#21 {main}  
[2015-02-04 19:23:23] local.ERROR: exception 'Symfony\Component\Debug\Exception\FatalErrorException' with message 'Class 'CreateProductTagTable' not found' in /Users/gabriellamer/PhpstormProjects/BoardGameWebsite/project/vendor/laravel/framework/src/Illuminate/Database/Migrations/Migrator.php:301
Stack trace:
#0 /Users/gabriellamer/PhpstormProjects/BoardGameWebsite/project/vendor/laravel/framework/src/Illuminate/Foundation/Bootstrap/HandleExceptions.php(116): Illuminate\Foundation\Bootstrap\HandleExceptions->fatalExceptionFromError(Array)
#1 [internal function]: Illuminate\Foundation\Bootstrap\HandleExceptions->handleShutdown()
#2 {main}  
[2015-02-04 19:23:38] local.ERROR: exception 'Symfony\Component\Debug\Exception\FatalErrorException' with message 'Class 'CreateProductTagTable' not found' in /Users/gabriellamer/PhpstormProjects/BoardGameWebsite/project/vendor/laravel/framework/src/Illuminate/Database/Migrations/Migrator.php:301
Stack trace:
#0 /Users/gabriellamer/PhpstormProjects/BoardGameWebsite/project/vendor/laravel/framework/src/Illuminate/Foundation/Bootstrap/HandleExceptions.php(116): Illuminate\Foundation\Bootstrap\HandleExceptions->fatalExceptionFromError(Array)
#1 [internal function]: Illuminate\Foundation\Bootstrap\HandleExceptions->handleShutdown()
#2 {main}  
[2015-02-04 21:54:48] local.ERROR: exception 'Symfony\Component\Debug\Exception\FatalErrorException' with message 'Class 'CreateOrderLinesTable' not found' in /Users/gabriellamer/PhpstormProjects/BoardGameWebsite/project/vendor/laravel/framework/src/Illuminate/Database/Migrations/Migrator.php:301
Stack trace:
#0 /Users/gabriellamer/PhpstormProjects/BoardGameWebsite/project/vendor/laravel/framework/src/Illuminate/Foundation/Bootstrap/HandleExceptions.php(116): Illuminate\Foundation\Bootstrap\HandleExceptions->fatalExceptionFromError(Array)
#1 [internal function]: Illuminate\Foundation\Bootstrap\HandleExceptions->handleShutdown()
#2 {main}  
[2015-02-04 22:03:43] local.ERROR: exception 'Symfony\Component\Debug\Exception\FatalErrorException' with message 'Class 'CreateLanguagesTable' not found' in /Users/gabriellamer/PhpstormProjects/BoardGameWebsite/project/vendor/laravel/framework/src/Illuminate/Database/Migrations/Migrator.php:301
Stack trace:
#0 /Users/gabriellamer/PhpstormProjects/BoardGameWebsite/project/vendor/laravel/framework/src/Illuminate/Foundation/Bootstrap/HandleExceptions.php(116): Illuminate\Foundation\Bootstrap\HandleExceptions->fatalExceptionFromError(Array)
#1 [internal function]: Illuminate\Foundation\Bootstrap\HandleExceptions->handleShutdown()
#2 {main}  
