[2015-02-15 00:06:56] local.ERROR: exception 'ReflectionException' with message 'Class App\Http\Controllers\Admin\UpdateUserRequest does not exist' in C:\wamp\www\CommerceElectronique\vendor\laravel\framework\src\Illuminate\Routing\RouteDependencyResolverTrait.php:53
Stack trace:
#0 C:\wamp\www\CommerceElectronique\vendor\laravel\framework\src\Illuminate\Routing\RouteDependencyResolverTrait.php(53): ReflectionParameter->getClass()
#1 C:\wamp\www\CommerceElectronique\vendor\laravel\framework\src\Illuminate\Routing\RouteDependencyResolverTrait.php(36): Illuminate\Routing\ControllerDispatcher->resolveMethodDependencies(Array, Object(ReflectionMethod))
#2 C:\wamp\www\CommerceElectronique\vendor\laravel\framework\src\Illuminate\Routing\ControllerDispatcher.php(160): Illuminate\Routing\ControllerDispatcher->resolveClassMethodDependencies(Array, Object(App\Http\Controllers\Admin\UsersController), 'update')
#3 C:\wamp\www\CommerceElectronique\vendor\laravel\framework\src\Illuminate\Routing\ControllerDispatcher.php(107): Illuminate\Routing\ControllerDispatcher->call(Object(App\Http\Controllers\Admin\UsersController), Object(Illuminate\Routing\Route), 'update')
#4 [internal function]: Illuminate\Routing\ControllerDispatcher->Illuminate\Routing\{closure}(Object(Illuminate\Http\Request))
#5 C:\wamp\www\CommerceElectronique\vendor\laravel\framework\src\Illuminate\Pipeline\Pipeline.php(141): call_user_func(Object(Closure), Object(Illuminate\Http\Request))
#6 [internal function]: Illuminate\Pipeline\Pipeline->Illuminate\Pipeline\{closure}(Object(Illuminate\Http\Request))
#7 C:\wamp\www\CommerceElectronique\vendor\laravel\framework\src\Illuminate\Pipeline\Pipeline.php(101): call_user_func(Object(Closure), Object(Illuminate\Http\Request))
#8 C:\wamp\www\CommerceElectronique\vendor\laravel\framework\src\Illuminate\Routing\ControllerDispatcher.php(108): Illuminate\Pipeline\Pipeline->then(Object(Closure))
#9 C:\wamp\www\CommerceElectronique\vendor\laravel\framework\src\Illuminate\Routing\ControllerDispatcher.php(67): Illuminate\Routing\ControllerDispatcher->callWithinStack(Object(App\Http\Controllers\Admin\UsersController), Object(Illuminate\Routing\Route), Object(Illuminate\Http\Request), 'update')
#10 C:\wamp\www\CommerceElectronique\vendor\laravel\framework\src\Illuminate\Routing\Route.php(198): Illuminate\Routing\ControllerDispatcher->dispatch(Object(Illuminate\Routing\Route), Object(Illuminate\Http\Request), 'App\\Http\\Contro...', 'update')
#11 C:\wamp\www\CommerceElectronique\vendor\laravel\framework\src\Illuminate\Routing\Route.php(131): Illuminate\Routing\Route->runWithCustomDispatcher(Object(Illuminate\Http\Request))
#12 C:\wamp\www\CommerceElectronique\vendor\laravel\framework\src\Illuminate\Routing\Router.php(689): Illuminate\Routing\Route->run(Object(Illuminate\Http\Request))
#13 [internal function]: Illuminate\Routing\Router->Illuminate\Routing\{closure}(Object(Illuminate\Http\Request))
#14 C:\wamp\www\CommerceElectronique\vendor\laravel\framework\src\Illuminate\Pipeline\Pipeline.php(141): call_user_func(Object(Closure), Object(Illuminate\Http\Request))
#15 [internal function]: Illuminate\Pipeline\Pipeline->Illuminate\Pipeline\{closure}(Object(Illuminate\Http\Request))
#16 C:\wamp\www\CommerceElectronique\vendor\laravel\framework\src\Illuminate\Pipeline\Pipeline.php(101): call_user_func(Object(Closure), Object(Illuminate\Http\Request))
#17 C:\wamp\www\CommerceElectronique\vendor\laravel\framework\src\Illuminate\Routing\Router.php(690): Illuminate\Pipeline\Pipeline->then(Object(Closure))
#18 C:\wamp\www\CommerceElectronique\vendor\laravel\framework\src\Illuminate\Routing\Router.php(660): Illuminate\Routing\Router->runRouteWithinStack(Object(Illuminate\Routing\Route), Object(Illuminate\Http\Request))
#19 C:\wamp\www\CommerceElectronique\vendor\laravel\framework\src\Illuminate\Routing\Router.php(618): Illuminate\Routing\Router->dispatchToRoute(Object(Illuminate\Http\Request))
#20 C:\wamp\www\CommerceElectronique\vendor\laravel\framework\src\Illuminate\Foundation\Http\Kernel.php(160): Illuminate\Routing\Router->dispatch(Object(Illuminate\Http\Request))
#21 [internal function]: Illuminate\Foundation\Http\Kernel->Illuminate\Foundation\Http\{closure}(Object(Illuminate\Http\Request))
#22 C:\wamp\www\CommerceElectronique\vendor\laravel\framework\src\Illuminate\Pipeline\Pipeline.php(141): call_user_func(Object(Closure), Object(Illuminate\Http\Request))
#23 C:\wamp\www\CommerceElectronique\vendor\laravel\framework\src\Illuminate\Foundation\Http\Middleware\VerifyCsrfToken.php(43): Illuminate\Pipeline\Pipeline->Illuminate\Pipeline\{closure}(Object(Illuminate\Http\Request))
#24 C:\wamp\www\CommerceElectronique\app\Http\Middleware\VerifyCsrfToken.php(17): Illuminate\Foundation\Http\Middleware\VerifyCsrfToken->handle(Object(Illuminate\Http\Request), Object(Closure))
#25 C:\wamp\www\CommerceElectronique\vendor\laravel\framework\src\Illuminate\Pipeline\Pipeline.php(125): App\Http\Middleware\VerifyCsrfToken->handle(Object(Illuminate\Http\Request), Object(Closure))
#26 C:\wamp\www\CommerceElectronique\vendor\laravel\framework\src\Illuminate\View\Middleware\ShareErrorsFromSession.php(55): Illuminate\Pipeline\Pipeline->Illuminate\Pipeline\{closure}(Object(Illuminate\Http\Request))
#27 C:\wamp\www\CommerceElectronique\vendor\laravel\framework\src\Illuminate\Pipeline\Pipeline.php(125): Illuminate\View\Middleware\ShareErrorsFromSession->handle(Object(Illuminate\Http\Request), Object(Closure))
#28 C:\wamp\www\CommerceElectronique\vendor\laravel\framework\src\Illuminate\Session\Middleware\StartSession.php(61): Illuminate\Pipeline\Pipeline->Illuminate\Pipeline\{closure}(Object(Illuminate\Http\Request))
#29 C:\wamp\www\CommerceElectronique\vendor\laravel\framework\src\Illuminate\Pipeline\Pipeline.php(125): Illuminate\Session\Middleware\StartSession->handle(Object(Illuminate\Http\Request), Object(Closure))
#30 C:\wamp\www\CommerceElectronique\vendor\laravel\framework\src\Illuminate\Cookie\Middleware\AddQueuedCookiesToResponse.php(36): Illuminate\Pipeline\Pipeline->Illuminate\Pipeline\{closure}(Object(Illuminate\Http\Request))
#31 C:\wamp\www\CommerceElectronique\vendor\laravel\framework\src\Illuminate\Pipeline\Pipeline.php(125): Illuminate\Cookie\Middleware\AddQueuedCookiesToResponse->handle(Object(Illuminate\Http\Request), Object(Closure))
#32 C:\wamp\www\CommerceElectronique\vendor\laravel\framework\src\Illuminate\Cookie\Middleware\EncryptCookies.php(40): Illuminate\Pipeline\Pipeline->Illuminate\Pipeline\{closure}(Object(Illuminate\Http\Request))
#33 C:\wamp\www\CommerceElectronique\vendor\laravel\framework\src\Illuminate\Pipeline\Pipeline.php(125): Illuminate\Cookie\Middleware\EncryptCookies->handle(Object(Illuminate\Http\Request), Object(Closure))
#34 C:\wamp\www\CommerceElectronique\vendor\laravel\framework\src\Illuminate\Foundation\Http\Middleware\CheckForMaintenanceMode.php(42): Illuminate\Pipeline\Pipeline->Illuminate\Pipeline\{closure}(Object(Illuminate\Http\Request))
#35 C:\wamp\www\CommerceElectronique\vendor\laravel\framework\src\Illuminate\Pipeline\Pipeline.php(125): Illuminate\Foundation\Http\Middleware\CheckForMaintenanceMode->handle(Object(Illuminate\Http\Request), Object(Closure))
#36 [internal function]: Illuminate\Pipeline\Pipeline->Illuminate\Pipeline\{closure}(Object(Illuminate\Http\Request))
#37 C:\wamp\www\CommerceElectronique\vendor\laravel\framework\src\Illuminate\Pipeline\Pipeline.php(101): call_user_func(Object(Closure), Object(Illuminate\Http\Request))
#38 C:\wamp\www\CommerceElectronique\vendor\laravel\framework\src\Illuminate\Foundation\Http\Kernel.php(111): Illuminate\Pipeline\Pipeline->then(Object(Closure))
#39 C:\wamp\www\CommerceElectronique\vendor\laravel\framework\src\Illuminate\Foundation\Http\Kernel.php(84): Illuminate\Foundation\Http\Kernel->sendRequestThroughRouter(Object(Illuminate\Http\Request))
#40 C:\wamp\www\CommerceElectronique\public\index.php(53): Illuminate\Foundation\Http\Kernel->handle(Object(Illuminate\Http\Request))
#41 {main}  
[2015-02-15 00:07:16] local.ERROR: exception 'InvalidArgumentException' with message 'Route [admin.users.show/1] not defined.' in C:\wamp\www\CommerceElectronique\vendor\laravel\framework\src\Illuminate\Routing\UrlGenerator.php:252
Stack trace:
#0 C:\wamp\www\CommerceElectronique\vendor\laravel\framework\src\Illuminate\Routing\Redirector.php(155): Illuminate\Routing\UrlGenerator->route('admin.users.sho...', Array)
#1 C:\wamp\www\CommerceElectronique\app\Http\Controllers\Admin\UsersController.php(97): Illuminate\Routing\Redirector->route('admin.users.sho...')
#2 [internal function]: App\Http\Controllers\Admin\UsersController->update(Object(App\Http\Requests\UpdateUserRequest), '1')
#3 C:\wamp\www\CommerceElectronique\vendor\laravel\framework\src\Illuminate\Routing\Controller.php(246): call_user_func_array(Array, Array)
#4 C:\wamp\www\CommerceElectronique\vendor\laravel\framework\src\Illuminate\Routing\ControllerDispatcher.php(162): Illuminate\Routing\Controller->callAction('update', Array)
#5 C:\wamp\www\CommerceElectronique\vendor\laravel\framework\src\Illuminate\Routing\ControllerDispatcher.php(107): Illuminate\Routing\ControllerDispatcher->call(Object(App\Http\Controllers\Admin\UsersController), Object(Illuminate\Routing\Route), 'update')
#6 [internal function]: Illuminate\Routing\ControllerDispatcher->Illuminate\Routing\{closure}(Object(Illuminate\Http\Request))
#7 C:\wamp\www\CommerceElectronique\vendor\laravel\framework\src\Illuminate\Pipeline\Pipeline.php(141): call_user_func(Object(Closure), Object(Illuminate\Http\Request))
#8 [internal function]: Illuminate\Pipeline\Pipeline->Illuminate\Pipeline\{closure}(Object(Illuminate\Http\Request))
#9 C:\wamp\www\CommerceElectronique\vendor\laravel\framework\src\Illuminate\Pipeline\Pipeline.php(101): call_user_func(Object(Closure), Object(Illuminate\Http\Request))
#10 C:\wamp\www\CommerceElectronique\vendor\laravel\framework\src\Illuminate\Routing\ControllerDispatcher.php(108): Illuminate\Pipeline\Pipeline->then(Object(Closure))
#11 C:\wamp\www\CommerceElectronique\vendor\laravel\framework\src\Illuminate\Routing\ControllerDispatcher.php(67): Illuminate\Routing\ControllerDispatcher->callWithinStack(Object(App\Http\Controllers\Admin\UsersController), Object(Illuminate\Routing\Route), Object(Illuminate\Http\Request), 'update')
#12 C:\wamp\www\CommerceElectronique\vendor\laravel\framework\src\Illuminate\Routing\Route.php(198): Illuminate\Routing\ControllerDispatcher->dispatch(Object(Illuminate\Routing\Route), Object(Illuminate\Http\Request), 'App\\Http\\Contro...', 'update')
#13 C:\wamp\www\CommerceElectronique\vendor\laravel\framework\src\Illuminate\Routing\Route.php(131): Illuminate\Routing\Route->runWithCustomDispatcher(Object(Illuminate\Http\Request))
#14 C:\wamp\www\CommerceElectronique\vendor\laravel\framework\src\Illuminate\Routing\Router.php(689): Illuminate\Routing\Route->run(Object(Illuminate\Http\Request))
#15 [internal function]: Illuminate\Routing\Router->Illuminate\Routing\{closure}(Object(Illuminate\Http\Request))
#16 C:\wamp\www\CommerceElectronique\vendor\laravel\framework\src\Illuminate\Pipeline\Pipeline.php(141): call_user_func(Object(Closure), Object(Illuminate\Http\Request))
#17 [internal function]: Illuminate\Pipeline\Pipeline->Illuminate\Pipeline\{closure}(Object(Illuminate\Http\Request))
#18 C:\wamp\www\CommerceElectronique\vendor\laravel\framework\src\Illuminate\Pipeline\Pipeline.php(101): call_user_func(Object(Closure), Object(Illuminate\Http\Request))
#19 C:\wamp\www\CommerceElectronique\vendor\laravel\framework\src\Illuminate\Routing\Router.php(690): Illuminate\Pipeline\Pipeline->then(Object(Closure))
#20 C:\wamp\www\CommerceElectronique\vendor\laravel\framework\src\Illuminate\Routing\Router.php(660): Illuminate\Routing\Router->runRouteWithinStack(Object(Illuminate\Routing\Route), Object(Illuminate\Http\Request))
#21 C:\wamp\www\CommerceElectronique\vendor\laravel\framework\src\Illuminate\Routing\Router.php(618): Illuminate\Routing\Router->dispatchToRoute(Object(Illuminate\Http\Request))
#22 C:\wamp\www\CommerceElectronique\vendor\laravel\framework\src\Illuminate\Foundation\Http\Kernel.php(160): Illuminate\Routing\Router->dispatch(Object(Illuminate\Http\Request))
#23 [internal function]: Illuminate\Foundation\Http\Kernel->Illuminate\Foundation\Http\{closure}(Object(Illuminate\Http\Request))
#24 C:\wamp\www\CommerceElectronique\vendor\laravel\framework\src\Illuminate\Pipeline\Pipeline.php(141): call_user_func(Object(Closure), Object(Illuminate\Http\Request))
#25 C:\wamp\www\CommerceElectronique\vendor\laravel\framework\src\Illuminate\Foundation\Http\Middleware\VerifyCsrfToken.php(43): Illuminate\Pipeline\Pipeline->Illuminate\Pipeline\{closure}(Object(Illuminate\Http\Request))
#26 C:\wamp\www\CommerceElectronique\app\Http\Middleware\VerifyCsrfToken.php(17): Illuminate\Foundation\Http\Middleware\VerifyCsrfToken->handle(Object(Illuminate\Http\Request), Object(Closure))
#27 C:\wamp\www\CommerceElectronique\vendor\laravel\framework\src\Illuminate\Pipeline\Pipeline.php(125): App\Http\Middleware\VerifyCsrfToken->handle(Object(Illuminate\Http\Request), Object(Closure))
#28 C:\wamp\www\CommerceElectronique\vendor\laravel\framework\src\Illuminate\View\Middleware\ShareErrorsFromSession.php(55): Illuminate\Pipeline\Pipeline->Illuminate\Pipeline\{closure}(Object(Illuminate\Http\Request))
#29 C:\wamp\www\CommerceElectronique\vendor\laravel\framework\src\Illuminate\Pipeline\Pipeline.php(125): Illuminate\View\Middleware\ShareErrorsFromSession->handle(Object(Illuminate\Http\Request), Object(Closure))
#30 C:\wamp\www\CommerceElectronique\vendor\laravel\framework\src\Illuminate\Session\Middleware\StartSession.php(61): Illuminate\Pipeline\Pipeline->Illuminate\Pipeline\{closure}(Object(Illuminate\Http\Request))
#31 C:\wamp\www\CommerceElectronique\vendor\laravel\framework\src\Illuminate\Pipeline\Pipeline.php(125): Illuminate\Session\Middleware\StartSession->handle(Object(Illuminate\Http\Request), Object(Closure))
#32 C:\wamp\www\CommerceElectronique\vendor\laravel\framework\src\Illuminate\Cookie\Middleware\AddQueuedCookiesToResponse.php(36): Illuminate\Pipeline\Pipeline->Illuminate\Pipeline\{closure}(Object(Illuminate\Http\Request))
#33 C:\wamp\www\CommerceElectronique\vendor\laravel\framework\src\Illuminate\Pipeline\Pipeline.php(125): Illuminate\Cookie\Middleware\AddQueuedCookiesToResponse->handle(Object(Illuminate\Http\Request), Object(Closure))
#34 C:\wamp\www\CommerceElectronique\vendor\laravel\framework\src\Illuminate\Cookie\Middleware\EncryptCookies.php(40): Illuminate\Pipeline\Pipeline->Illuminate\Pipeline\{closure}(Object(Illuminate\Http\Request))
#35 C:\wamp\www\CommerceElectronique\vendor\laravel\framework\src\Illuminate\Pipeline\Pipeline.php(125): Illuminate\Cookie\Middleware\EncryptCookies->handle(Object(Illuminate\Http\Request), Object(Closure))
#36 C:\wamp\www\CommerceElectronique\vendor\laravel\framework\src\Illuminate\Foundation\Http\Middleware\CheckForMaintenanceMode.php(42): Illuminate\Pipeline\Pipeline->Illuminate\Pipeline\{closure}(Object(Illuminate\Http\Request))
#37 C:\wamp\www\CommerceElectronique\vendor\laravel\framework\src\Illuminate\Pipeline\Pipeline.php(125): Illuminate\Foundation\Http\Middleware\CheckForMaintenanceMode->handle(Object(Illuminate\Http\Request), Object(Closure))
#38 [internal function]: Illuminate\Pipeline\Pipeline->Illuminate\Pipeline\{closure}(Object(Illuminate\Http\Request))
#39 C:\wamp\www\CommerceElectronique\vendor\laravel\framework\src\Illuminate\Pipeline\Pipeline.php(101): call_user_func(Object(Closure), Object(Illuminate\Http\Request))
#40 C:\wamp\www\CommerceElectronique\vendor\laravel\framework\src\Illuminate\Foundation\Http\Kernel.php(111): Illuminate\Pipeline\Pipeline->then(Object(Closure))
#41 C:\wamp\www\CommerceElectronique\vendor\laravel\framework\src\Illuminate\Foundation\Http\Kernel.php(84): Illuminate\Foundation\Http\Kernel->sendRequestThroughRouter(Object(Illuminate\Http\Request))
#42 C:\wamp\www\CommerceElectronique\public\index.php(53): Illuminate\Foundation\Http\Kernel->handle(Object(Illuminate\Http\Request))
#43 {main}  
[2015-02-15 00:24:59] local.ERROR: exception 'ErrorException' with message 'Undefined variable: id' in C:\wamp\www\CommerceElectronique\app\Http\Requests\UpdateUserRequest.php:42
Stack trace:
#0 C:\wamp\www\CommerceElectronique\app\Http\Requests\UpdateUserRequest.php(42): Illuminate\Foundation\Bootstrap\HandleExceptions->handleError(8, 'Undefined varia...', 'C:\\wamp\\www\\Com...', 42, Array)
#1 [internal function]: App\Http\Requests\UpdateUserRequest->rules()
#2 C:\wamp\www\CommerceElectronique\vendor\laravel\framework\src\Illuminate\Container\Container.php(523): call_user_func_array(Array, Array)
#3 C:\wamp\www\CommerceElectronique\vendor\laravel\framework\src\Illuminate\Foundation\Http\FormRequest.php(81): Illuminate\Container\Container->call(Array)
#4 C:\wamp\www\CommerceElectronique\vendor\laravel\framework\src\Illuminate\Validation\ValidatesWhenResolvedTrait.php(18): Illuminate\Foundation\Http\FormRequest->getValidatorInstance()
#5 C:\wamp\www\CommerceElectronique\vendor\laravel\framework\src\Illuminate\Validation\ValidationServiceProvider.php(31): Illuminate\Foundation\Http\FormRequest->validate()
#6 C:\wamp\www\CommerceElectronique\vendor\laravel\framework\src\Illuminate\Container\Container.php(1089): Illuminate\Validation\ValidationServiceProvider->Illuminate\Validation\{closure}(Object(App\Http\Requests\UpdateUserRequest), Object(Illuminate\Foundation\Application))
#7 C:\wamp\www\CommerceElectronique\vendor\laravel\framework\src\Illuminate\Container\Container.php(1052): Illuminate\Container\Container->fireCallbackArray(Object(App\Http\Requests\UpdateUserRequest), Array)
#8 C:\wamp\www\CommerceElectronique\vendor\laravel\framework\src\Illuminate\Container\Container.php(679): Illuminate\Container\Container->fireResolvingCallbacks('App\\Http\\Reques...', Object(App\Http\Requests\UpdateUserRequest))
#9 C:\wamp\www\CommerceElectronique\vendor\laravel\framework\src\Illuminate\Foundation\Application.php(572): Illuminate\Container\Container->make('App\\Http\\Reques...', Array)
#10 C:\wamp\www\CommerceElectronique\vendor\laravel\framework\src\Illuminate\Routing\RouteDependencyResolverTrait.php(58): Illuminate\Foundation\Application->make('App\\Http\\Reques...')
#11 C:\wamp\www\CommerceElectronique\vendor\laravel\framework\src\Illuminate\Routing\RouteDependencyResolverTrait.php(36): Illuminate\Routing\ControllerDispatcher->resolveMethodDependencies(Array, Object(ReflectionMethod))
#12 C:\wamp\www\CommerceElectronique\vendor\laravel\framework\src\Illuminate\Routing\ControllerDispatcher.php(160): Illuminate\Routing\ControllerDispatcher->resolveClassMethodDependencies(Array, Object(App\Http\Controllers\Admin\UsersController), 'update')
#13 C:\wamp\www\CommerceElectronique\vendor\laravel\framework\src\Illuminate\Routing\ControllerDispatcher.php(107): Illuminate\Routing\ControllerDispatcher->call(Object(App\Http\Controllers\Admin\UsersController), Object(Illuminate\Routing\Route), 'update')
#14 [internal function]: Illuminate\Routing\ControllerDispatcher->Illuminate\Routing\{closure}(Object(Illuminate\Http\Request))
#15 C:\wamp\www\CommerceElectronique\vendor\laravel\framework\src\Illuminate\Pipeline\Pipeline.php(141): call_user_func(Object(Closure), Object(Illuminate\Http\Request))
#16 [internal function]: Illuminate\Pipeline\Pipeline->Illuminate\Pipeline\{closure}(Object(Illuminate\Http\Request))
#17 C:\wamp\www\CommerceElectronique\vendor\laravel\framework\src\Illuminate\Pipeline\Pipeline.php(101): call_user_func(Object(Closure), Object(Illuminate\Http\Request))
#18 C:\wamp\www\CommerceElectronique\vendor\laravel\framework\src\Illuminate\Routing\ControllerDispatcher.php(108): Illuminate\Pipeline\Pipeline->then(Object(Closure))
#19 C:\wamp\www\CommerceElectronique\vendor\laravel\framework\src\Illuminate\Routing\ControllerDispatcher.php(67): Illuminate\Routing\ControllerDispatcher->callWithinStack(Object(App\Http\Controllers\Admin\UsersController), Object(Illuminate\Routing\Route), Object(Illuminate\Http\Request), 'update')
#20 C:\wamp\www\CommerceElectronique\vendor\laravel\framework\src\Illuminate\Routing\Route.php(198): Illuminate\Routing\ControllerDispatcher->dispatch(Object(Illuminate\Routing\Route), Object(Illuminate\Http\Request), 'App\\Http\\Contro...', 'update')
#21 C:\wamp\www\CommerceElectronique\vendor\laravel\framework\src\Illuminate\Routing\Route.php(131): Illuminate\Routing\Route->runWithCustomDispatcher(Object(Illuminate\Http\Request))
#22 C:\wamp\www\CommerceElectronique\vendor\laravel\framework\src\Illuminate\Routing\Router.php(689): Illuminate\Routing\Route->run(Object(Illuminate\Http\Request))
#23 [internal function]: Illuminate\Routing\Router->Illuminate\Routing\{closure}(Object(Illuminate\Http\Request))
#24 C:\wamp\www\CommerceElectronique\vendor\laravel\framework\src\Illuminate\Pipeline\Pipeline.php(141): call_user_func(Object(Closure), Object(Illuminate\Http\Request))
#25 [internal function]: Illuminate\Pipeline\Pipeline->Illuminate\Pipeline\{closure}(Object(Illuminate\Http\Request))
#26 C:\wamp\www\CommerceElectronique\vendor\laravel\framework\src\Illuminate\Pipeline\Pipeline.php(101): call_user_func(Object(Closure), Object(Illuminate\Http\Request))
#27 C:\wamp\www\CommerceElectronique\vendor\laravel\framework\src\Illuminate\Routing\Router.php(690): Illuminate\Pipeline\Pipeline->then(Object(Closure))
#28 C:\wamp\www\CommerceElectronique\vendor\laravel\framework\src\Illuminate\Routing\Router.php(660): Illuminate\Routing\Router->runRouteWithinStack(Object(Illuminate\Routing\Route), Object(Illuminate\Http\Request))
#29 C:\wamp\www\CommerceElectronique\vendor\laravel\framework\src\Illuminate\Routing\Router.php(618): Illuminate\Routing\Router->dispatchToRoute(Object(Illuminate\Http\Request))
#30 C:\wamp\www\CommerceElectronique\vendor\laravel\framework\src\Illuminate\Foundation\Http\Kernel.php(160): Illuminate\Routing\Router->dispatch(Object(Illuminate\Http\Request))
#31 [internal function]: Illuminate\Foundation\Http\Kernel->Illuminate\Foundation\Http\{closure}(Object(Illuminate\Http\Request))
#32 C:\wamp\www\CommerceElectronique\vendor\laravel\framework\src\Illuminate\Pipeline\Pipeline.php(141): call_user_func(Object(Closure), Object(Illuminate\Http\Request))
#33 C:\wamp\www\CommerceElectronique\vendor\laravel\framework\src\Illuminate\Foundation\Http\Middleware\VerifyCsrfToken.php(43): Illuminate\Pipeline\Pipeline->Illuminate\Pipeline\{closure}(Object(Illuminate\Http\Request))
#34 C:\wamp\www\CommerceElectronique\app\Http\Middleware\VerifyCsrfToken.php(17): Illuminate\Foundation\Http\Middleware\VerifyCsrfToken->handle(Object(Illuminate\Http\Request), Object(Closure))
#35 C:\wamp\www\CommerceElectronique\vendor\laravel\framework\src\Illuminate\Pipeline\Pipeline.php(125): App\Http\Middleware\VerifyCsrfToken->handle(Object(Illuminate\Http\Request), Object(Closure))
#36 C:\wamp\www\CommerceElectronique\vendor\laravel\framework\src\Illuminate\View\Middleware\ShareErrorsFromSession.php(55): Illuminate\Pipeline\Pipeline->Illuminate\Pipeline\{closure}(Object(Illuminate\Http\Request))
#37 C:\wamp\www\CommerceElectronique\vendor\laravel\framework\src\Illuminate\Pipeline\Pipeline.php(125): Illuminate\View\Middleware\ShareErrorsFromSession->handle(Object(Illuminate\Http\Request), Object(Closure))
#38 C:\wamp\www\CommerceElectronique\vendor\laravel\framework\src\Illuminate\Session\Middleware\StartSession.php(61): Illuminate\Pipeline\Pipeline->Illuminate\Pipeline\{closure}(Object(Illuminate\Http\Request))
#39 C:\wamp\www\CommerceElectronique\vendor\laravel\framework\src\Illuminate\Pipeline\Pipeline.php(125): Illuminate\Session\Middleware\StartSession->handle(Object(Illuminate\Http\Request), Object(Closure))
#40 C:\wamp\www\CommerceElectronique\vendor\laravel\framework\src\Illuminate\Cookie\Middleware\AddQueuedCookiesToResponse.php(36): Illuminate\Pipeline\Pipeline->Illuminate\Pipeline\{closure}(Object(Illuminate\Http\Request))
#41 C:\wamp\www\CommerceElectronique\vendor\laravel\framework\src\Illuminate\Pipeline\Pipeline.php(125): Illuminate\Cookie\Middleware\AddQueuedCookiesToResponse->handle(Object(Illuminate\Http\Request), Object(Closure))
#42 C:\wamp\www\CommerceElectronique\vendor\laravel\framework\src\Illuminate\Cookie\Middleware\EncryptCookies.php(40): Illuminate\Pipeline\Pipeline->Illuminate\Pipeline\{closure}(Object(Illuminate\Http\Request))
#43 C:\wamp\www\CommerceElectronique\vendor\laravel\framework\src\Illuminate\Pipeline\Pipeline.php(125): Illuminate\Cookie\Middleware\EncryptCookies->handle(Object(Illuminate\Http\Request), Object(Closure))
#44 C:\wamp\www\CommerceElectronique\vendor\laravel\framework\src\Illuminate\Foundation\Http\Middleware\CheckForMaintenanceMode.php(42): Illuminate\Pipeline\Pipeline->Illuminate\Pipeline\{closure}(Object(Illuminate\Http\Request))
#45 C:\wamp\www\CommerceElectronique\vendor\laravel\framework\src\Illuminate\Pipeline\Pipeline.php(125): Illuminate\Foundation\Http\Middleware\CheckForMaintenanceMode->handle(Object(Illuminate\Http\Request), Object(Closure))
#46 [internal function]: Illuminate\Pipeline\Pipeline->Illuminate\Pipeline\{closure}(Object(Illuminate\Http\Request))
#47 C:\wamp\www\CommerceElectronique\vendor\laravel\framework\src\Illuminate\Pipeline\Pipeline.php(101): call_user_func(Object(Closure), Object(Illuminate\Http\Request))
#48 C:\wamp\www\CommerceElectronique\vendor\laravel\framework\src\Illuminate\Foundation\Http\Kernel.php(111): Illuminate\Pipeline\Pipeline->then(Object(Closure))
#49 C:\wamp\www\CommerceElectronique\vendor\laravel\framework\src\Illuminate\Foundation\Http\Kernel.php(84): Illuminate\Foundation\Http\Kernel->sendRequestThroughRouter(Object(Illuminate\Http\Request))
#50 C:\wamp\www\CommerceElectronique\public\index.php(53): Illuminate\Foundation\Http\Kernel->handle(Object(Illuminate\Http\Request))
#51 {main}  
[2015-02-15 00:27:34] local.ERROR: exception 'PDOException' with message 'SQLSTATE[23000]: Integrity constraint violation: 1062 Duplicate entry 'Johnyy' for key 'idx_username'' in C:\wamp\www\CommerceElectronique\vendor\laravel\framework\src\Illuminate\Database\Connection.php:380
Stack trace:
#0 C:\wamp\www\CommerceElectronique\vendor\laravel\framework\src\Illuminate\Database\Connection.php(380): PDOStatement->execute(Array)
#1 C:\wamp\www\CommerceElectronique\vendor\laravel\framework\src\Illuminate\Database\Connection.php(606): Illuminate\Database\Connection->Illuminate\Database\{closure}(Object(Illuminate\Database\MySqlConnection), 'update `users` ...', Array)
#2 C:\wamp\www\CommerceElectronique\vendor\laravel\framework\src\Illuminate\Database\Connection.php(570): Illuminate\Database\Connection->runQueryCallback('update `users` ...', Array, Object(Closure))
#3 C:\wamp\www\CommerceElectronique\vendor\laravel\framework\src\Illuminate\Database\Connection.php(383): Illuminate\Database\Connection->run('update `users` ...', Array, Object(Closure))
#4 C:\wamp\www\CommerceElectronique\vendor\laravel\framework\src\Illuminate\Database\Connection.php(328): Illuminate\Database\Connection->affectingStatement('update `users` ...', Array)
#5 C:\wamp\www\CommerceElectronique\vendor\laravel\framework\src\Illuminate\Database\Query\Builder.php(1732): Illuminate\Database\Connection->update('update `users` ...', Array)
#6 C:\wamp\www\CommerceElectronique\vendor\laravel\framework\src\Illuminate\Database\Eloquent\Builder.php(288): Illuminate\Database\Query\Builder->update(Array)
#7 C:\wamp\www\CommerceElectronique\vendor\laravel\framework\src\Illuminate\Database\Eloquent\Model.php(1568): Illuminate\Database\Eloquent\Builder->update(Array)
#8 C:\wamp\www\CommerceElectronique\vendor\laravel\framework\src\Illuminate\Database\Eloquent\Model.php(1501): Illuminate\Database\Eloquent\Model->performUpdate(Object(Illuminate\Database\Eloquent\Builder), Array)
#9 C:\wamp\www\CommerceElectronique\vendor\laravel\framework\src\Illuminate\Database\Eloquent\Model.php(1449): Illuminate\Database\Eloquent\Model->save()
#10 C:\wamp\www\CommerceElectronique\app\Http\Controllers\Admin\UsersController.php(95): Illuminate\Database\Eloquent\Model->update(Array)
#11 [internal function]: App\Http\Controllers\Admin\UsersController->update(Object(App\Http\Requests\UpdateUserRequest), '15')
#12 C:\wamp\www\CommerceElectronique\vendor\laravel\framework\src\Illuminate\Routing\Controller.php(246): call_user_func_array(Array, Array)
#13 C:\wamp\www\CommerceElectronique\vendor\laravel\framework\src\Illuminate\Routing\ControllerDispatcher.php(162): Illuminate\Routing\Controller->callAction('update', Array)
#14 C:\wamp\www\CommerceElectronique\vendor\laravel\framework\src\Illuminate\Routing\ControllerDispatcher.php(107): Illuminate\Routing\ControllerDispatcher->call(Object(App\Http\Controllers\Admin\UsersController), Object(Illuminate\Routing\Route), 'update')
#15 [internal function]: Illuminate\Routing\ControllerDispatcher->Illuminate\Routing\{closure}(Object(Illuminate\Http\Request))
#16 C:\wamp\www\CommerceElectronique\vendor\laravel\framework\src\Illuminate\Pipeline\Pipeline.php(141): call_user_func(Object(Closure), Object(Illuminate\Http\Request))
#17 [internal function]: Illuminate\Pipeline\Pipeline->Illuminate\Pipeline\{closure}(Object(Illuminate\Http\Request))
#18 C:\wamp\www\CommerceElectronique\vendor\laravel\framework\src\Illuminate\Pipeline\Pipeline.php(101): call_user_func(Object(Closure), Object(Illuminate\Http\Request))
#19 C:\wamp\www\CommerceElectronique\vendor\laravel\framework\src\Illuminate\Routing\ControllerDispatcher.php(108): Illuminate\Pipeline\Pipeline->then(Object(Closure))
#20 C:\wamp\www\CommerceElectronique\vendor\laravel\framework\src\Illuminate\Routing\ControllerDispatcher.php(67): Illuminate\Routing\ControllerDispatcher->callWithinStack(Object(App\Http\Controllers\Admin\UsersController), Object(Illuminate\Routing\Route), Object(Illuminate\Http\Request), 'update')
#21 C:\wamp\www\CommerceElectronique\vendor\laravel\framework\src\Illuminate\Routing\Route.php(198): Illuminate\Routing\ControllerDispatcher->dispatch(Object(Illuminate\Routing\Route), Object(Illuminate\Http\Request), 'App\\Http\\Contro...', 'update')
#22 C:\wamp\www\CommerceElectronique\vendor\laravel\framework\src\Illuminate\Routing\Route.php(131): Illuminate\Routing\Route->runWithCustomDispatcher(Object(Illuminate\Http\Request))
#23 C:\wamp\www\CommerceElectronique\vendor\laravel\framework\src\Illuminate\Routing\Router.php(689): Illuminate\Routing\Route->run(Object(Illuminate\Http\Request))
#24 [internal function]: Illuminate\Routing\Router->Illuminate\Routing\{closure}(Object(Illuminate\Http\Request))
#25 C:\wamp\www\CommerceElectronique\vendor\laravel\framework\src\Illuminate\Pipeline\Pipeline.php(141): call_user_func(Object(Closure), Object(Illuminate\Http\Request))
#26 [internal function]: Illuminate\Pipeline\Pipeline->Illuminate\Pipeline\{closure}(Object(Illuminate\Http\Request))
#27 C:\wamp\www\CommerceElectronique\vendor\laravel\framework\src\Illuminate\Pipeline\Pipeline.php(101): call_user_func(Object(Closure), Object(Illuminate\Http\Request))
#28 C:\wamp\www\CommerceElectronique\vendor\laravel\framework\src\Illuminate\Routing\Router.php(690): Illuminate\Pipeline\Pipeline->then(Object(Closure))
#29 C:\wamp\www\CommerceElectronique\vendor\laravel\framework\src\Illuminate\Routing\Router.php(660): Illuminate\Routing\Router->runRouteWithinStack(Object(Illuminate\Routing\Route), Object(Illuminate\Http\Request))
#30 C:\wamp\www\CommerceElectronique\vendor\laravel\framework\src\Illuminate\Routing\Router.php(618): Illuminate\Routing\Router->dispatchToRoute(Object(Illuminate\Http\Request))
#31 C:\wamp\www\CommerceElectronique\vendor\laravel\framework\src\Illuminate\Foundation\Http\Kernel.php(160): Illuminate\Routing\Router->dispatch(Object(Illuminate\Http\Request))
#32 [internal function]: Illuminate\Foundation\Http\Kernel->Illuminate\Foundation\Http\{closure}(Object(Illuminate\Http\Request))
#33 C:\wamp\www\CommerceElectronique\vendor\laravel\framework\src\Illuminate\Pipeline\Pipeline.php(141): call_user_func(Object(Closure), Object(Illuminate\Http\Request))
#34 C:\wamp\www\CommerceElectronique\vendor\laravel\framework\src\Illuminate\Foundation\Http\Middleware\VerifyCsrfToken.php(43): Illuminate\Pipeline\Pipeline->Illuminate\Pipeline\{closure}(Object(Illuminate\Http\Request))
#35 C:\wamp\www\CommerceElectronique\app\Http\Middleware\VerifyCsrfToken.php(17): Illuminate\Foundation\Http\Middleware\VerifyCsrfToken->handle(Object(Illuminate\Http\Request), Object(Closure))
#36 C:\wamp\www\CommerceElectronique\vendor\laravel\framework\src\Illuminate\Pipeline\Pipeline.php(125): App\Http\Middleware\VerifyCsrfToken->handle(Object(Illuminate\Http\Request), Object(Closure))
#37 C:\wamp\www\CommerceElectronique\vendor\laravel\framework\src\Illuminate\View\Middleware\ShareErrorsFromSession.php(55): Illuminate\Pipeline\Pipeline->Illuminate\Pipeline\{closure}(Object(Illuminate\Http\Request))
#38 C:\wamp\www\CommerceElectronique\vendor\laravel\framework\src\Illuminate\Pipeline\Pipeline.php(125): Illuminate\View\Middleware\ShareErrorsFromSession->handle(Object(Illuminate\Http\Request), Object(Closure))
#39 C:\wamp\www\CommerceElectronique\vendor\laravel\framework\src\Illuminate\Session\Middleware\StartSession.php(61): Illuminate\Pipeline\Pipeline->Illuminate\Pipeline\{closure}(Object(Illuminate\Http\Request))
#40 C:\wamp\www\CommerceElectronique\vendor\laravel\framework\src\Illuminate\Pipeline\Pipeline.php(125): Illuminate\Session\Middleware\StartSession->handle(Object(Illuminate\Http\Request), Object(Closure))
#41 C:\wamp\www\CommerceElectronique\vendor\laravel\framework\src\Illuminate\Cookie\Middleware\AddQueuedCookiesToResponse.php(36): Illuminate\Pipeline\Pipeline->Illuminate\Pipeline\{closure}(Object(Illuminate\Http\Request))
#42 C:\wamp\www\CommerceElectronique\vendor\laravel\framework\src\Illuminate\Pipeline\Pipeline.php(125): Illuminate\Cookie\Middleware\AddQueuedCookiesToResponse->handle(Object(Illuminate\Http\Request), Object(Closure))
#43 C:\wamp\www\CommerceElectronique\vendor\laravel\framework\src\Illuminate\Cookie\Middleware\EncryptCookies.php(40): Illuminate\Pipeline\Pipeline->Illuminate\Pipeline\{closure}(Object(Illuminate\Http\Request))
#44 C:\wamp\www\CommerceElectronique\vendor\laravel\framework\src\Illuminate\Pipeline\Pipeline.php(125): Illuminate\Cookie\Middleware\EncryptCookies->handle(Object(Illuminate\Http\Request), Object(Closure))
#45 C:\wamp\www\CommerceElectronique\vendor\laravel\framework\src\Illuminate\Foundation\Http\Middleware\CheckForMaintenanceMode.php(42): Illuminate\Pipeline\Pipeline->Illuminate\Pipeline\{closure}(Object(Illuminate\Http\Request))
#46 C:\wamp\www\CommerceElectronique\vendor\laravel\framework\src\Illuminate\Pipeline\Pipeline.php(125): Illuminate\Foundation\Http\Middleware\CheckForMaintenanceMode->handle(Object(Illuminate\Http\Request), Object(Closure))
#47 [internal function]: Illuminate\Pipeline\Pipeline->Illuminate\Pipeline\{closure}(Object(Illuminate\Http\Request))
#48 C:\wamp\www\CommerceElectronique\vendor\laravel\framework\src\Illuminate\Pipeline\Pipeline.php(101): call_user_func(Object(Closure), Object(Illuminate\Http\Request))
#49 C:\wamp\www\CommerceElectronique\vendor\laravel\framework\src\Illuminate\Foundation\Http\Kernel.php(111): Illuminate\Pipeline\Pipeline->then(Object(Closure))
#50 C:\wamp\www\CommerceElectronique\vendor\laravel\framework\src\Illuminate\Foundation\Http\Kernel.php(84): Illuminate\Foundation\Http\Kernel->sendRequestThroughRouter(Object(Illuminate\Http\Request))
#51 C:\wamp\www\CommerceElectronique\public\index.php(53): Illuminate\Foundation\Http\Kernel->handle(Object(Illuminate\Http\Request))
#52 {main}

Next exception 'Illuminate\Database\QueryException' with message 'SQLSTATE[23000]: Integrity constraint violation: 1062 Duplicate entry 'Johnyy' for key 'idx_username' (SQL: update `users` set `username` = Johnyy, `updated_at` = 2015-02-15 00:27:34 where `id` = 15)' in C:\wamp\www\CommerceElectronique\vendor\laravel\framework\src\Illuminate\Database\Connection.php:614
Stack trace:
#0 C:\wamp\www\CommerceElectronique\vendor\laravel\framework\src\Illuminate\Database\Connection.php(570): Illuminate\Database\Connection->runQueryCallback('update `users` ...', Array, Object(Closure))
#1 C:\wamp\www\CommerceElectronique\vendor\laravel\framework\src\Illuminate\Database\Connection.php(383): Illuminate\Database\Connection->run('update `users` ...', Array, Object(Closure))
#2 C:\wamp\www\CommerceElectronique\vendor\laravel\framework\src\Illuminate\Database\Connection.php(328): Illuminate\Database\Connection->affectingStatement('update `users` ...', Array)
#3 C:\wamp\www\CommerceElectronique\vendor\laravel\framework\src\Illuminate\Database\Query\Builder.php(1732): Illuminate\Database\Connection->update('update `users` ...', Array)
#4 C:\wamp\www\CommerceElectronique\vendor\laravel\framework\src\Illuminate\Database\Eloquent\Builder.php(288): Illuminate\Database\Query\Builder->update(Array)
#5 C:\wamp\www\CommerceElectronique\vendor\laravel\framework\src\Illuminate\Database\Eloquent\Model.php(1568): Illuminate\Database\Eloquent\Builder->update(Array)
#6 C:\wamp\www\CommerceElectronique\vendor\laravel\framework\src\Illuminate\Database\Eloquent\Model.php(1501): Illuminate\Database\Eloquent\Model->performUpdate(Object(Illuminate\Database\Eloquent\Builder), Array)
#7 C:\wamp\www\CommerceElectronique\vendor\laravel\framework\src\Illuminate\Database\Eloquent\Model.php(1449): Illuminate\Database\Eloquent\Model->save()
#8 C:\wamp\www\CommerceElectronique\app\Http\Controllers\Admin\UsersController.php(95): Illuminate\Database\Eloquent\Model->update(Array)
#9 [internal function]: App\Http\Controllers\Admin\UsersController->update(Object(App\Http\Requests\UpdateUserRequest), '15')
#10 C:\wamp\www\CommerceElectronique\vendor\laravel\framework\src\Illuminate\Routing\Controller.php(246): call_user_func_array(Array, Array)
#11 C:\wamp\www\CommerceElectronique\vendor\laravel\framework\src\Illuminate\Routing\ControllerDispatcher.php(162): Illuminate\Routing\Controller->callAction('update', Array)
#12 C:\wamp\www\CommerceElectronique\vendor\laravel\framework\src\Illuminate\Routing\ControllerDispatcher.php(107): Illuminate\Routing\ControllerDispatcher->call(Object(App\Http\Controllers\Admin\UsersController), Object(Illuminate\Routing\Route), 'update')
#13 [internal function]: Illuminate\Routing\ControllerDispatcher->Illuminate\Routing\{closure}(Object(Illuminate\Http\Request))
#14 C:\wamp\www\CommerceElectronique\vendor\laravel\framework\src\Illuminate\Pipeline\Pipeline.php(141): call_user_func(Object(Closure), Object(Illuminate\Http\Request))
#15 [internal function]: Illuminate\Pipeline\Pipeline->Illuminate\Pipeline\{closure}(Object(Illuminate\Http\Request))
#16 C:\wamp\www\CommerceElectronique\vendor\laravel\framework\src\Illuminate\Pipeline\Pipeline.php(101): call_user_func(Object(Closure), Object(Illuminate\Http\Request))
#17 C:\wamp\www\CommerceElectronique\vendor\laravel\framework\src\Illuminate\Routing\ControllerDispatcher.php(108): Illuminate\Pipeline\Pipeline->then(Object(Closure))
#18 C:\wamp\www\CommerceElectronique\vendor\laravel\framework\src\Illuminate\Routing\ControllerDispatcher.php(67): Illuminate\Routing\ControllerDispatcher->callWithinStack(Object(App\Http\Controllers\Admin\UsersController), Object(Illuminate\Routing\Route), Object(Illuminate\Http\Request), 'update')
#19 C:\wamp\www\CommerceElectronique\vendor\laravel\framework\src\Illuminate\Routing\Route.php(198): Illuminate\Routing\ControllerDispatcher->dispatch(Object(Illuminate\Routing\Route), Object(Illuminate\Http\Request), 'App\\Http\\Contro...', 'update')
#20 C:\wamp\www\CommerceElectronique\vendor\laravel\framework\src\Illuminate\Routing\Route.php(131): Illuminate\Routing\Route->runWithCustomDispatcher(Object(Illuminate\Http\Request))
#21 C:\wamp\www\CommerceElectronique\vendor\laravel\framework\src\Illuminate\Routing\Router.php(689): Illuminate\Routing\Route->run(Object(Illuminate\Http\Request))
#22 [internal function]: Illuminate\Routing\Router->Illuminate\Routing\{closure}(Object(Illuminate\Http\Request))
#23 C:\wamp\www\CommerceElectronique\vendor\laravel\framework\src\Illuminate\Pipeline\Pipeline.php(141): call_user_func(Object(Closure), Object(Illuminate\Http\Request))
#24 [internal function]: Illuminate\Pipeline\Pipeline->Illuminate\Pipeline\{closure}(Object(Illuminate\Http\Request))
#25 C:\wamp\www\CommerceElectronique\vendor\laravel\framework\src\Illuminate\Pipeline\Pipeline.php(101): call_user_func(Object(Closure), Object(Illuminate\Http\Request))
#26 C:\wamp\www\CommerceElectronique\vendor\laravel\framework\src\Illuminate\Routing\Router.php(690): Illuminate\Pipeline\Pipeline->then(Object(Closure))
#27 C:\wamp\www\CommerceElectronique\vendor\laravel\framework\src\Illuminate\Routing\Router.php(660): Illuminate\Routing\Router->runRouteWithinStack(Object(Illuminate\Routing\Route), Object(Illuminate\Http\Request))
#28 C:\wamp\www\CommerceElectronique\vendor\laravel\framework\src\Illuminate\Routing\Router.php(618): Illuminate\Routing\Router->dispatchToRoute(Object(Illuminate\Http\Request))
#29 C:\wamp\www\CommerceElectronique\vendor\laravel\framework\src\Illuminate\Foundation\Http\Kernel.php(160): Illuminate\Routing\Router->dispatch(Object(Illuminate\Http\Request))
#30 [internal function]: Illuminate\Foundation\Http\Kernel->Illuminate\Foundation\Http\{closure}(Object(Illuminate\Http\Request))
#31 C:\wamp\www\CommerceElectronique\vendor\laravel\framework\src\Illuminate\Pipeline\Pipeline.php(141): call_user_func(Object(Closure), Object(Illuminate\Http\Request))
#32 C:\wamp\www\CommerceElectronique\vendor\laravel\framework\src\Illuminate\Foundation\Http\Middleware\VerifyCsrfToken.php(43): Illuminate\Pipeline\Pipeline->Illuminate\Pipeline\{closure}(Object(Illuminate\Http\Request))
#33 C:\wamp\www\CommerceElectronique\app\Http\Middleware\VerifyCsrfToken.php(17): Illuminate\Foundation\Http\Middleware\VerifyCsrfToken->handle(Object(Illuminate\Http\Request), Object(Closure))
#34 C:\wamp\www\CommerceElectronique\vendor\laravel\framework\src\Illuminate\Pipeline\Pipeline.php(125): App\Http\Middleware\VerifyCsrfToken->handle(Object(Illuminate\Http\Request), Object(Closure))
#35 C:\wamp\www\CommerceElectronique\vendor\laravel\framework\src\Illuminate\View\Middleware\ShareErrorsFromSession.php(55): Illuminate\Pipeline\Pipeline->Illuminate\Pipeline\{closure}(Object(Illuminate\Http\Request))
#36 C:\wamp\www\CommerceElectronique\vendor\laravel\framework\src\Illuminate\Pipeline\Pipeline.php(125): Illuminate\View\Middleware\ShareErrorsFromSession->handle(Object(Illuminate\Http\Request), Object(Closure))
#37 C:\wamp\www\CommerceElectronique\vendor\laravel\framework\src\Illuminate\Session\Middleware\StartSession.php(61): Illuminate\Pipeline\Pipeline->Illuminate\Pipeline\{closure}(Object(Illuminate\Http\Request))
#38 C:\wamp\www\CommerceElectronique\vendor\laravel\framework\src\Illuminate\Pipeline\Pipeline.php(125): Illuminate\Session\Middleware\StartSession->handle(Object(Illuminate\Http\Request), Object(Closure))
#39 C:\wamp\www\CommerceElectronique\vendor\laravel\framework\src\Illuminate\Cookie\Middleware\AddQueuedCookiesToResponse.php(36): Illuminate\Pipeline\Pipeline->Illuminate\Pipeline\{closure}(Object(Illuminate\Http\Request))
#40 C:\wamp\www\CommerceElectronique\vendor\laravel\framework\src\Illuminate\Pipeline\Pipeline.php(125): Illuminate\Cookie\Middleware\AddQueuedCookiesToResponse->handle(Object(Illuminate\Http\Request), Object(Closure))
#41 C:\wamp\www\CommerceElectronique\vendor\laravel\framework\src\Illuminate\Cookie\Middleware\EncryptCookies.php(40): Illuminate\Pipeline\Pipeline->Illuminate\Pipeline\{closure}(Object(Illuminate\Http\Request))
#42 C:\wamp\www\CommerceElectronique\vendor\laravel\framework\src\Illuminate\Pipeline\Pipeline.php(125): Illuminate\Cookie\Middleware\EncryptCookies->handle(Object(Illuminate\Http\Request), Object(Closure))
#43 C:\wamp\www\CommerceElectronique\vendor\laravel\framework\src\Illuminate\Foundation\Http\Middleware\CheckForMaintenanceMode.php(42): Illuminate\Pipeline\Pipeline->Illuminate\Pipeline\{closure}(Object(Illuminate\Http\Request))
#44 C:\wamp\www\CommerceElectronique\vendor\laravel\framework\src\Illuminate\Pipeline\Pipeline.php(125): Illuminate\Foundation\Http\Middleware\CheckForMaintenanceMode->handle(Object(Illuminate\Http\Request), Object(Closure))
#45 [internal function]: Illuminate\Pipeline\Pipeline->Illuminate\Pipeline\{closure}(Object(Illuminate\Http\Request))
#46 C:\wamp\www\CommerceElectronique\vendor\laravel\framework\src\Illuminate\Pipeline\Pipeline.php(101): call_user_func(Object(Closure), Object(Illuminate\Http\Request))
#47 C:\wamp\www\CommerceElectronique\vendor\laravel\framework\src\Illuminate\Foundation\Http\Kernel.php(111): Illuminate\Pipeline\Pipeline->then(Object(Closure))
#48 C:\wamp\www\CommerceElectronique\vendor\laravel\framework\src\Illuminate\Foundation\Http\Kernel.php(84): Illuminate\Foundation\Http\Kernel->sendRequestThroughRouter(Object(Illuminate\Http\Request))
#49 C:\wamp\www\CommerceElectronique\public\index.php(53): Illuminate\Foundation\Http\Kernel->handle(Object(Illuminate\Http\Request))
#50 {main}  
[2015-02-15 00:40:07] local.ERROR: exception 'ErrorException' with message 'Trying to get property of non-object' in C:\wamp\www\CommerceElectronique\storage\framework\views\7fd19382d11112942f01638a8813f867:64
Stack trace:
#0 C:\wamp\www\CommerceElectronique\storage\framework\views\7fd19382d11112942f01638a8813f867(64): Illuminate\Foundation\Bootstrap\HandleExceptions->handleError(8, 'Trying to get p...', 'C:\\wamp\\www\\Com...', 64, Array)
#1 C:\wamp\www\CommerceElectronique\vendor\laravel\framework\src\Illuminate\View\Engines\PhpEngine.php(39): include('C:\\wamp\\www\\Com...')
#2 C:\wamp\www\CommerceElectronique\vendor\laravel\framework\src\Illuminate\View\Engines\CompilerEngine.php(57): Illuminate\View\Engines\PhpEngine->evaluatePath('C:\\wamp\\www\\Com...', Array)
#3 C:\wamp\www\CommerceElectronique\vendor\laravel\framework\src\Illuminate\View\View.php(136): Illuminate\View\Engines\CompilerEngine->get('C:\\wamp\\www\\Com...', Array)
#4 C:\wamp\www\CommerceElectronique\vendor\laravel\framework\src\Illuminate\View\View.php(104): Illuminate\View\View->getContents()
#5 C:\wamp\www\CommerceElectronique\vendor\laravel\framework\src\Illuminate\View\View.php(78): Illuminate\View\View->renderContents()
#6 C:\wamp\www\CommerceElectronique\vendor\laravel\framework\src\Illuminate\Http\Response.php(44): Illuminate\View\View->render()
#7 C:\wamp\www\CommerceElectronique\vendor\symfony\http-foundation\Symfony\Component\HttpFoundation\Response.php(202): Illuminate\Http\Response->setContent(Object(Illuminate\View\View))
#8 C:\wamp\www\CommerceElectronique\vendor\laravel\framework\src\Illuminate\Routing\Router.php(1185): Symfony\Component\HttpFoundation\Response->__construct(Object(Illuminate\View\View))
#9 C:\wamp\www\CommerceElectronique\vendor\laravel\framework\src\Illuminate\Routing\Router.php(663): Illuminate\Routing\Router->prepareResponse(Object(Illuminate\Http\Request), Object(Illuminate\View\View))
#10 C:\wamp\www\CommerceElectronique\vendor\laravel\framework\src\Illuminate\Routing\Router.php(618): Illuminate\Routing\Router->dispatchToRoute(Object(Illuminate\Http\Request))
#11 C:\wamp\www\CommerceElectronique\vendor\laravel\framework\src\Illuminate\Foundation\Http\Kernel.php(160): Illuminate\Routing\Router->dispatch(Object(Illuminate\Http\Request))
#12 [internal function]: Illuminate\Foundation\Http\Kernel->Illuminate\Foundation\Http\{closure}(Object(Illuminate\Http\Request))
#13 C:\wamp\www\CommerceElectronique\vendor\laravel\framework\src\Illuminate\Pipeline\Pipeline.php(141): call_user_func(Object(Closure), Object(Illuminate\Http\Request))
#14 C:\wamp\www\CommerceElectronique\vendor\laravel\framework\src\Illuminate\Foundation\Http\Middleware\VerifyCsrfToken.php(43): Illuminate\Pipeline\Pipeline->Illuminate\Pipeline\{closure}(Object(Illuminate\Http\Request))
#15 C:\wamp\www\CommerceElectronique\app\Http\Middleware\VerifyCsrfToken.php(17): Illuminate\Foundation\Http\Middleware\VerifyCsrfToken->handle(Object(Illuminate\Http\Request), Object(Closure))
#16 C:\wamp\www\CommerceElectronique\vendor\laravel\framework\src\Illuminate\Pipeline\Pipeline.php(125): App\Http\Middleware\VerifyCsrfToken->handle(Object(Illuminate\Http\Request), Object(Closure))
#17 C:\wamp\www\CommerceElectronique\vendor\laravel\framework\src\Illuminate\View\Middleware\ShareErrorsFromSession.php(55): Illuminate\Pipeline\Pipeline->Illuminate\Pipeline\{closure}(Object(Illuminate\Http\Request))
#18 C:\wamp\www\CommerceElectronique\vendor\laravel\framework\src\Illuminate\Pipeline\Pipeline.php(125): Illuminate\View\Middleware\ShareErrorsFromSession->handle(Object(Illuminate\Http\Request), Object(Closure))
#19 C:\wamp\www\CommerceElectronique\vendor\laravel\framework\src\Illuminate\Session\Middleware\StartSession.php(61): Illuminate\Pipeline\Pipeline->Illuminate\Pipeline\{closure}(Object(Illuminate\Http\Request))
#20 C:\wamp\www\CommerceElectronique\vendor\laravel\framework\src\Illuminate\Pipeline\Pipeline.php(125): Illuminate\Session\Middleware\StartSession->handle(Object(Illuminate\Http\Request), Object(Closure))
#21 C:\wamp\www\CommerceElectronique\vendor\laravel\framework\src\Illuminate\Cookie\Middleware\AddQueuedCookiesToResponse.php(36): Illuminate\Pipeline\Pipeline->Illuminate\Pipeline\{closure}(Object(Illuminate\Http\Request))
#22 C:\wamp\www\CommerceElectronique\vendor\laravel\framework\src\Illuminate\Pipeline\Pipeline.php(125): Illuminate\Cookie\Middleware\AddQueuedCookiesToResponse->handle(Object(Illuminate\Http\Request), Object(Closure))
#23 C:\wamp\www\CommerceElectronique\vendor\laravel\framework\src\Illuminate\Cookie\Middleware\EncryptCookies.php(40): Illuminate\Pipeline\Pipeline->Illuminate\Pipeline\{closure}(Object(Illuminate\Http\Request))
#24 C:\wamp\www\CommerceElectronique\vendor\laravel\framework\src\Illuminate\Pipeline\Pipeline.php(125): Illuminate\Cookie\Middleware\EncryptCookies->handle(Object(Illuminate\Http\Request), Object(Closure))
#25 C:\wamp\www\CommerceElectronique\vendor\laravel\framework\src\Illuminate\Foundation\Http\Middleware\CheckForMaintenanceMode.php(42): Illuminate\Pipeline\Pipeline->Illuminate\Pipeline\{closure}(Object(Illuminate\Http\Request))
#26 C:\wamp\www\CommerceElectronique\vendor\laravel\framework\src\Illuminate\Pipeline\Pipeline.php(125): Illuminate\Foundation\Http\Middleware\CheckForMaintenanceMode->handle(Object(Illuminate\Http\Request), Object(Closure))
#27 [internal function]: Illuminate\Pipeline\Pipeline->Illuminate\Pipeline\{closure}(Object(Illuminate\Http\Request))
#28 C:\wamp\www\CommerceElectronique\vendor\laravel\framework\src\Illuminate\Pipeline\Pipeline.php(101): call_user_func(Object(Closure), Object(Illuminate\Http\Request))
#29 C:\wamp\www\CommerceElectronique\vendor\laravel\framework\src\Illuminate\Foundation\Http\Kernel.php(111): Illuminate\Pipeline\Pipeline->then(Object(Closure))
#30 C:\wamp\www\CommerceElectronique\vendor\laravel\framework\src\Illuminate\Foundation\Http\Kernel.php(84): Illuminate\Foundation\Http\Kernel->sendRequestThroughRouter(Object(Illuminate\Http\Request))
#31 C:\wamp\www\CommerceElectronique\public\index.php(53): Illuminate\Foundation\Http\Kernel->handle(Object(Illuminate\Http\Request))
#32 {main}

Next exception 'ErrorException' with message 'Trying to get property of non-object (View: C:\wamp\www\CommerceElectronique\resources\views\admin\users\show.blade.php)' in C:\wamp\www\CommerceElectronique\storage\framework\views\7fd19382d11112942f01638a8813f867:64
Stack trace:
#0 C:\wamp\www\CommerceElectronique\vendor\laravel\framework\src\Illuminate\View\Engines\PhpEngine.php(43): Illuminate\View\Engines\CompilerEngine->handleViewException(Object(ErrorException), 1)
#1 C:\wamp\www\CommerceElectronique\vendor\laravel\framework\src\Illuminate\View\Engines\CompilerEngine.php(57): Illuminate\View\Engines\PhpEngine->evaluatePath('C:\\wamp\\www\\Com...', Array)
#2 C:\wamp\www\CommerceElectronique\vendor\laravel\framework\src\Illuminate\View\View.php(136): Illuminate\View\Engines\CompilerEngine->get('C:\\wamp\\www\\Com...', Array)
#3 C:\wamp\www\CommerceElectronique\vendor\laravel\framework\src\Illuminate\View\View.php(104): Illuminate\View\View->getContents()
#4 C:\wamp\www\CommerceElectronique\vendor\laravel\framework\src\Illuminate\View\View.php(78): Illuminate\View\View->renderContents()
#5 C:\wamp\www\CommerceElectronique\vendor\laravel\framework\src\Illuminate\Http\Response.php(44): Illuminate\View\View->render()
#6 C:\wamp\www\CommerceElectronique\vendor\symfony\http-foundation\Symfony\Component\HttpFoundation\Response.php(202): Illuminate\Http\Response->setContent(Object(Illuminate\View\View))
#7 C:\wamp\www\CommerceElectronique\vendor\laravel\framework\src\Illuminate\Routing\Router.php(1185): Symfony\Component\HttpFoundation\Response->__construct(Object(Illuminate\View\View))
#8 C:\wamp\www\CommerceElectronique\vendor\laravel\framework\src\Illuminate\Routing\Router.php(663): Illuminate\Routing\Router->prepareResponse(Object(Illuminate\Http\Request), Object(Illuminate\View\View))
#9 C:\wamp\www\CommerceElectronique\vendor\laravel\framework\src\Illuminate\Routing\Router.php(618): Illuminate\Routing\Router->dispatchToRoute(Object(Illuminate\Http\Request))
#10 C:\wamp\www\CommerceElectronique\vendor\laravel\framework\src\Illuminate\Foundation\Http\Kernel.php(160): Illuminate\Routing\Router->dispatch(Object(Illuminate\Http\Request))
#11 [internal function]: Illuminate\Foundation\Http\Kernel->Illuminate\Foundation\Http\{closure}(Object(Illuminate\Http\Request))
#12 C:\wamp\www\CommerceElectronique\vendor\laravel\framework\src\Illuminate\Pipeline\Pipeline.php(141): call_user_func(Object(Closure), Object(Illuminate\Http\Request))
#13 C:\wamp\www\CommerceElectronique\vendor\laravel\framework\src\Illuminate\Foundation\Http\Middleware\VerifyCsrfToken.php(43): Illuminate\Pipeline\Pipeline->Illuminate\Pipeline\{closure}(Object(Illuminate\Http\Request))
#14 C:\wamp\www\CommerceElectronique\app\Http\Middleware\VerifyCsrfToken.php(17): Illuminate\Foundation\Http\Middleware\VerifyCsrfToken->handle(Object(Illuminate\Http\Request), Object(Closure))
#15 C:\wamp\www\CommerceElectronique\vendor\laravel\framework\src\Illuminate\Pipeline\Pipeline.php(125): App\Http\Middleware\VerifyCsrfToken->handle(Object(Illuminate\Http\Request), Object(Closure))
#16 C:\wamp\www\CommerceElectronique\vendor\laravel\framework\src\Illuminate\View\Middleware\ShareErrorsFromSession.php(55): Illuminate\Pipeline\Pipeline->Illuminate\Pipeline\{closure}(Object(Illuminate\Http\Request))
#17 C:\wamp\www\CommerceElectronique\vendor\laravel\framework\src\Illuminate\Pipeline\Pipeline.php(125): Illuminate\View\Middleware\ShareErrorsFromSession->handle(Object(Illuminate\Http\Request), Object(Closure))
#18 C:\wamp\www\CommerceElectronique\vendor\laravel\framework\src\Illuminate\Session\Middleware\StartSession.php(61): Illuminate\Pipeline\Pipeline->Illuminate\Pipeline\{closure}(Object(Illuminate\Http\Request))
#19 C:\wamp\www\CommerceElectronique\vendor\laravel\framework\src\Illuminate\Pipeline\Pipeline.php(125): Illuminate\Session\Middleware\StartSession->handle(Object(Illuminate\Http\Request), Object(Closure))
#20 C:\wamp\www\CommerceElectronique\vendor\laravel\framework\src\Illuminate\Cookie\Middleware\AddQueuedCookiesToResponse.php(36): Illuminate\Pipeline\Pipeline->Illuminate\Pipeline\{closure}(Object(Illuminate\Http\Request))
#21 C:\wamp\www\CommerceElectronique\vendor\laravel\framework\src\Illuminate\Pipeline\Pipeline.php(125): Illuminate\Cookie\Middleware\AddQueuedCookiesToResponse->handle(Object(Illuminate\Http\Request), Object(Closure))
#22 C:\wamp\www\CommerceElectronique\vendor\laravel\framework\src\Illuminate\Cookie\Middleware\EncryptCookies.php(40): Illuminate\Pipeline\Pipeline->Illuminate\Pipeline\{closure}(Object(Illuminate\Http\Request))
#23 C:\wamp\www\CommerceElectronique\vendor\laravel\framework\src\Illuminate\Pipeline\Pipeline.php(125): Illuminate\Cookie\Middleware\EncryptCookies->handle(Object(Illuminate\Http\Request), Object(Closure))
#24 C:\wamp\www\CommerceElectronique\vendor\laravel\framework\src\Illuminate\Foundation\Http\Middleware\CheckForMaintenanceMode.php(42): Illuminate\Pipeline\Pipeline->Illuminate\Pipeline\{closure}(Object(Illuminate\Http\Request))
#25 C:\wamp\www\CommerceElectronique\vendor\laravel\framework\src\Illuminate\Pipeline\Pipeline.php(125): Illuminate\Foundation\Http\Middleware\CheckForMaintenanceMode->handle(Object(Illuminate\Http\Request), Object(Closure))
#26 [internal function]: Illuminate\Pipeline\Pipeline->Illuminate\Pipeline\{closure}(Object(Illuminate\Http\Request))
#27 C:\wamp\www\CommerceElectronique\vendor\laravel\framework\src\Illuminate\Pipeline\Pipeline.php(101): call_user_func(Object(Closure), Object(Illuminate\Http\Request))
#28 C:\wamp\www\CommerceElectronique\vendor\laravel\framework\src\Illuminate\Foundation\Http\Kernel.php(111): Illuminate\Pipeline\Pipeline->then(Object(Closure))
#29 C:\wamp\www\CommerceElectronique\vendor\laravel\framework\src\Illuminate\Foundation\Http\Kernel.php(84): Illuminate\Foundation\Http\Kernel->sendRequestThroughRouter(Object(Illuminate\Http\Request))
#30 C:\wamp\www\CommerceElectronique\public\index.php(53): Illuminate\Foundation\Http\Kernel->handle(Object(Illuminate\Http\Request))
#31 {main}  
[2015-02-15 01:26:43] local.ERROR: exception 'UnexpectedValueException' with message 'The Response content must be a string or object implementing __toString(), "boolean" given.' in C:\wamp\www\CommerceElectronique\vendor\symfony\http-foundation\Symfony\Component\HttpFoundation\Response.php:403
Stack trace:
#0 C:\wamp\www\CommerceElectronique\vendor\laravel\framework\src\Illuminate\Http\Response.php(47): Symfony\Component\HttpFoundation\Response->setContent(true)
#1 C:\wamp\www\CommerceElectronique\vendor\symfony\http-foundation\Symfony\Component\HttpFoundation\Response.php(202): Illuminate\Http\Response->setContent(true)
#2 C:\wamp\www\CommerceElectronique\vendor\laravel\framework\src\Illuminate\Routing\Router.php(1185): Symfony\Component\HttpFoundation\Response->__construct(true)
#3 C:\wamp\www\CommerceElectronique\vendor\laravel\framework\src\Illuminate\Routing\Router.php(663): Illuminate\Routing\Router->prepareResponse(Object(Illuminate\Http\Request), true)
#4 C:\wamp\www\CommerceElectronique\vendor\laravel\framework\src\Illuminate\Routing\Router.php(618): Illuminate\Routing\Router->dispatchToRoute(Object(Illuminate\Http\Request))
#5 C:\wamp\www\CommerceElectronique\vendor\laravel\framework\src\Illuminate\Foundation\Http\Kernel.php(160): Illuminate\Routing\Router->dispatch(Object(Illuminate\Http\Request))
#6 [internal function]: Illuminate\Foundation\Http\Kernel->Illuminate\Foundation\Http\{closure}(Object(Illuminate\Http\Request))
#7 C:\wamp\www\CommerceElectronique\vendor\laravel\framework\src\Illuminate\Pipeline\Pipeline.php(141): call_user_func(Object(Closure), Object(Illuminate\Http\Request))
#8 C:\wamp\www\CommerceElectronique\vendor\laravel\framework\src\Illuminate\Foundation\Http\Middleware\VerifyCsrfToken.php(43): Illuminate\Pipeline\Pipeline->Illuminate\Pipeline\{closure}(Object(Illuminate\Http\Request))
#9 C:\wamp\www\CommerceElectronique\app\Http\Middleware\VerifyCsrfToken.php(17): Illuminate\Foundation\Http\Middleware\VerifyCsrfToken->handle(Object(Illuminate\Http\Request), Object(Closure))
#10 C:\wamp\www\CommerceElectronique\vendor\laravel\framework\src\Illuminate\Pipeline\Pipeline.php(125): App\Http\Middleware\VerifyCsrfToken->handle(Object(Illuminate\Http\Request), Object(Closure))
#11 C:\wamp\www\CommerceElectronique\vendor\laravel\framework\src\Illuminate\View\Middleware\ShareErrorsFromSession.php(55): Illuminate\Pipeline\Pipeline->Illuminate\Pipeline\{closure}(Object(Illuminate\Http\Request))
#12 C:\wamp\www\CommerceElectronique\vendor\laravel\framework\src\Illuminate\Pipeline\Pipeline.php(125): Illuminate\View\Middleware\ShareErrorsFromSession->handle(Object(Illuminate\Http\Request), Object(Closure))
#13 C:\wamp\www\CommerceElectronique\vendor\laravel\framework\src\Illuminate\Session\Middleware\StartSession.php(61): Illuminate\Pipeline\Pipeline->Illuminate\Pipeline\{closure}(Object(Illuminate\Http\Request))
#14 C:\wamp\www\CommerceElectronique\vendor\laravel\framework\src\Illuminate\Pipeline\Pipeline.php(125): Illuminate\Session\Middleware\StartSession->handle(Object(Illuminate\Http\Request), Object(Closure))
#15 C:\wamp\www\CommerceElectronique\vendor\laravel\framework\src\Illuminate\Cookie\Middleware\AddQueuedCookiesToResponse.php(36): Illuminate\Pipeline\Pipeline->Illuminate\Pipeline\{closure}(Object(Illuminate\Http\Request))
#16 C:\wamp\www\CommerceElectronique\vendor\laravel\framework\src\Illuminate\Pipeline\Pipeline.php(125): Illuminate\Cookie\Middleware\AddQueuedCookiesToResponse->handle(Object(Illuminate\Http\Request), Object(Closure))
#17 C:\wamp\www\CommerceElectronique\vendor\laravel\framework\src\Illuminate\Cookie\Middleware\EncryptCookies.php(40): Illuminate\Pipeline\Pipeline->Illuminate\Pipeline\{closure}(Object(Illuminate\Http\Request))
#18 C:\wamp\www\CommerceElectronique\vendor\laravel\framework\src\Illuminate\Pipeline\Pipeline.php(125): Illuminate\Cookie\Middleware\EncryptCookies->handle(Object(Illuminate\Http\Request), Object(Closure))
#19 C:\wamp\www\CommerceElectronique\vendor\laravel\framework\src\Illuminate\Foundation\Http\Middleware\CheckForMaintenanceMode.php(42): Illuminate\Pipeline\Pipeline->Illuminate\Pipeline\{closure}(Object(Illuminate\Http\Request))
#20 C:\wamp\www\CommerceElectronique\vendor\laravel\framework\src\Illuminate\Pipeline\Pipeline.php(125): Illuminate\Foundation\Http\Middleware\CheckForMaintenanceMode->handle(Object(Illuminate\Http\Request), Object(Closure))
#21 [internal function]: Illuminate\Pipeline\Pipeline->Illuminate\Pipeline\{closure}(Object(Illuminate\Http\Request))
#22 C:\wamp\www\CommerceElectronique\vendor\laravel\framework\src\Illuminate\Pipeline\Pipeline.php(101): call_user_func(Object(Closure), Object(Illuminate\Http\Request))
#23 C:\wamp\www\CommerceElectronique\vendor\laravel\framework\src\Illuminate\Foundation\Http\Kernel.php(111): Illuminate\Pipeline\Pipeline->then(Object(Closure))
#24 C:\wamp\www\CommerceElectronique\vendor\laravel\framework\src\Illuminate\Foundation\Http\Kernel.php(84): Illuminate\Foundation\Http\Kernel->sendRequestThroughRouter(Object(Illuminate\Http\Request))
#25 C:\wamp\www\CommerceElectronique\public\index.php(53): Illuminate\Foundation\Http\Kernel->handle(Object(Illuminate\Http\Request))
#26 {main}  
[2015-02-15 01:27:06] local.ERROR: exception 'UnexpectedValueException' with message 'The Response content must be a string or object implementing __toString(), "boolean" given.' in C:\wamp\www\CommerceElectronique\vendor\symfony\http-foundation\Symfony\Component\HttpFoundation\Response.php:403
Stack trace:
#0 C:\wamp\www\CommerceElectronique\vendor\laravel\framework\src\Illuminate\Http\Response.php(47): Symfony\Component\HttpFoundation\Response->setContent(true)
#1 C:\wamp\www\CommerceElectronique\vendor\symfony\http-foundation\Symfony\Component\HttpFoundation\Response.php(202): Illuminate\Http\Response->setContent(true)
#2 C:\wamp\www\CommerceElectronique\vendor\laravel\framework\src\Illuminate\Routing\Router.php(1185): Symfony\Component\HttpFoundation\Response->__construct(true)
#3 C:\wamp\www\CommerceElectronique\vendor\laravel\framework\src\Illuminate\Routing\Router.php(663): Illuminate\Routing\Router->prepareResponse(Object(Illuminate\Http\Request), true)
#4 C:\wamp\www\CommerceElectronique\vendor\laravel\framework\src\Illuminate\Routing\Router.php(618): Illuminate\Routing\Router->dispatchToRoute(Object(Illuminate\Http\Request))
#5 C:\wamp\www\CommerceElectronique\vendor\laravel\framework\src\Illuminate\Foundation\Http\Kernel.php(160): Illuminate\Routing\Router->dispatch(Object(Illuminate\Http\Request))
#6 [internal function]: Illuminate\Foundation\Http\Kernel->Illuminate\Foundation\Http\{closure}(Object(Illuminate\Http\Request))
#7 C:\wamp\www\CommerceElectronique\vendor\laravel\framework\src\Illuminate\Pipeline\Pipeline.php(141): call_user_func(Object(Closure), Object(Illuminate\Http\Request))
#8 C:\wamp\www\CommerceElectronique\vendor\laravel\framework\src\Illuminate\Foundation\Http\Middleware\VerifyCsrfToken.php(43): Illuminate\Pipeline\Pipeline->Illuminate\Pipeline\{closure}(Object(Illuminate\Http\Request))
#9 C:\wamp\www\CommerceElectronique\app\Http\Middleware\VerifyCsrfToken.php(17): Illuminate\Foundation\Http\Middleware\VerifyCsrfToken->handle(Object(Illuminate\Http\Request), Object(Closure))
#10 C:\wamp\www\CommerceElectronique\vendor\laravel\framework\src\Illuminate\Pipeline\Pipeline.php(125): App\Http\Middleware\VerifyCsrfToken->handle(Object(Illuminate\Http\Request), Object(Closure))
#11 C:\wamp\www\CommerceElectronique\vendor\laravel\framework\src\Illuminate\View\Middleware\ShareErrorsFromSession.php(55): Illuminate\Pipeline\Pipeline->Illuminate\Pipeline\{closure}(Object(Illuminate\Http\Request))
#12 C:\wamp\www\CommerceElectronique\vendor\laravel\framework\src\Illuminate\Pipeline\Pipeline.php(125): Illuminate\View\Middleware\ShareErrorsFromSession->handle(Object(Illuminate\Http\Request), Object(Closure))
#13 C:\wamp\www\CommerceElectronique\vendor\laravel\framework\src\Illuminate\Session\Middleware\StartSession.php(61): Illuminate\Pipeline\Pipeline->Illuminate\Pipeline\{closure}(Object(Illuminate\Http\Request))
#14 C:\wamp\www\CommerceElectronique\vendor\laravel\framework\src\Illuminate\Pipeline\Pipeline.php(125): Illuminate\Session\Middleware\StartSession->handle(Object(Illuminate\Http\Request), Object(Closure))
#15 C:\wamp\www\CommerceElectronique\vendor\laravel\framework\src\Illuminate\Cookie\Middleware\AddQueuedCookiesToResponse.php(36): Illuminate\Pipeline\Pipeline->Illuminate\Pipeline\{closure}(Object(Illuminate\Http\Request))
#16 C:\wamp\www\CommerceElectronique\vendor\laravel\framework\src\Illuminate\Pipeline\Pipeline.php(125): Illuminate\Cookie\Middleware\AddQueuedCookiesToResponse->handle(Object(Illuminate\Http\Request), Object(Closure))
#17 C:\wamp\www\CommerceElectronique\vendor\laravel\framework\src\Illuminate\Cookie\Middleware\EncryptCookies.php(40): Illuminate\Pipeline\Pipeline->Illuminate\Pipeline\{closure}(Object(Illuminate\Http\Request))
#18 C:\wamp\www\CommerceElectronique\vendor\laravel\framework\src\Illuminate\Pipeline\Pipeline.php(125): Illuminate\Cookie\Middleware\EncryptCookies->handle(Object(Illuminate\Http\Request), Object(Closure))
#19 C:\wamp\www\CommerceElectronique\vendor\laravel\framework\src\Illuminate\Foundation\Http\Middleware\CheckForMaintenanceMode.php(42): Illuminate\Pipeline\Pipeline->Illuminate\Pipeline\{closure}(Object(Illuminate\Http\Request))
#20 C:\wamp\www\CommerceElectronique\vendor\laravel\framework\src\Illuminate\Pipeline\Pipeline.php(125): Illuminate\Foundation\Http\Middleware\CheckForMaintenanceMode->handle(Object(Illuminate\Http\Request), Object(Closure))
#21 [internal function]: Illuminate\Pipeline\Pipeline->Illuminate\Pipeline\{closure}(Object(Illuminate\Http\Request))
#22 C:\wamp\www\CommerceElectronique\vendor\laravel\framework\src\Illuminate\Pipeline\Pipeline.php(101): call_user_func(Object(Closure), Object(Illuminate\Http\Request))
#23 C:\wamp\www\CommerceElectronique\vendor\laravel\framework\src\Illuminate\Foundation\Http\Kernel.php(111): Illuminate\Pipeline\Pipeline->then(Object(Closure))
#24 C:\wamp\www\CommerceElectronique\vendor\laravel\framework\src\Illuminate\Foundation\Http\Kernel.php(84): Illuminate\Foundation\Http\Kernel->sendRequestThroughRouter(Object(Illuminate\Http\Request))
#25 C:\wamp\www\CommerceElectronique\public\index.php(53): Illuminate\Foundation\Http\Kernel->handle(Object(Illuminate\Http\Request))
#26 {main}  
[2015-02-15 01:35:21] local.ERROR: exception 'Symfony\Component\Debug\Exception\FatalErrorException' with message 'Call to a member function delete() on a non-object' in C:\wamp\www\CommerceElectronique\app\Http\Controllers\Admin\UsersController.php:109
Stack trace:
#0 C:\wamp\www\CommerceElectronique\vendor\laravel\framework\src\Illuminate\Foundation\Bootstrap\HandleExceptions.php(116): Illuminate\Foundation\Bootstrap\HandleExceptions->fatalExceptionFromError(Array)
#1 [internal function]: Illuminate\Foundation\Bootstrap\HandleExceptions->handleShutdown()
#2 {main}  
