[2015-04-06 22:34:36] local.ERROR: exception 'ReflectionException' with message 'Class App\Http\Controllers\Admin\CreateProductRequest does not exist' in /Applications/AMPPS/www/CommerceElectronique/vendor/laravel/framework/src/Illuminate/Routing/RouteDependencyResolverTrait.php:53
Stack trace:
#0 /Applications/AMPPS/www/CommerceElectronique/vendor/laravel/framework/src/Illuminate/Routing/RouteDependencyResolverTrait.php(53): ReflectionParameter->getClass()
#1 /Applications/AMPPS/www/CommerceElectronique/vendor/laravel/framework/src/Illuminate/Routing/RouteDependencyResolverTrait.php(36): Illuminate\Routing\ControllerDispatcher->resolveMethodDependencies(Array, Object(ReflectionMethod))
#2 /Applications/AMPPS/www/CommerceElectronique/vendor/laravel/framework/src/Illuminate/Routing/ControllerDispatcher.php(160): Illuminate\Routing\ControllerDispatcher->resolveClassMethodDependencies(Array, Object(App\Http\Controllers\Admin\ProductsController), 'store')
#3 /Applications/AMPPS/www/CommerceElectronique/vendor/laravel/framework/src/Illuminate/Routing/ControllerDispatcher.php(107): Illuminate\Routing\ControllerDispatcher->call(Object(App\Http\Controllers\Admin\ProductsController), Object(Illuminate\Routing\Route), 'store')
#4 [internal function]: Illuminate\Routing\ControllerDispatcher->Illuminate\Routing\{closure}(Object(Illuminate\Http\Request))
#5 /Applications/AMPPS/www/CommerceElectronique/vendor/laravel/framework/src/Illuminate/Pipeline/Pipeline.php(141): call_user_func(Object(Closure), Object(Illuminate\Http\Request))
#6 /Applications/AMPPS/www/CommerceElectronique/app/Http/Middleware/RedirectIfNotAdmin.php(21): Illuminate\Pipeline\Pipeline->Illuminate\Pipeline\{closure}(Object(Illuminate\Http\Request))
#7 /Applications/AMPPS/www/CommerceElectronique/vendor/laravel/framework/src/Illuminate/Pipeline/Pipeline.php(125): App\Http\Middleware\RedirectIfNotAdmin->handle(Object(Illuminate\Http\Request), Object(Closure))
#8 [internal function]: Illuminate\Pipeline\Pipeline->Illuminate\Pipeline\{closure}(Object(Illuminate\Http\Request))
#9 /Applications/AMPPS/www/CommerceElectronique/vendor/laravel/framework/src/Illuminate/Pipeline/Pipeline.php(101): call_user_func(Object(Closure), Object(Illuminate\Http\Request))
#10 /Applications/AMPPS/www/CommerceElectronique/vendor/laravel/framework/src/Illuminate/Routing/ControllerDispatcher.php(108): Illuminate\Pipeline\Pipeline->then(Object(Closure))
#11 /Applications/AMPPS/www/CommerceElectronique/vendor/laravel/framework/src/Illuminate/Routing/ControllerDispatcher.php(67): Illuminate\Routing\ControllerDispatcher->callWithinStack(Object(App\Http\Controllers\Admin\ProductsController), Object(Illuminate\Routing\Route), Object(Illuminate\Http\Request), 'store')
#12 /Applications/AMPPS/www/CommerceElectronique/vendor/laravel/framework/src/Illuminate/Routing/Route.php(198): Illuminate\Routing\ControllerDispatcher->dispatch(Object(Illuminate\Routing\Route), Object(Illuminate\Http\Request), 'App\\Http\\Contro...', 'store')
#13 /Applications/AMPPS/www/CommerceElectronique/vendor/laravel/framework/src/Illuminate/Routing/Route.php(131): Illuminate\Routing\Route->runWithCustomDispatcher(Object(Illuminate\Http\Request))
#14 /Applications/AMPPS/www/CommerceElectronique/vendor/laravel/framework/src/Illuminate/Routing/Router.php(689): Illuminate\Routing\Route->run(Object(Illuminate\Http\Request))
#15 [internal function]: Illuminate\Routing\Router->Illuminate\Routing\{closure}(Object(Illuminate\Http\Request))
#16 /Applications/AMPPS/www/CommerceElectronique/vendor/laravel/framework/src/Illuminate/Pipeline/Pipeline.php(141): call_user_func(Object(Closure), Object(Illuminate\Http\Request))
#17 [internal function]: Illuminate\Pipeline\Pipeline->Illuminate\Pipeline\{closure}(Object(Illuminate\Http\Request))
#18 /Applications/AMPPS/www/CommerceElectronique/vendor/laravel/framework/src/Illuminate/Pipeline/Pipeline.php(101): call_user_func(Object(Closure), Object(Illuminate\Http\Request))
#19 /Applications/AMPPS/www/CommerceElectronique/vendor/laravel/framework/src/Illuminate/Routing/Router.php(690): Illuminate\Pipeline\Pipeline->then(Object(Closure))
#20 /Applications/AMPPS/www/CommerceElectronique/vendor/laravel/framework/src/Illuminate/Routing/Router.php(660): Illuminate\Routing\Router->runRouteWithinStack(Object(Illuminate\Routing\Route), Object(Illuminate\Http\Request))
#21 /Applications/AMPPS/www/CommerceElectronique/vendor/laravel/framework/src/Illuminate/Routing/Router.php(618): Illuminate\Routing\Router->dispatchToRoute(Object(Illuminate\Http\Request))
#22 /Applications/AMPPS/www/CommerceElectronique/vendor/laravel/framework/src/Illuminate/Foundation/Http/Kernel.php(160): Illuminate\Routing\Router->dispatch(Object(Illuminate\Http\Request))
#23 [internal function]: Illuminate\Foundation\Http\Kernel->Illuminate\Foundation\Http\{closure}(Object(Illuminate\Http\Request))
#24 /Applications/AMPPS/www/CommerceElectronique/vendor/laravel/framework/src/Illuminate/Pipeline/Pipeline.php(141): call_user_func(Object(Closure), Object(Illuminate\Http\Request))
#25 /Applications/AMPPS/www/CommerceElectronique/vendor/laravel/framework/src/Illuminate/Foundation/Http/Middleware/VerifyCsrfToken.php(43): Illuminate\Pipeline\Pipeline->Illuminate\Pipeline\{closure}(Object(Illuminate\Http\Request))
#26 /Applications/AMPPS/www/CommerceElectronique/app/Http/Middleware/VerifyCsrfToken.php(17): Illuminate\Foundation\Http\Middleware\VerifyCsrfToken->handle(Object(Illuminate\Http\Request), Object(Closure))
#27 /Applications/AMPPS/www/CommerceElectronique/vendor/laravel/framework/src/Illuminate/Pipeline/Pipeline.php(125): App\Http\Middleware\VerifyCsrfToken->handle(Object(Illuminate\Http\Request), Object(Closure))
#28 /Applications/AMPPS/www/CommerceElectronique/vendor/laravel/framework/src/Illuminate/View/Middleware/ShareErrorsFromSession.php(55): Illuminate\Pipeline\Pipeline->Illuminate\Pipeline\{closure}(Object(Illuminate\Http\Request))
#29 /Applications/AMPPS/www/CommerceElectronique/vendor/laravel/framework/src/Illuminate/Pipeline/Pipeline.php(125): Illuminate\View\Middleware\ShareErrorsFromSession->handle(Object(Illuminate\Http\Request), Object(Closure))
#30 /Applications/AMPPS/www/CommerceElectronique/vendor/laravel/framework/src/Illuminate/Session/Middleware/StartSession.php(61): Illuminate\Pipeline\Pipeline->Illuminate\Pipeline\{closure}(Object(Illuminate\Http\Request))
#31 /Applications/AMPPS/www/CommerceElectronique/vendor/laravel/framework/src/Illuminate/Pipeline/Pipeline.php(125): Illuminate\Session\Middleware\StartSession->handle(Object(Illuminate\Http\Request), Object(Closure))
#32 /Applications/AMPPS/www/CommerceElectronique/vendor/laravel/framework/src/Illuminate/Cookie/Middleware/AddQueuedCookiesToResponse.php(36): Illuminate\Pipeline\Pipeline->Illuminate\Pipeline\{closure}(Object(Illuminate\Http\Request))
#33 /Applications/AMPPS/www/CommerceElectronique/vendor/laravel/framework/src/Illuminate/Pipeline/Pipeline.php(125): Illuminate\Cookie\Middleware\AddQueuedCookiesToResponse->handle(Object(Illuminate\Http\Request), Object(Closure))
#34 /Applications/AMPPS/www/CommerceElectronique/vendor/laravel/framework/src/Illuminate/Cookie/Middleware/EncryptCookies.php(40): Illuminate\Pipeline\Pipeline->Illuminate\Pipeline\{closure}(Object(Illuminate\Http\Request))
#35 /Applications/AMPPS/www/CommerceElectronique/vendor/laravel/framework/src/Illuminate/Pipeline/Pipeline.php(125): Illuminate\Cookie\Middleware\EncryptCookies->handle(Object(Illuminate\Http\Request), Object(Closure))
#36 /Applications/AMPPS/www/CommerceElectronique/vendor/laravel/framework/src/Illuminate/Foundation/Http/Middleware/CheckForMaintenanceMode.php(42): Illuminate\Pipeline\Pipeline->Illuminate\Pipeline\{closure}(Object(Illuminate\Http\Request))
#37 /Applications/AMPPS/www/CommerceElectronique/vendor/laravel/framework/src/Illuminate/Pipeline/Pipeline.php(125): Illuminate\Foundation\Http\Middleware\CheckForMaintenanceMode->handle(Object(Illuminate\Http\Request), Object(Closure))
#38 [internal function]: Illuminate\Pipeline\Pipeline->Illuminate\Pipeline\{closure}(Object(Illuminate\Http\Request))
#39 /Applications/AMPPS/www/CommerceElectronique/vendor/laravel/framework/src/Illuminate/Pipeline/Pipeline.php(101): call_user_func(Object(Closure), Object(Illuminate\Http\Request))
#40 /Applications/AMPPS/www/CommerceElectronique/vendor/laravel/framework/src/Illuminate/Foundation/Http/Kernel.php(111): Illuminate\Pipeline\Pipeline->then(Object(Closure))
#41 /Applications/AMPPS/www/CommerceElectronique/vendor/laravel/framework/src/Illuminate/Foundation/Http/Kernel.php(84): Illuminate\Foundation\Http\Kernel->sendRequestThroughRouter(Object(Illuminate\Http\Request))
#42 /Applications/AMPPS/www/CommerceElectronique/public/index.php(53): Illuminate\Foundation\Http\Kernel->handle(Object(Illuminate\Http\Request))
#43 {main}  
[2015-04-06 22:36:41] local.ERROR: exception 'PDOException' with message 'SQLSTATE[23000]: Integrity constraint violation: 1048 Column 'image_path' cannot be null' in /Applications/AMPPS/www/CommerceElectronique/vendor/laravel/framework/src/Illuminate/Database/Connection.php:358
Stack trace:
#0 /Applications/AMPPS/www/CommerceElectronique/vendor/laravel/framework/src/Illuminate/Database/Connection.php(358): PDOStatement->execute(Array)
#1 /Applications/AMPPS/www/CommerceElectronique/vendor/laravel/framework/src/Illuminate/Database/Connection.php(606): Illuminate\Database\Connection->Illuminate\Database\{closure}(Object(Illuminate\Database\MySqlConnection), 'insert into `pr...', Array)
#2 /Applications/AMPPS/www/CommerceElectronique/vendor/laravel/framework/src/Illuminate/Database/Connection.php(570): Illuminate\Database\Connection->runQueryCallback('insert into `pr...', Array, Object(Closure))
#3 /Applications/AMPPS/www/CommerceElectronique/vendor/laravel/framework/src/Illuminate/Database/Connection.php(359): Illuminate\Database\Connection->run('insert into `pr...', Array, Object(Closure))
#4 /Applications/AMPPS/www/CommerceElectronique/vendor/laravel/framework/src/Illuminate/Database/Connection.php(316): Illuminate\Database\Connection->statement('insert into `pr...', Array)
#5 /Applications/AMPPS/www/CommerceElectronique/vendor/laravel/framework/src/Illuminate/Database/Query/Processors/Processor.php(30): Illuminate\Database\Connection->insert('insert into `pr...', Array)
#6 /Applications/AMPPS/www/CommerceElectronique/vendor/laravel/framework/src/Illuminate/Database/Query/Builder.php(1717): Illuminate\Database\Query\Processors\Processor->processInsertGetId(Object(Illuminate\Database\Query\Builder), 'insert into `pr...', Array, 'id')
#7 [internal function]: Illuminate\Database\Query\Builder->insertGetId(Array, 'id')
#8 /Applications/AMPPS/www/CommerceElectronique/vendor/laravel/framework/src/Illuminate/Database/Eloquent/Builder.php(948): call_user_func_array(Array, Array)
#9 /Applications/AMPPS/www/CommerceElectronique/vendor/laravel/framework/src/Illuminate/Database/Eloquent/Model.php(1633): Illuminate\Database\Eloquent\Builder->__call('insertGetId', Array)
#10 /Applications/AMPPS/www/CommerceElectronique/vendor/laravel/framework/src/Illuminate/Database/Eloquent/Model.php(1633): Illuminate\Database\Eloquent\Builder->insertGetId(Array, 'id')
#11 /Applications/AMPPS/www/CommerceElectronique/vendor/laravel/framework/src/Illuminate/Database/Eloquent/Model.php(1603): Illuminate\Database\Eloquent\Model->insertAndSetId(Object(Illuminate\Database\Eloquent\Builder), Array)
#12 /Applications/AMPPS/www/CommerceElectronique/vendor/laravel/framework/src/Illuminate/Database/Eloquent/Model.php(1509): Illuminate\Database\Eloquent\Model->performInsert(Object(Illuminate\Database\Eloquent\Builder), Array)
#13 /Applications/AMPPS/www/CommerceElectronique/vendor/laravel/framework/src/Illuminate/Database/Eloquent/Model.php(553): Illuminate\Database\Eloquent\Model->save()
#14 /Applications/AMPPS/www/CommerceElectronique/app/Http/Controllers/Admin/ProductsController.php(76): Illuminate\Database\Eloquent\Model::create(Array)
#15 [internal function]: App\Http\Controllers\Admin\ProductsController->store(Object(App\Http\Requests\CreateProductRequest))
#16 /Applications/AMPPS/www/CommerceElectronique/vendor/laravel/framework/src/Illuminate/Routing/Controller.php(246): call_user_func_array(Array, Array)
#17 /Applications/AMPPS/www/CommerceElectronique/vendor/laravel/framework/src/Illuminate/Routing/ControllerDispatcher.php(162): Illuminate\Routing\Controller->callAction('store', Array)
#18 /Applications/AMPPS/www/CommerceElectronique/vendor/laravel/framework/src/Illuminate/Routing/ControllerDispatcher.php(107): Illuminate\Routing\ControllerDispatcher->call(Object(App\Http\Controllers\Admin\ProductsController), Object(Illuminate\Routing\Route), 'store')
#19 [internal function]: Illuminate\Routing\ControllerDispatcher->Illuminate\Routing\{closure}(Object(Illuminate\Http\Request))
#20 /Applications/AMPPS/www/CommerceElectronique/vendor/laravel/framework/src/Illuminate/Pipeline/Pipeline.php(141): call_user_func(Object(Closure), Object(Illuminate\Http\Request))
#21 /Applications/AMPPS/www/CommerceElectronique/app/Http/Middleware/RedirectIfNotAdmin.php(21): Illuminate\Pipeline\Pipeline->Illuminate\Pipeline\{closure}(Object(Illuminate\Http\Request))
#22 /Applications/AMPPS/www/CommerceElectronique/vendor/laravel/framework/src/Illuminate/Pipeline/Pipeline.php(125): App\Http\Middleware\RedirectIfNotAdmin->handle(Object(Illuminate\Http\Request), Object(Closure))
#23 [internal function]: Illuminate\Pipeline\Pipeline->Illuminate\Pipeline\{closure}(Object(Illuminate\Http\Request))
#24 /Applications/AMPPS/www/CommerceElectronique/vendor/laravel/framework/src/Illuminate/Pipeline/Pipeline.php(101): call_user_func(Object(Closure), Object(Illuminate\Http\Request))
#25 /Applications/AMPPS/www/CommerceElectronique/vendor/laravel/framework/src/Illuminate/Routing/ControllerDispatcher.php(108): Illuminate\Pipeline\Pipeline->then(Object(Closure))
#26 /Applications/AMPPS/www/CommerceElectronique/vendor/laravel/framework/src/Illuminate/Routing/ControllerDispatcher.php(67): Illuminate\Routing\ControllerDispatcher->callWithinStack(Object(App\Http\Controllers\Admin\ProductsController), Object(Illuminate\Routing\Route), Object(Illuminate\Http\Request), 'store')
#27 /Applications/AMPPS/www/CommerceElectronique/vendor/laravel/framework/src/Illuminate/Routing/Route.php(198): Illuminate\Routing\ControllerDispatcher->dispatch(Object(Illuminate\Routing\Route), Object(Illuminate\Http\Request), 'App\\Http\\Contro...', 'store')
#28 /Applications/AMPPS/www/CommerceElectronique/vendor/laravel/framework/src/Illuminate/Routing/Route.php(131): Illuminate\Routing\Route->runWithCustomDispatcher(Object(Illuminate\Http\Request))
#29 /Applications/AMPPS/www/CommerceElectronique/vendor/laravel/framework/src/Illuminate/Routing/Router.php(689): Illuminate\Routing\Route->run(Object(Illuminate\Http\Request))
#30 [internal function]: Illuminate\Routing\Router->Illuminate\Routing\{closure}(Object(Illuminate\Http\Request))
#31 /Applications/AMPPS/www/CommerceElectronique/vendor/laravel/framework/src/Illuminate/Pipeline/Pipeline.php(141): call_user_func(Object(Closure), Object(Illuminate\Http\Request))
#32 [internal function]: Illuminate\Pipeline\Pipeline->Illuminate\Pipeline\{closure}(Object(Illuminate\Http\Request))
#33 /Applications/AMPPS/www/CommerceElectronique/vendor/laravel/framework/src/Illuminate/Pipeline/Pipeline.php(101): call_user_func(Object(Closure), Object(Illuminate\Http\Request))
#34 /Applications/AMPPS/www/CommerceElectronique/vendor/laravel/framework/src/Illuminate/Routing/Router.php(690): Illuminate\Pipeline\Pipeline->then(Object(Closure))
#35 /Applications/AMPPS/www/CommerceElectronique/vendor/laravel/framework/src/Illuminate/Routing/Router.php(660): Illuminate\Routing\Router->runRouteWithinStack(Object(Illuminate\Routing\Route), Object(Illuminate\Http\Request))
#36 /Applications/AMPPS/www/CommerceElectronique/vendor/laravel/framework/src/Illuminate/Routing/Router.php(618): Illuminate\Routing\Router->dispatchToRoute(Object(Illuminate\Http\Request))
#37 /Applications/AMPPS/www/CommerceElectronique/vendor/laravel/framework/src/Illuminate/Foundation/Http/Kernel.php(160): Illuminate\Routing\Router->dispatch(Object(Illuminate\Http\Request))
#38 [internal function]: Illuminate\Foundation\Http\Kernel->Illuminate\Foundation\Http\{closure}(Object(Illuminate\Http\Request))
#39 /Applications/AMPPS/www/CommerceElectronique/vendor/laravel/framework/src/Illuminate/Pipeline/Pipeline.php(141): call_user_func(Object(Closure), Object(Illuminate\Http\Request))
#40 /Applications/AMPPS/www/CommerceElectronique/vendor/laravel/framework/src/Illuminate/Foundation/Http/Middleware/VerifyCsrfToken.php(43): Illuminate\Pipeline\Pipeline->Illuminate\Pipeline\{closure}(Object(Illuminate\Http\Request))
#41 /Applications/AMPPS/www/CommerceElectronique/app/Http/Middleware/VerifyCsrfToken.php(17): Illuminate\Foundation\Http\Middleware\VerifyCsrfToken->handle(Object(Illuminate\Http\Request), Object(Closure))
#42 /Applications/AMPPS/www/CommerceElectronique/vendor/laravel/framework/src/Illuminate/Pipeline/Pipeline.php(125): App\Http\Middleware\VerifyCsrfToken->handle(Object(Illuminate\Http\Request), Object(Closure))
#43 /Applications/AMPPS/www/CommerceElectronique/vendor/laravel/framework/src/Illuminate/View/Middleware/ShareErrorsFromSession.php(55): Illuminate\Pipeline\Pipeline->Illuminate\Pipeline\{closure}(Object(Illuminate\Http\Request))
#44 /Applications/AMPPS/www/CommerceElectronique/vendor/laravel/framework/src/Illuminate/Pipeline/Pipeline.php(125): Illuminate\View\Middleware\ShareErrorsFromSession->handle(Object(Illuminate\Http\Request), Object(Closure))
#45 /Applications/AMPPS/www/CommerceElectronique/vendor/laravel/framework/src/Illuminate/Session/Middleware/StartSession.php(61): Illuminate\Pipeline\Pipeline->Illuminate\Pipeline\{closure}(Object(Illuminate\Http\Request))
#46 /Applications/AMPPS/www/CommerceElectronique/vendor/laravel/framework/src/Illuminate/Pipeline/Pipeline.php(125): Illuminate\Session\Middleware\StartSession->handle(Object(Illuminate\Http\Request), Object(Closure))
#47 /Applications/AMPPS/www/CommerceElectronique/vendor/laravel/framework/src/Illuminate/Cookie/Middleware/AddQueuedCookiesToResponse.php(36): Illuminate\Pipeline\Pipeline->Illuminate\Pipeline\{closure}(Object(Illuminate\Http\Request))
#48 /Applications/AMPPS/www/CommerceElectronique/vendor/laravel/framework/src/Illuminate/Pipeline/Pipeline.php(125): Illuminate\Cookie\Middleware\AddQueuedCookiesToResponse->handle(Object(Illuminate\Http\Request), Object(Closure))
#49 /Applications/AMPPS/www/CommerceElectronique/vendor/laravel/framework/src/Illuminate/Cookie/Middleware/EncryptCookies.php(40): Illuminate\Pipeline\Pipeline->Illuminate\Pipeline\{closure}(Object(Illuminate\Http\Request))
#50 /Applications/AMPPS/www/CommerceElectronique/vendor/laravel/framework/src/Illuminate/Pipeline/Pipeline.php(125): Illuminate\Cookie\Middleware\EncryptCookies->handle(Object(Illuminate\Http\Request), Object(Closure))
#51 /Applications/AMPPS/www/CommerceElectronique/vendor/laravel/framework/src/Illuminate/Foundation/Http/Middleware/CheckForMaintenanceMode.php(42): Illuminate\Pipeline\Pipeline->Illuminate\Pipeline\{closure}(Object(Illuminate\Http\Request))
#52 /Applications/AMPPS/www/CommerceElectronique/vendor/laravel/framework/src/Illuminate/Pipeline/Pipeline.php(125): Illuminate\Foundation\Http\Middleware\CheckForMaintenanceMode->handle(Object(Illuminate\Http\Request), Object(Closure))
#53 [internal function]: Illuminate\Pipeline\Pipeline->Illuminate\Pipeline\{closure}(Object(Illuminate\Http\Request))
#54 /Applications/AMPPS/www/CommerceElectronique/vendor/laravel/framework/src/Illuminate/Pipeline/Pipeline.php(101): call_user_func(Object(Closure), Object(Illuminate\Http\Request))
#55 /Applications/AMPPS/www/CommerceElectronique/vendor/laravel/framework/src/Illuminate/Foundation/Http/Kernel.php(111): Illuminate\Pipeline\Pipeline->then(Object(Closure))
#56 /Applications/AMPPS/www/CommerceElectronique/vendor/laravel/framework/src/Illuminate/Foundation/Http/Kernel.php(84): Illuminate\Foundation\Http\Kernel->sendRequestThroughRouter(Object(Illuminate\Http\Request))
#57 /Applications/AMPPS/www/CommerceElectronique/public/index.php(53): Illuminate\Foundation\Http\Kernel->handle(Object(Illuminate\Http\Request))
#58 {main}

Next exception 'Illuminate\Database\QueryException' with message 'SQLSTATE[23000]: Integrity constraint violation: 1048 Column 'image_path' cannot be null (SQL: insert into `products` (`inventory_status_id`, `name`, `description`, `length`, `width`, `height`, `weight`, `image_path`, `sku`, `upc`, `quantity`, `date_available`, `updated_at`, `created_at`) values (1, gfdgfd, gfdgdf, 54, 45, 54, 45, , 4444, 44444, 90, 2015-04-15, 2015-04-06 22:36:41, 2015-04-06 22:36:41))' in /Applications/AMPPS/www/CommerceElectronique/vendor/laravel/framework/src/Illuminate/Database/Connection.php:614
Stack trace:
#0 /Applications/AMPPS/www/CommerceElectronique/vendor/laravel/framework/src/Illuminate/Database/Connection.php(570): Illuminate\Database\Connection->runQueryCallback('insert into `pr...', Array, Object(Closure))
#1 /Applications/AMPPS/www/CommerceElectronique/vendor/laravel/framework/src/Illuminate/Database/Connection.php(359): Illuminate\Database\Connection->run('insert into `pr...', Array, Object(Closure))
#2 /Applications/AMPPS/www/CommerceElectronique/vendor/laravel/framework/src/Illuminate/Database/Connection.php(316): Illuminate\Database\Connection->statement('insert into `pr...', Array)
#3 /Applications/AMPPS/www/CommerceElectronique/vendor/laravel/framework/src/Illuminate/Database/Query/Processors/Processor.php(30): Illuminate\Database\Connection->insert('insert into `pr...', Array)
#4 /Applications/AMPPS/www/CommerceElectronique/vendor/laravel/framework/src/Illuminate/Database/Query/Builder.php(1717): Illuminate\Database\Query\Processors\Processor->processInsertGetId(Object(Illuminate\Database\Query\Builder), 'insert into `pr...', Array, 'id')
#5 [internal function]: Illuminate\Database\Query\Builder->insertGetId(Array, 'id')
#6 /Applications/AMPPS/www/CommerceElectronique/vendor/laravel/framework/src/Illuminate/Database/Eloquent/Builder.php(948): call_user_func_array(Array, Array)
#7 /Applications/AMPPS/www/CommerceElectronique/vendor/laravel/framework/src/Illuminate/Database/Eloquent/Model.php(1633): Illuminate\Database\Eloquent\Builder->__call('insertGetId', Array)
#8 /Applications/AMPPS/www/CommerceElectronique/vendor/laravel/framework/src/Illuminate/Database/Eloquent/Model.php(1633): Illuminate\Database\Eloquent\Builder->insertGetId(Array, 'id')
#9 /Applications/AMPPS/www/CommerceElectronique/vendor/laravel/framework/src/Illuminate/Database/Eloquent/Model.php(1603): Illuminate\Database\Eloquent\Model->insertAndSetId(Object(Illuminate\Database\Eloquent\Builder), Array)
#10 /Applications/AMPPS/www/CommerceElectronique/vendor/laravel/framework/src/Illuminate/Database/Eloquent/Model.php(1509): Illuminate\Database\Eloquent\Model->performInsert(Object(Illuminate\Database\Eloquent\Builder), Array)
#11 /Applications/AMPPS/www/CommerceElectronique/vendor/laravel/framework/src/Illuminate/Database/Eloquent/Model.php(553): Illuminate\Database\Eloquent\Model->save()
#12 /Applications/AMPPS/www/CommerceElectronique/app/Http/Controllers/Admin/ProductsController.php(76): Illuminate\Database\Eloquent\Model::create(Array)
#13 [internal function]: App\Http\Controllers\Admin\ProductsController->store(Object(App\Http\Requests\CreateProductRequest))
#14 /Applications/AMPPS/www/CommerceElectronique/vendor/laravel/framework/src/Illuminate/Routing/Controller.php(246): call_user_func_array(Array, Array)
#15 /Applications/AMPPS/www/CommerceElectronique/vendor/laravel/framework/src/Illuminate/Routing/ControllerDispatcher.php(162): Illuminate\Routing\Controller->callAction('store', Array)
#16 /Applications/AMPPS/www/CommerceElectronique/vendor/laravel/framework/src/Illuminate/Routing/ControllerDispatcher.php(107): Illuminate\Routing\ControllerDispatcher->call(Object(App\Http\Controllers\Admin\ProductsController), Object(Illuminate\Routing\Route), 'store')
#17 [internal function]: Illuminate\Routing\ControllerDispatcher->Illuminate\Routing\{closure}(Object(Illuminate\Http\Request))
#18 /Applications/AMPPS/www/CommerceElectronique/vendor/laravel/framework/src/Illuminate/Pipeline/Pipeline.php(141): call_user_func(Object(Closure), Object(Illuminate\Http\Request))
#19 /Applications/AMPPS/www/CommerceElectronique/app/Http/Middleware/RedirectIfNotAdmin.php(21): Illuminate\Pipeline\Pipeline->Illuminate\Pipeline\{closure}(Object(Illuminate\Http\Request))
#20 /Applications/AMPPS/www/CommerceElectronique/vendor/laravel/framework/src/Illuminate/Pipeline/Pipeline.php(125): App\Http\Middleware\RedirectIfNotAdmin->handle(Object(Illuminate\Http\Request), Object(Closure))
#21 [internal function]: Illuminate\Pipeline\Pipeline->Illuminate\Pipeline\{closure}(Object(Illuminate\Http\Request))
#22 /Applications/AMPPS/www/CommerceElectronique/vendor/laravel/framework/src/Illuminate/Pipeline/Pipeline.php(101): call_user_func(Object(Closure), Object(Illuminate\Http\Request))
#23 /Applications/AMPPS/www/CommerceElectronique/vendor/laravel/framework/src/Illuminate/Routing/ControllerDispatcher.php(108): Illuminate\Pipeline\Pipeline->then(Object(Closure))
#24 /Applications/AMPPS/www/CommerceElectronique/vendor/laravel/framework/src/Illuminate/Routing/ControllerDispatcher.php(67): Illuminate\Routing\ControllerDispatcher->callWithinStack(Object(App\Http\Controllers\Admin\ProductsController), Object(Illuminate\Routing\Route), Object(Illuminate\Http\Request), 'store')
#25 /Applications/AMPPS/www/CommerceElectronique/vendor/laravel/framework/src/Illuminate/Routing/Route.php(198): Illuminate\Routing\ControllerDispatcher->dispatch(Object(Illuminate\Routing\Route), Object(Illuminate\Http\Request), 'App\\Http\\Contro...', 'store')
#26 /Applications/AMPPS/www/CommerceElectronique/vendor/laravel/framework/src/Illuminate/Routing/Route.php(131): Illuminate\Routing\Route->runWithCustomDispatcher(Object(Illuminate\Http\Request))
#27 /Applications/AMPPS/www/CommerceElectronique/vendor/laravel/framework/src/Illuminate/Routing/Router.php(689): Illuminate\Routing\Route->run(Object(Illuminate\Http\Request))
#28 [internal function]: Illuminate\Routing\Router->Illuminate\Routing\{closure}(Object(Illuminate\Http\Request))
#29 /Applications/AMPPS/www/CommerceElectronique/vendor/laravel/framework/src/Illuminate/Pipeline/Pipeline.php(141): call_user_func(Object(Closure), Object(Illuminate\Http\Request))
#30 [internal function]: Illuminate\Pipeline\Pipeline->Illuminate\Pipeline\{closure}(Object(Illuminate\Http\Request))
#31 /Applications/AMPPS/www/CommerceElectronique/vendor/laravel/framework/src/Illuminate/Pipeline/Pipeline.php(101): call_user_func(Object(Closure), Object(Illuminate\Http\Request))
#32 /Applications/AMPPS/www/CommerceElectronique/vendor/laravel/framework/src/Illuminate/Routing/Router.php(690): Illuminate\Pipeline\Pipeline->then(Object(Closure))
#33 /Applications/AMPPS/www/CommerceElectronique/vendor/laravel/framework/src/Illuminate/Routing/Router.php(660): Illuminate\Routing\Router->runRouteWithinStack(Object(Illuminate\Routing\Route), Object(Illuminate\Http\Request))
#34 /Applications/AMPPS/www/CommerceElectronique/vendor/laravel/framework/src/Illuminate/Routing/Router.php(618): Illuminate\Routing\Router->dispatchToRoute(Object(Illuminate\Http\Request))
#35 /Applications/AMPPS/www/CommerceElectronique/vendor/laravel/framework/src/Illuminate/Foundation/Http/Kernel.php(160): Illuminate\Routing\Router->dispatch(Object(Illuminate\Http\Request))
#36 [internal function]: Illuminate\Foundation\Http\Kernel->Illuminate\Foundation\Http\{closure}(Object(Illuminate\Http\Request))
#37 /Applications/AMPPS/www/CommerceElectronique/vendor/laravel/framework/src/Illuminate/Pipeline/Pipeline.php(141): call_user_func(Object(Closure), Object(Illuminate\Http\Request))
#38 /Applications/AMPPS/www/CommerceElectronique/vendor/laravel/framework/src/Illuminate/Foundation/Http/Middleware/VerifyCsrfToken.php(43): Illuminate\Pipeline\Pipeline->Illuminate\Pipeline\{closure}(Object(Illuminate\Http\Request))
#39 /Applications/AMPPS/www/CommerceElectronique/app/Http/Middleware/VerifyCsrfToken.php(17): Illuminate\Foundation\Http\Middleware\VerifyCsrfToken->handle(Object(Illuminate\Http\Request), Object(Closure))
#40 /Applications/AMPPS/www/CommerceElectronique/vendor/laravel/framework/src/Illuminate/Pipeline/Pipeline.php(125): App\Http\Middleware\VerifyCsrfToken->handle(Object(Illuminate\Http\Request), Object(Closure))
#41 /Applications/AMPPS/www/CommerceElectronique/vendor/laravel/framework/src/Illuminate/View/Middleware/ShareErrorsFromSession.php(55): Illuminate\Pipeline\Pipeline->Illuminate\Pipeline\{closure}(Object(Illuminate\Http\Request))
#42 /Applications/AMPPS/www/CommerceElectronique/vendor/laravel/framework/src/Illuminate/Pipeline/Pipeline.php(125): Illuminate\View\Middleware\ShareErrorsFromSession->handle(Object(Illuminate\Http\Request), Object(Closure))
#43 /Applications/AMPPS/www/CommerceElectronique/vendor/laravel/framework/src/Illuminate/Session/Middleware/StartSession.php(61): Illuminate\Pipeline\Pipeline->Illuminate\Pipeline\{closure}(Object(Illuminate\Http\Request))
#44 /Applications/AMPPS/www/CommerceElectronique/vendor/laravel/framework/src/Illuminate/Pipeline/Pipeline.php(125): Illuminate\Session\Middleware\StartSession->handle(Object(Illuminate\Http\Request), Object(Closure))
#45 /Applications/AMPPS/www/CommerceElectronique/vendor/laravel/framework/src/Illuminate/Cookie/Middleware/AddQueuedCookiesToResponse.php(36): Illuminate\Pipeline\Pipeline->Illuminate\Pipeline\{closure}(Object(Illuminate\Http\Request))
#46 /Applications/AMPPS/www/CommerceElectronique/vendor/laravel/framework/src/Illuminate/Pipeline/Pipeline.php(125): Illuminate\Cookie\Middleware\AddQueuedCookiesToResponse->handle(Object(Illuminate\Http\Request), Object(Closure))
#47 /Applications/AMPPS/www/CommerceElectronique/vendor/laravel/framework/src/Illuminate/Cookie/Middleware/EncryptCookies.php(40): Illuminate\Pipeline\Pipeline->Illuminate\Pipeline\{closure}(Object(Illuminate\Http\Request))
#48 /Applications/AMPPS/www/CommerceElectronique/vendor/laravel/framework/src/Illuminate/Pipeline/Pipeline.php(125): Illuminate\Cookie\Middleware\EncryptCookies->handle(Object(Illuminate\Http\Request), Object(Closure))
#49 /Applications/AMPPS/www/CommerceElectronique/vendor/laravel/framework/src/Illuminate/Foundation/Http/Middleware/CheckForMaintenanceMode.php(42): Illuminate\Pipeline\Pipeline->Illuminate\Pipeline\{closure}(Object(Illuminate\Http\Request))
#50 /Applications/AMPPS/www/CommerceElectronique/vendor/laravel/framework/src/Illuminate/Pipeline/Pipeline.php(125): Illuminate\Foundation\Http\Middleware\CheckForMaintenanceMode->handle(Object(Illuminate\Http\Request), Object(Closure))
#51 [internal function]: Illuminate\Pipeline\Pipeline->Illuminate\Pipeline\{closure}(Object(Illuminate\Http\Request))
#52 /Applications/AMPPS/www/CommerceElectronique/vendor/laravel/framework/src/Illuminate/Pipeline/Pipeline.php(101): call_user_func(Object(Closure), Object(Illuminate\Http\Request))
#53 /Applications/AMPPS/www/CommerceElectronique/vendor/laravel/framework/src/Illuminate/Foundation/Http/Kernel.php(111): Illuminate\Pipeline\Pipeline->then(Object(Closure))
#54 /Applications/AMPPS/www/CommerceElectronique/vendor/laravel/framework/src/Illuminate/Foundation/Http/Kernel.php(84): Illuminate\Foundation\Http\Kernel->sendRequestThroughRouter(Object(Illuminate\Http\Request))
#55 /Applications/AMPPS/www/CommerceElectronique/public/index.php(53): Illuminate\Foundation\Http\Kernel->handle(Object(Illuminate\Http\Request))
#56 {main}  
[2015-04-06 22:37:20] local.ERROR: exception 'PDOException' with message 'SQLSTATE[23000]: Integrity constraint violation: 1048 Column 'image_path' cannot be null' in /Applications/AMPPS/www/CommerceElectronique/vendor/laravel/framework/src/Illuminate/Database/Connection.php:358
Stack trace:
#0 /Applications/AMPPS/www/CommerceElectronique/vendor/laravel/framework/src/Illuminate/Database/Connection.php(358): PDOStatement->execute(Array)
#1 /Applications/AMPPS/www/CommerceElectronique/vendor/laravel/framework/src/Illuminate/Database/Connection.php(606): Illuminate\Database\Connection->Illuminate\Database\{closure}(Object(Illuminate\Database\MySqlConnection), 'insert into `pr...', Array)
#2 /Applications/AMPPS/www/CommerceElectronique/vendor/laravel/framework/src/Illuminate/Database/Connection.php(570): Illuminate\Database\Connection->runQueryCallback('insert into `pr...', Array, Object(Closure))
#3 /Applications/AMPPS/www/CommerceElectronique/vendor/laravel/framework/src/Illuminate/Database/Connection.php(359): Illuminate\Database\Connection->run('insert into `pr...', Array, Object(Closure))
#4 /Applications/AMPPS/www/CommerceElectronique/vendor/laravel/framework/src/Illuminate/Database/Connection.php(316): Illuminate\Database\Connection->statement('insert into `pr...', Array)
#5 /Applications/AMPPS/www/CommerceElectronique/vendor/laravel/framework/src/Illuminate/Database/Query/Processors/Processor.php(30): Illuminate\Database\Connection->insert('insert into `pr...', Array)
#6 /Applications/AMPPS/www/CommerceElectronique/vendor/laravel/framework/src/Illuminate/Database/Query/Builder.php(1717): Illuminate\Database\Query\Processors\Processor->processInsertGetId(Object(Illuminate\Database\Query\Builder), 'insert into `pr...', Array, 'id')
#7 [internal function]: Illuminate\Database\Query\Builder->insertGetId(Array, 'id')
#8 /Applications/AMPPS/www/CommerceElectronique/vendor/laravel/framework/src/Illuminate/Database/Eloquent/Builder.php(948): call_user_func_array(Array, Array)
#9 /Applications/AMPPS/www/CommerceElectronique/vendor/laravel/framework/src/Illuminate/Database/Eloquent/Model.php(1633): Illuminate\Database\Eloquent\Builder->__call('insertGetId', Array)
#10 /Applications/AMPPS/www/CommerceElectronique/vendor/laravel/framework/src/Illuminate/Database/Eloquent/Model.php(1633): Illuminate\Database\Eloquent\Builder->insertGetId(Array, 'id')
#11 /Applications/AMPPS/www/CommerceElectronique/vendor/laravel/framework/src/Illuminate/Database/Eloquent/Model.php(1603): Illuminate\Database\Eloquent\Model->insertAndSetId(Object(Illuminate\Database\Eloquent\Builder), Array)
#12 /Applications/AMPPS/www/CommerceElectronique/vendor/laravel/framework/src/Illuminate/Database/Eloquent/Model.php(1509): Illuminate\Database\Eloquent\Model->performInsert(Object(Illuminate\Database\Eloquent\Builder), Array)
#13 /Applications/AMPPS/www/CommerceElectronique/vendor/laravel/framework/src/Illuminate/Database/Eloquent/Model.php(553): Illuminate\Database\Eloquent\Model->save()
#14 /Applications/AMPPS/www/CommerceElectronique/app/Http/Controllers/Admin/ProductsController.php(78): Illuminate\Database\Eloquent\Model::create(Array)
#15 [internal function]: App\Http\Controllers\Admin\ProductsController->store(Object(App\Http\Requests\CreateProductRequest))
#16 /Applications/AMPPS/www/CommerceElectronique/vendor/laravel/framework/src/Illuminate/Routing/Controller.php(246): call_user_func_array(Array, Array)
#17 /Applications/AMPPS/www/CommerceElectronique/vendor/laravel/framework/src/Illuminate/Routing/ControllerDispatcher.php(162): Illuminate\Routing\Controller->callAction('store', Array)
#18 /Applications/AMPPS/www/CommerceElectronique/vendor/laravel/framework/src/Illuminate/Routing/ControllerDispatcher.php(107): Illuminate\Routing\ControllerDispatcher->call(Object(App\Http\Controllers\Admin\ProductsController), Object(Illuminate\Routing\Route), 'store')
#19 [internal function]: Illuminate\Routing\ControllerDispatcher->Illuminate\Routing\{closure}(Object(Illuminate\Http\Request))
#20 /Applications/AMPPS/www/CommerceElectronique/vendor/laravel/framework/src/Illuminate/Pipeline/Pipeline.php(141): call_user_func(Object(Closure), Object(Illuminate\Http\Request))
#21 /Applications/AMPPS/www/CommerceElectronique/app/Http/Middleware/RedirectIfNotAdmin.php(21): Illuminate\Pipeline\Pipeline->Illuminate\Pipeline\{closure}(Object(Illuminate\Http\Request))
#22 /Applications/AMPPS/www/CommerceElectronique/vendor/laravel/framework/src/Illuminate/Pipeline/Pipeline.php(125): App\Http\Middleware\RedirectIfNotAdmin->handle(Object(Illuminate\Http\Request), Object(Closure))
#23 [internal function]: Illuminate\Pipeline\Pipeline->Illuminate\Pipeline\{closure}(Object(Illuminate\Http\Request))
#24 /Applications/AMPPS/www/CommerceElectronique/vendor/laravel/framework/src/Illuminate/Pipeline/Pipeline.php(101): call_user_func(Object(Closure), Object(Illuminate\Http\Request))
#25 /Applications/AMPPS/www/CommerceElectronique/vendor/laravel/framework/src/Illuminate/Routing/ControllerDispatcher.php(108): Illuminate\Pipeline\Pipeline->then(Object(Closure))
#26 /Applications/AMPPS/www/CommerceElectronique/vendor/laravel/framework/src/Illuminate/Routing/ControllerDispatcher.php(67): Illuminate\Routing\ControllerDispatcher->callWithinStack(Object(App\Http\Controllers\Admin\ProductsController), Object(Illuminate\Routing\Route), Object(Illuminate\Http\Request), 'store')
#27 /Applications/AMPPS/www/CommerceElectronique/vendor/laravel/framework/src/Illuminate/Routing/Route.php(198): Illuminate\Routing\ControllerDispatcher->dispatch(Object(Illuminate\Routing\Route), Object(Illuminate\Http\Request), 'App\\Http\\Contro...', 'store')
#28 /Applications/AMPPS/www/CommerceElectronique/vendor/laravel/framework/src/Illuminate/Routing/Route.php(131): Illuminate\Routing\Route->runWithCustomDispatcher(Object(Illuminate\Http\Request))
#29 /Applications/AMPPS/www/CommerceElectronique/vendor/laravel/framework/src/Illuminate/Routing/Router.php(689): Illuminate\Routing\Route->run(Object(Illuminate\Http\Request))
#30 [internal function]: Illuminate\Routing\Router->Illuminate\Routing\{closure}(Object(Illuminate\Http\Request))
#31 /Applications/AMPPS/www/CommerceElectronique/vendor/laravel/framework/src/Illuminate/Pipeline/Pipeline.php(141): call_user_func(Object(Closure), Object(Illuminate\Http\Request))
#32 [internal function]: Illuminate\Pipeline\Pipeline->Illuminate\Pipeline\{closure}(Object(Illuminate\Http\Request))
#33 /Applications/AMPPS/www/CommerceElectronique/vendor/laravel/framework/src/Illuminate/Pipeline/Pipeline.php(101): call_user_func(Object(Closure), Object(Illuminate\Http\Request))
#34 /Applications/AMPPS/www/CommerceElectronique/vendor/laravel/framework/src/Illuminate/Routing/Router.php(690): Illuminate\Pipeline\Pipeline->then(Object(Closure))
#35 /Applications/AMPPS/www/CommerceElectronique/vendor/laravel/framework/src/Illuminate/Routing/Router.php(660): Illuminate\Routing\Router->runRouteWithinStack(Object(Illuminate\Routing\Route), Object(Illuminate\Http\Request))
#36 /Applications/AMPPS/www/CommerceElectronique/vendor/laravel/framework/src/Illuminate/Routing/Router.php(618): Illuminate\Routing\Router->dispatchToRoute(Object(Illuminate\Http\Request))
#37 /Applications/AMPPS/www/CommerceElectronique/vendor/laravel/framework/src/Illuminate/Foundation/Http/Kernel.php(160): Illuminate\Routing\Router->dispatch(Object(Illuminate\Http\Request))
#38 [internal function]: Illuminate\Foundation\Http\Kernel->Illuminate\Foundation\Http\{closure}(Object(Illuminate\Http\Request))
#39 /Applications/AMPPS/www/CommerceElectronique/vendor/laravel/framework/src/Illuminate/Pipeline/Pipeline.php(141): call_user_func(Object(Closure), Object(Illuminate\Http\Request))
#40 /Applications/AMPPS/www/CommerceElectronique/vendor/laravel/framework/src/Illuminate/Foundation/Http/Middleware/VerifyCsrfToken.php(43): Illuminate\Pipeline\Pipeline->Illuminate\Pipeline\{closure}(Object(Illuminate\Http\Request))
#41 /Applications/AMPPS/www/CommerceElectronique/app/Http/Middleware/VerifyCsrfToken.php(17): Illuminate\Foundation\Http\Middleware\VerifyCsrfToken->handle(Object(Illuminate\Http\Request), Object(Closure))
#42 /Applications/AMPPS/www/CommerceElectronique/vendor/laravel/framework/src/Illuminate/Pipeline/Pipeline.php(125): App\Http\Middleware\VerifyCsrfToken->handle(Object(Illuminate\Http\Request), Object(Closure))
#43 /Applications/AMPPS/www/CommerceElectronique/vendor/laravel/framework/src/Illuminate/View/Middleware/ShareErrorsFromSession.php(55): Illuminate\Pipeline\Pipeline->Illuminate\Pipeline\{closure}(Object(Illuminate\Http\Request))
#44 /Applications/AMPPS/www/CommerceElectronique/vendor/laravel/framework/src/Illuminate/Pipeline/Pipeline.php(125): Illuminate\View\Middleware\ShareErrorsFromSession->handle(Object(Illuminate\Http\Request), Object(Closure))
#45 /Applications/AMPPS/www/CommerceElectronique/vendor/laravel/framework/src/Illuminate/Session/Middleware/StartSession.php(61): Illuminate\Pipeline\Pipeline->Illuminate\Pipeline\{closure}(Object(Illuminate\Http\Request))
#46 /Applications/AMPPS/www/CommerceElectronique/vendor/laravel/framework/src/Illuminate/Pipeline/Pipeline.php(125): Illuminate\Session\Middleware\StartSession->handle(Object(Illuminate\Http\Request), Object(Closure))
#47 /Applications/AMPPS/www/CommerceElectronique/vendor/laravel/framework/src/Illuminate/Cookie/Middleware/AddQueuedCookiesToResponse.php(36): Illuminate\Pipeline\Pipeline->Illuminate\Pipeline\{closure}(Object(Illuminate\Http\Request))
#48 /Applications/AMPPS/www/CommerceElectronique/vendor/laravel/framework/src/Illuminate/Pipeline/Pipeline.php(125): Illuminate\Cookie\Middleware\AddQueuedCookiesToResponse->handle(Object(Illuminate\Http\Request), Object(Closure))
#49 /Applications/AMPPS/www/CommerceElectronique/vendor/laravel/framework/src/Illuminate/Cookie/Middleware/EncryptCookies.php(40): Illuminate\Pipeline\Pipeline->Illuminate\Pipeline\{closure}(Object(Illuminate\Http\Request))
#50 /Applications/AMPPS/www/CommerceElectronique/vendor/laravel/framework/src/Illuminate/Pipeline/Pipeline.php(125): Illuminate\Cookie\Middleware\EncryptCookies->handle(Object(Illuminate\Http\Request), Object(Closure))
#51 /Applications/AMPPS/www/CommerceElectronique/vendor/laravel/framework/src/Illuminate/Foundation/Http/Middleware/CheckForMaintenanceMode.php(42): Illuminate\Pipeline\Pipeline->Illuminate\Pipeline\{closure}(Object(Illuminate\Http\Request))
#52 /Applications/AMPPS/www/CommerceElectronique/vendor/laravel/framework/src/Illuminate/Pipeline/Pipeline.php(125): Illuminate\Foundation\Http\Middleware\CheckForMaintenanceMode->handle(Object(Illuminate\Http\Request), Object(Closure))
#53 [internal function]: Illuminate\Pipeline\Pipeline->Illuminate\Pipeline\{closure}(Object(Illuminate\Http\Request))
#54 /Applications/AMPPS/www/CommerceElectronique/vendor/laravel/framework/src/Illuminate/Pipeline/Pipeline.php(101): call_user_func(Object(Closure), Object(Illuminate\Http\Request))
#55 /Applications/AMPPS/www/CommerceElectronique/vendor/laravel/framework/src/Illuminate/Foundation/Http/Kernel.php(111): Illuminate\Pipeline\Pipeline->then(Object(Closure))
#56 /Applications/AMPPS/www/CommerceElectronique/vendor/laravel/framework/src/Illuminate/Foundation/Http/Kernel.php(84): Illuminate\Foundation\Http\Kernel->sendRequestThroughRouter(Object(Illuminate\Http\Request))
#57 /Applications/AMPPS/www/CommerceElectronique/public/index.php(53): Illuminate\Foundation\Http\Kernel->handle(Object(Illuminate\Http\Request))
#58 {main}

Next exception 'Illuminate\Database\QueryException' with message 'SQLSTATE[23000]: Integrity constraint violation: 1048 Column 'image_path' cannot be null (SQL: insert into `products` (`inventory_status_id`, `name`, `description`, `length`, `width`, `height`, `weight`, `image_path`, `sku`, `upc`, `quantity`, `date_available`, `updated_at`, `created_at`) values (1, gfdgfd, gfdgdf, 54, 45, 54, 45, , 4444, 44444, 90, 2015-04-15, 2015-04-06 22:37:20, 2015-04-06 22:37:20))' in /Applications/AMPPS/www/CommerceElectronique/vendor/laravel/framework/src/Illuminate/Database/Connection.php:614
Stack trace:
#0 /Applications/AMPPS/www/CommerceElectronique/vendor/laravel/framework/src/Illuminate/Database/Connection.php(570): Illuminate\Database\Connection->runQueryCallback('insert into `pr...', Array, Object(Closure))
#1 /Applications/AMPPS/www/CommerceElectronique/vendor/laravel/framework/src/Illuminate/Database/Connection.php(359): Illuminate\Database\Connection->run('insert into `pr...', Array, Object(Closure))
#2 /Applications/AMPPS/www/CommerceElectronique/vendor/laravel/framework/src/Illuminate/Database/Connection.php(316): Illuminate\Database\Connection->statement('insert into `pr...', Array)
#3 /Applications/AMPPS/www/CommerceElectronique/vendor/laravel/framework/src/Illuminate/Database/Query/Processors/Processor.php(30): Illuminate\Database\Connection->insert('insert into `pr...', Array)
#4 /Applications/AMPPS/www/CommerceElectronique/vendor/laravel/framework/src/Illuminate/Database/Query/Builder.php(1717): Illuminate\Database\Query\Processors\Processor->processInsertGetId(Object(Illuminate\Database\Query\Builder), 'insert into `pr...', Array, 'id')
#5 [internal function]: Illuminate\Database\Query\Builder->insertGetId(Array, 'id')
#6 /Applications/AMPPS/www/CommerceElectronique/vendor/laravel/framework/src/Illuminate/Database/Eloquent/Builder.php(948): call_user_func_array(Array, Array)
#7 /Applications/AMPPS/www/CommerceElectronique/vendor/laravel/framework/src/Illuminate/Database/Eloquent/Model.php(1633): Illuminate\Database\Eloquent\Builder->__call('insertGetId', Array)
#8 /Applications/AMPPS/www/CommerceElectronique/vendor/laravel/framework/src/Illuminate/Database/Eloquent/Model.php(1633): Illuminate\Database\Eloquent\Builder->insertGetId(Array, 'id')
#9 /Applications/AMPPS/www/CommerceElectronique/vendor/laravel/framework/src/Illuminate/Database/Eloquent/Model.php(1603): Illuminate\Database\Eloquent\Model->insertAndSetId(Object(Illuminate\Database\Eloquent\Builder), Array)
#10 /Applications/AMPPS/www/CommerceElectronique/vendor/laravel/framework/src/Illuminate/Database/Eloquent/Model.php(1509): Illuminate\Database\Eloquent\Model->performInsert(Object(Illuminate\Database\Eloquent\Builder), Array)
#11 /Applications/AMPPS/www/CommerceElectronique/vendor/laravel/framework/src/Illuminate/Database/Eloquent/Model.php(553): Illuminate\Database\Eloquent\Model->save()
#12 /Applications/AMPPS/www/CommerceElectronique/app/Http/Controllers/Admin/ProductsController.php(78): Illuminate\Database\Eloquent\Model::create(Array)
#13 [internal function]: App\Http\Controllers\Admin\ProductsController->store(Object(App\Http\Requests\CreateProductRequest))
#14 /Applications/AMPPS/www/CommerceElectronique/vendor/laravel/framework/src/Illuminate/Routing/Controller.php(246): call_user_func_array(Array, Array)
#15 /Applications/AMPPS/www/CommerceElectronique/vendor/laravel/framework/src/Illuminate/Routing/ControllerDispatcher.php(162): Illuminate\Routing\Controller->callAction('store', Array)
#16 /Applications/AMPPS/www/CommerceElectronique/vendor/laravel/framework/src/Illuminate/Routing/ControllerDispatcher.php(107): Illuminate\Routing\ControllerDispatcher->call(Object(App\Http\Controllers\Admin\ProductsController), Object(Illuminate\Routing\Route), 'store')
#17 [internal function]: Illuminate\Routing\ControllerDispatcher->Illuminate\Routing\{closure}(Object(Illuminate\Http\Request))
#18 /Applications/AMPPS/www/CommerceElectronique/vendor/laravel/framework/src/Illuminate/Pipeline/Pipeline.php(141): call_user_func(Object(Closure), Object(Illuminate\Http\Request))
#19 /Applications/AMPPS/www/CommerceElectronique/app/Http/Middleware/RedirectIfNotAdmin.php(21): Illuminate\Pipeline\Pipeline->Illuminate\Pipeline\{closure}(Object(Illuminate\Http\Request))
#20 /Applications/AMPPS/www/CommerceElectronique/vendor/laravel/framework/src/Illuminate/Pipeline/Pipeline.php(125): App\Http\Middleware\RedirectIfNotAdmin->handle(Object(Illuminate\Http\Request), Object(Closure))
#21 [internal function]: Illuminate\Pipeline\Pipeline->Illuminate\Pipeline\{closure}(Object(Illuminate\Http\Request))
#22 /Applications/AMPPS/www/CommerceElectronique/vendor/laravel/framework/src/Illuminate/Pipeline/Pipeline.php(101): call_user_func(Object(Closure), Object(Illuminate\Http\Request))
#23 /Applications/AMPPS/www/CommerceElectronique/vendor/laravel/framework/src/Illuminate/Routing/ControllerDispatcher.php(108): Illuminate\Pipeline\Pipeline->then(Object(Closure))
#24 /Applications/AMPPS/www/CommerceElectronique/vendor/laravel/framework/src/Illuminate/Routing/ControllerDispatcher.php(67): Illuminate\Routing\ControllerDispatcher->callWithinStack(Object(App\Http\Controllers\Admin\ProductsController), Object(Illuminate\Routing\Route), Object(Illuminate\Http\Request), 'store')
#25 /Applications/AMPPS/www/CommerceElectronique/vendor/laravel/framework/src/Illuminate/Routing/Route.php(198): Illuminate\Routing\ControllerDispatcher->dispatch(Object(Illuminate\Routing\Route), Object(Illuminate\Http\Request), 'App\\Http\\Contro...', 'store')
#26 /Applications/AMPPS/www/CommerceElectronique/vendor/laravel/framework/src/Illuminate/Routing/Route.php(131): Illuminate\Routing\Route->runWithCustomDispatcher(Object(Illuminate\Http\Request))
#27 /Applications/AMPPS/www/CommerceElectronique/vendor/laravel/framework/src/Illuminate/Routing/Router.php(689): Illuminate\Routing\Route->run(Object(Illuminate\Http\Request))
#28 [internal function]: Illuminate\Routing\Router->Illuminate\Routing\{closure}(Object(Illuminate\Http\Request))
#29 /Applications/AMPPS/www/CommerceElectronique/vendor/laravel/framework/src/Illuminate/Pipeline/Pipeline.php(141): call_user_func(Object(Closure), Object(Illuminate\Http\Request))
#30 [internal function]: Illuminate\Pipeline\Pipeline->Illuminate\Pipeline\{closure}(Object(Illuminate\Http\Request))
#31 /Applications/AMPPS/www/CommerceElectronique/vendor/laravel/framework/src/Illuminate/Pipeline/Pipeline.php(101): call_user_func(Object(Closure), Object(Illuminate\Http\Request))
#32 /Applications/AMPPS/www/CommerceElectronique/vendor/laravel/framework/src/Illuminate/Routing/Router.php(690): Illuminate\Pipeline\Pipeline->then(Object(Closure))
#33 /Applications/AMPPS/www/CommerceElectronique/vendor/laravel/framework/src/Illuminate/Routing/Router.php(660): Illuminate\Routing\Router->runRouteWithinStack(Object(Illuminate\Routing\Route), Object(Illuminate\Http\Request))
#34 /Applications/AMPPS/www/CommerceElectronique/vendor/laravel/framework/src/Illuminate/Routing/Router.php(618): Illuminate\Routing\Router->dispatchToRoute(Object(Illuminate\Http\Request))
#35 /Applications/AMPPS/www/CommerceElectronique/vendor/laravel/framework/src/Illuminate/Foundation/Http/Kernel.php(160): Illuminate\Routing\Router->dispatch(Object(Illuminate\Http\Request))
#36 [internal function]: Illuminate\Foundation\Http\Kernel->Illuminate\Foundation\Http\{closure}(Object(Illuminate\Http\Request))
#37 /Applications/AMPPS/www/CommerceElectronique/vendor/laravel/framework/src/Illuminate/Pipeline/Pipeline.php(141): call_user_func(Object(Closure), Object(Illuminate\Http\Request))
#38 /Applications/AMPPS/www/CommerceElectronique/vendor/laravel/framework/src/Illuminate/Foundation/Http/Middleware/VerifyCsrfToken.php(43): Illuminate\Pipeline\Pipeline->Illuminate\Pipeline\{closure}(Object(Illuminate\Http\Request))
#39 /Applications/AMPPS/www/CommerceElectronique/app/Http/Middleware/VerifyCsrfToken.php(17): Illuminate\Foundation\Http\Middleware\VerifyCsrfToken->handle(Object(Illuminate\Http\Request), Object(Closure))
#40 /Applications/AMPPS/www/CommerceElectronique/vendor/laravel/framework/src/Illuminate/Pipeline/Pipeline.php(125): App\Http\Middleware\VerifyCsrfToken->handle(Object(Illuminate\Http\Request), Object(Closure))
#41 /Applications/AMPPS/www/CommerceElectronique/vendor/laravel/framework/src/Illuminate/View/Middleware/ShareErrorsFromSession.php(55): Illuminate\Pipeline\Pipeline->Illuminate\Pipeline\{closure}(Object(Illuminate\Http\Request))
#42 /Applications/AMPPS/www/CommerceElectronique/vendor/laravel/framework/src/Illuminate/Pipeline/Pipeline.php(125): Illuminate\View\Middleware\ShareErrorsFromSession->handle(Object(Illuminate\Http\Request), Object(Closure))
#43 /Applications/AMPPS/www/CommerceElectronique/vendor/laravel/framework/src/Illuminate/Session/Middleware/StartSession.php(61): Illuminate\Pipeline\Pipeline->Illuminate\Pipeline\{closure}(Object(Illuminate\Http\Request))
#44 /Applications/AMPPS/www/CommerceElectronique/vendor/laravel/framework/src/Illuminate/Pipeline/Pipeline.php(125): Illuminate\Session\Middleware\StartSession->handle(Object(Illuminate\Http\Request), Object(Closure))
#45 /Applications/AMPPS/www/CommerceElectronique/vendor/laravel/framework/src/Illuminate/Cookie/Middleware/AddQueuedCookiesToResponse.php(36): Illuminate\Pipeline\Pipeline->Illuminate\Pipeline\{closure}(Object(Illuminate\Http\Request))
#46 /Applications/AMPPS/www/CommerceElectronique/vendor/laravel/framework/src/Illuminate/Pipeline/Pipeline.php(125): Illuminate\Cookie\Middleware\AddQueuedCookiesToResponse->handle(Object(Illuminate\Http\Request), Object(Closure))
#47 /Applications/AMPPS/www/CommerceElectronique/vendor/laravel/framework/src/Illuminate/Cookie/Middleware/EncryptCookies.php(40): Illuminate\Pipeline\Pipeline->Illuminate\Pipeline\{closure}(Object(Illuminate\Http\Request))
#48 /Applications/AMPPS/www/CommerceElectronique/vendor/laravel/framework/src/Illuminate/Pipeline/Pipeline.php(125): Illuminate\Cookie\Middleware\EncryptCookies->handle(Object(Illuminate\Http\Request), Object(Closure))
#49 /Applications/AMPPS/www/CommerceElectronique/vendor/laravel/framework/src/Illuminate/Foundation/Http/Middleware/CheckForMaintenanceMode.php(42): Illuminate\Pipeline\Pipeline->Illuminate\Pipeline\{closure}(Object(Illuminate\Http\Request))
#50 /Applications/AMPPS/www/CommerceElectronique/vendor/laravel/framework/src/Illuminate/Pipeline/Pipeline.php(125): Illuminate\Foundation\Http\Middleware\CheckForMaintenanceMode->handle(Object(Illuminate\Http\Request), Object(Closure))
#51 [internal function]: Illuminate\Pipeline\Pipeline->Illuminate\Pipeline\{closure}(Object(Illuminate\Http\Request))
#52 /Applications/AMPPS/www/CommerceElectronique/vendor/laravel/framework/src/Illuminate/Pipeline/Pipeline.php(101): call_user_func(Object(Closure), Object(Illuminate\Http\Request))
#53 /Applications/AMPPS/www/CommerceElectronique/vendor/laravel/framework/src/Illuminate/Foundation/Http/Kernel.php(111): Illuminate\Pipeline\Pipeline->then(Object(Closure))
#54 /Applications/AMPPS/www/CommerceElectronique/vendor/laravel/framework/src/Illuminate/Foundation/Http/Kernel.php(84): Illuminate\Foundation\Http\Kernel->sendRequestThroughRouter(Object(Illuminate\Http\Request))
#55 /Applications/AMPPS/www/CommerceElectronique/public/index.php(53): Illuminate\Foundation\Http\Kernel->handle(Object(Illuminate\Http\Request))
#56 {main}  
[2015-04-06 22:39:39] local.ERROR: exception 'Symfony\Component\Debug\Exception\FatalErrorException' with message 'Can't use method return value in write context' in /Applications/AMPPS/www/CommerceElectronique/app/Http/Controllers/Admin/ProductsController.php:75
Stack trace:
#0 /Applications/AMPPS/www/CommerceElectronique/vendor/laravel/framework/src/Illuminate/Foundation/Bootstrap/HandleExceptions.php(116): Illuminate\Foundation\Bootstrap\HandleExceptions->fatalExceptionFromError(Array)
#1 [internal function]: Illuminate\Foundation\Bootstrap\HandleExceptions->handleShutdown()
#2 {main}  
[2015-04-06 22:40:04] local.ERROR: exception 'ErrorException' with message 'Creating default object from empty value' in /Applications/AMPPS/www/CommerceElectronique/app/Http/Controllers/Admin/ProductsController.php:75
Stack trace:
#0 /Applications/AMPPS/www/CommerceElectronique/app/Http/Controllers/Admin/ProductsController.php(75): Illuminate\Foundation\Bootstrap\HandleExceptions->handleError(2, 'Creating defaul...', '/Applications/A...', 75, Array)
#1 [internal function]: App\Http\Controllers\Admin\ProductsController->store(Object(App\Http\Requests\CreateProductRequest))
#2 /Applications/AMPPS/www/CommerceElectronique/vendor/laravel/framework/src/Illuminate/Routing/Controller.php(246): call_user_func_array(Array, Array)
#3 /Applications/AMPPS/www/CommerceElectronique/vendor/laravel/framework/src/Illuminate/Routing/ControllerDispatcher.php(162): Illuminate\Routing\Controller->callAction('store', Array)
#4 /Applications/AMPPS/www/CommerceElectronique/vendor/laravel/framework/src/Illuminate/Routing/ControllerDispatcher.php(107): Illuminate\Routing\ControllerDispatcher->call(Object(App\Http\Controllers\Admin\ProductsController), Object(Illuminate\Routing\Route), 'store')
#5 [internal function]: Illuminate\Routing\ControllerDispatcher->Illuminate\Routing\{closure}(Object(Illuminate\Http\Request))
#6 /Applications/AMPPS/www/CommerceElectronique/vendor/laravel/framework/src/Illuminate/Pipeline/Pipeline.php(141): call_user_func(Object(Closure), Object(Illuminate\Http\Request))
#7 /Applications/AMPPS/www/CommerceElectronique/app/Http/Middleware/RedirectIfNotAdmin.php(21): Illuminate\Pipeline\Pipeline->Illuminate\Pipeline\{closure}(Object(Illuminate\Http\Request))
#8 /Applications/AMPPS/www/CommerceElectronique/vendor/laravel/framework/src/Illuminate/Pipeline/Pipeline.php(125): App\Http\Middleware\RedirectIfNotAdmin->handle(Object(Illuminate\Http\Request), Object(Closure))
#9 [internal function]: Illuminate\Pipeline\Pipeline->Illuminate\Pipeline\{closure}(Object(Illuminate\Http\Request))
#10 /Applications/AMPPS/www/CommerceElectronique/vendor/laravel/framework/src/Illuminate/Pipeline/Pipeline.php(101): call_user_func(Object(Closure), Object(Illuminate\Http\Request))
#11 /Applications/AMPPS/www/CommerceElectronique/vendor/laravel/framework/src/Illuminate/Routing/ControllerDispatcher.php(108): Illuminate\Pipeline\Pipeline->then(Object(Closure))
#12 /Applications/AMPPS/www/CommerceElectronique/vendor/laravel/framework/src/Illuminate/Routing/ControllerDispatcher.php(67): Illuminate\Routing\ControllerDispatcher->callWithinStack(Object(App\Http\Controllers\Admin\ProductsController), Object(Illuminate\Routing\Route), Object(Illuminate\Http\Request), 'store')
#13 /Applications/AMPPS/www/CommerceElectronique/vendor/laravel/framework/src/Illuminate/Routing/Route.php(198): Illuminate\Routing\ControllerDispatcher->dispatch(Object(Illuminate\Routing\Route), Object(Illuminate\Http\Request), 'App\\Http\\Contro...', 'store')
#14 /Applications/AMPPS/www/CommerceElectronique/vendor/laravel/framework/src/Illuminate/Routing/Route.php(131): Illuminate\Routing\Route->runWithCustomDispatcher(Object(Illuminate\Http\Request))
#15 /Applications/AMPPS/www/CommerceElectronique/vendor/laravel/framework/src/Illuminate/Routing/Router.php(689): Illuminate\Routing\Route->run(Object(Illuminate\Http\Request))
#16 [internal function]: Illuminate\Routing\Router->Illuminate\Routing\{closure}(Object(Illuminate\Http\Request))
#17 /Applications/AMPPS/www/CommerceElectronique/vendor/laravel/framework/src/Illuminate/Pipeline/Pipeline.php(141): call_user_func(Object(Closure), Object(Illuminate\Http\Request))
#18 [internal function]: Illuminate\Pipeline\Pipeline->Illuminate\Pipeline\{closure}(Object(Illuminate\Http\Request))
#19 /Applications/AMPPS/www/CommerceElectronique/vendor/laravel/framework/src/Illuminate/Pipeline/Pipeline.php(101): call_user_func(Object(Closure), Object(Illuminate\Http\Request))
#20 /Applications/AMPPS/www/CommerceElectronique/vendor/laravel/framework/src/Illuminate/Routing/Router.php(690): Illuminate\Pipeline\Pipeline->then(Object(Closure))
#21 /Applications/AMPPS/www/CommerceElectronique/vendor/laravel/framework/src/Illuminate/Routing/Router.php(660): Illuminate\Routing\Router->runRouteWithinStack(Object(Illuminate\Routing\Route), Object(Illuminate\Http\Request))
#22 /Applications/AMPPS/www/CommerceElectronique/vendor/laravel/framework/src/Illuminate/Routing/Router.php(618): Illuminate\Routing\Router->dispatchToRoute(Object(Illuminate\Http\Request))
#23 /Applications/AMPPS/www/CommerceElectronique/vendor/laravel/framework/src/Illuminate/Foundation/Http/Kernel.php(160): Illuminate\Routing\Router->dispatch(Object(Illuminate\Http\Request))
#24 [internal function]: Illuminate\Foundation\Http\Kernel->Illuminate\Foundation\Http\{closure}(Object(Illuminate\Http\Request))
#25 /Applications/AMPPS/www/CommerceElectronique/vendor/laravel/framework/src/Illuminate/Pipeline/Pipeline.php(141): call_user_func(Object(Closure), Object(Illuminate\Http\Request))
#26 /Applications/AMPPS/www/CommerceElectronique/vendor/laravel/framework/src/Illuminate/Foundation/Http/Middleware/VerifyCsrfToken.php(43): Illuminate\Pipeline\Pipeline->Illuminate\Pipeline\{closure}(Object(Illuminate\Http\Request))
#27 /Applications/AMPPS/www/CommerceElectronique/app/Http/Middleware/VerifyCsrfToken.php(17): Illuminate\Foundation\Http\Middleware\VerifyCsrfToken->handle(Object(Illuminate\Http\Request), Object(Closure))
#28 /Applications/AMPPS/www/CommerceElectronique/vendor/laravel/framework/src/Illuminate/Pipeline/Pipeline.php(125): App\Http\Middleware\VerifyCsrfToken->handle(Object(Illuminate\Http\Request), Object(Closure))
#29 /Applications/AMPPS/www/CommerceElectronique/vendor/laravel/framework/src/Illuminate/View/Middleware/ShareErrorsFromSession.php(55): Illuminate\Pipeline\Pipeline->Illuminate\Pipeline\{closure}(Object(Illuminate\Http\Request))
#30 /Applications/AMPPS/www/CommerceElectronique/vendor/laravel/framework/src/Illuminate/Pipeline/Pipeline.php(125): Illuminate\View\Middleware\ShareErrorsFromSession->handle(Object(Illuminate\Http\Request), Object(Closure))
#31 /Applications/AMPPS/www/CommerceElectronique/vendor/laravel/framework/src/Illuminate/Session/Middleware/StartSession.php(61): Illuminate\Pipeline\Pipeline->Illuminate\Pipeline\{closure}(Object(Illuminate\Http\Request))
#32 /Applications/AMPPS/www/CommerceElectronique/vendor/laravel/framework/src/Illuminate/Pipeline/Pipeline.php(125): Illuminate\Session\Middleware\StartSession->handle(Object(Illuminate\Http\Request), Object(Closure))
#33 /Applications/AMPPS/www/CommerceElectronique/vendor/laravel/framework/src/Illuminate/Cookie/Middleware/AddQueuedCookiesToResponse.php(36): Illuminate\Pipeline\Pipeline->Illuminate\Pipeline\{closure}(Object(Illuminate\Http\Request))
#34 /Applications/AMPPS/www/CommerceElectronique/vendor/laravel/framework/src/Illuminate/Pipeline/Pipeline.php(125): Illuminate\Cookie\Middleware\AddQueuedCookiesToResponse->handle(Object(Illuminate\Http\Request), Object(Closure))
#35 /Applications/AMPPS/www/CommerceElectronique/vendor/laravel/framework/src/Illuminate/Cookie/Middleware/EncryptCookies.php(40): Illuminate\Pipeline\Pipeline->Illuminate\Pipeline\{closure}(Object(Illuminate\Http\Request))
#36 /Applications/AMPPS/www/CommerceElectronique/vendor/laravel/framework/src/Illuminate/Pipeline/Pipeline.php(125): Illuminate\Cookie\Middleware\EncryptCookies->handle(Object(Illuminate\Http\Request), Object(Closure))
#37 /Applications/AMPPS/www/CommerceElectronique/vendor/laravel/framework/src/Illuminate/Foundation/Http/Middleware/CheckForMaintenanceMode.php(42): Illuminate\Pipeline\Pipeline->Illuminate\Pipeline\{closure}(Object(Illuminate\Http\Request))
#38 /Applications/AMPPS/www/CommerceElectronique/vendor/laravel/framework/src/Illuminate/Pipeline/Pipeline.php(125): Illuminate\Foundation\Http\Middleware\CheckForMaintenanceMode->handle(Object(Illuminate\Http\Request), Object(Closure))
#39 [internal function]: Illuminate\Pipeline\Pipeline->Illuminate\Pipeline\{closure}(Object(Illuminate\Http\Request))
#40 /Applications/AMPPS/www/CommerceElectronique/vendor/laravel/framework/src/Illuminate/Pipeline/Pipeline.php(101): call_user_func(Object(Closure), Object(Illuminate\Http\Request))
#41 /Applications/AMPPS/www/CommerceElectronique/vendor/laravel/framework/src/Illuminate/Foundation/Http/Kernel.php(111): Illuminate\Pipeline\Pipeline->then(Object(Closure))
#42 /Applications/AMPPS/www/CommerceElectronique/vendor/laravel/framework/src/Illuminate/Foundation/Http/Kernel.php(84): Illuminate\Foundation\Http\Kernel->sendRequestThroughRouter(Object(Illuminate\Http\Request))
#43 /Applications/AMPPS/www/CommerceElectronique/public/index.php(53): Illuminate\Foundation\Http\Kernel->handle(Object(Illuminate\Http\Request))
#44 {main}  
[2015-04-06 23:17:56] local.ERROR: exception 'ErrorException' with message 'Argument 1 passed to Illuminate\Database\Eloquent\Model::create() must be of the type array, integer given, called in /Applications/AMPPS/www/CommerceElectronique/app/Http/Controllers/Admin/ProductsController.php on line 82 and defined' in /Applications/AMPPS/www/CommerceElectronique/vendor/laravel/framework/src/Illuminate/Database/Eloquent/Model.php:549
Stack trace:
#0 /Applications/AMPPS/www/CommerceElectronique/vendor/laravel/framework/src/Illuminate/Database/Eloquent/Model.php(549): Illuminate\Foundation\Bootstrap\HandleExceptions->handleError(4096, 'Argument 1 pass...', '/Applications/A...', 549, Array)
#1 /Applications/AMPPS/www/CommerceElectronique/app/Http/Controllers/Admin/ProductsController.php(82): Illuminate\Database\Eloquent\Model::create(2, Array)
#2 [internal function]: App\Http\Controllers\Admin\ProductsController->store(Object(App\Http\Requests\CreateProductRequest))
#3 /Applications/AMPPS/www/CommerceElectronique/vendor/laravel/framework/src/Illuminate/Routing/Controller.php(246): call_user_func_array(Array, Array)
#4 /Applications/AMPPS/www/CommerceElectronique/vendor/laravel/framework/src/Illuminate/Routing/ControllerDispatcher.php(162): Illuminate\Routing\Controller->callAction('store', Array)
#5 /Applications/AMPPS/www/CommerceElectronique/vendor/laravel/framework/src/Illuminate/Routing/ControllerDispatcher.php(107): Illuminate\Routing\ControllerDispatcher->call(Object(App\Http\Controllers\Admin\ProductsController), Object(Illuminate\Routing\Route), 'store')
#6 [internal function]: Illuminate\Routing\ControllerDispatcher->Illuminate\Routing\{closure}(Object(Illuminate\Http\Request))
#7 /Applications/AMPPS/www/CommerceElectronique/vendor/laravel/framework/src/Illuminate/Pipeline/Pipeline.php(141): call_user_func(Object(Closure), Object(Illuminate\Http\Request))
#8 /Applications/AMPPS/www/CommerceElectronique/app/Http/Middleware/RedirectIfNotAdmin.php(21): Illuminate\Pipeline\Pipeline->Illuminate\Pipeline\{closure}(Object(Illuminate\Http\Request))
#9 /Applications/AMPPS/www/CommerceElectronique/vendor/laravel/framework/src/Illuminate/Pipeline/Pipeline.php(125): App\Http\Middleware\RedirectIfNotAdmin->handle(Object(Illuminate\Http\Request), Object(Closure))
#10 [internal function]: Illuminate\Pipeline\Pipeline->Illuminate\Pipeline\{closure}(Object(Illuminate\Http\Request))
#11 /Applications/AMPPS/www/CommerceElectronique/vendor/laravel/framework/src/Illuminate/Pipeline/Pipeline.php(101): call_user_func(Object(Closure), Object(Illuminate\Http\Request))
#12 /Applications/AMPPS/www/CommerceElectronique/vendor/laravel/framework/src/Illuminate/Routing/ControllerDispatcher.php(108): Illuminate\Pipeline\Pipeline->then(Object(Closure))
#13 /Applications/AMPPS/www/CommerceElectronique/vendor/laravel/framework/src/Illuminate/Routing/ControllerDispatcher.php(67): Illuminate\Routing\ControllerDispatcher->callWithinStack(Object(App\Http\Controllers\Admin\ProductsController), Object(Illuminate\Routing\Route), Object(Illuminate\Http\Request), 'store')
#14 /Applications/AMPPS/www/CommerceElectronique/vendor/laravel/framework/src/Illuminate/Routing/Route.php(198): Illuminate\Routing\ControllerDispatcher->dispatch(Object(Illuminate\Routing\Route), Object(Illuminate\Http\Request), 'App\\Http\\Contro...', 'store')
#15 /Applications/AMPPS/www/CommerceElectronique/vendor/laravel/framework/src/Illuminate/Routing/Route.php(131): Illuminate\Routing\Route->runWithCustomDispatcher(Object(Illuminate\Http\Request))
#16 /Applications/AMPPS/www/CommerceElectronique/vendor/laravel/framework/src/Illuminate/Routing/Router.php(689): Illuminate\Routing\Route->run(Object(Illuminate\Http\Request))
#17 [internal function]: Illuminate\Routing\Router->Illuminate\Routing\{closure}(Object(Illuminate\Http\Request))
#18 /Applications/AMPPS/www/CommerceElectronique/vendor/laravel/framework/src/Illuminate/Pipeline/Pipeline.php(141): call_user_func(Object(Closure), Object(Illuminate\Http\Request))
#19 [internal function]: Illuminate\Pipeline\Pipeline->Illuminate\Pipeline\{closure}(Object(Illuminate\Http\Request))
#20 /Applications/AMPPS/www/CommerceElectronique/vendor/laravel/framework/src/Illuminate/Pipeline/Pipeline.php(101): call_user_func(Object(Closure), Object(Illuminate\Http\Request))
#21 /Applications/AMPPS/www/CommerceElectronique/vendor/laravel/framework/src/Illuminate/Routing/Router.php(690): Illuminate\Pipeline\Pipeline->then(Object(Closure))
#22 /Applications/AMPPS/www/CommerceElectronique/vendor/laravel/framework/src/Illuminate/Routing/Router.php(660): Illuminate\Routing\Router->runRouteWithinStack(Object(Illuminate\Routing\Route), Object(Illuminate\Http\Request))
#23 /Applications/AMPPS/www/CommerceElectronique/vendor/laravel/framework/src/Illuminate/Routing/Router.php(618): Illuminate\Routing\Router->dispatchToRoute(Object(Illuminate\Http\Request))
#24 /Applications/AMPPS/www/CommerceElectronique/vendor/laravel/framework/src/Illuminate/Foundation/Http/Kernel.php(160): Illuminate\Routing\Router->dispatch(Object(Illuminate\Http\Request))
#25 [internal function]: Illuminate\Foundation\Http\Kernel->Illuminate\Foundation\Http\{closure}(Object(Illuminate\Http\Request))
#26 /Applications/AMPPS/www/CommerceElectronique/vendor/laravel/framework/src/Illuminate/Pipeline/Pipeline.php(141): call_user_func(Object(Closure), Object(Illuminate\Http\Request))
#27 /Applications/AMPPS/www/CommerceElectronique/vendor/laravel/framework/src/Illuminate/Foundation/Http/Middleware/VerifyCsrfToken.php(43): Illuminate\Pipeline\Pipeline->Illuminate\Pipeline\{closure}(Object(Illuminate\Http\Request))
#28 /Applications/AMPPS/www/CommerceElectronique/app/Http/Middleware/VerifyCsrfToken.php(17): Illuminate\Foundation\Http\Middleware\VerifyCsrfToken->handle(Object(Illuminate\Http\Request), Object(Closure))
#29 /Applications/AMPPS/www/CommerceElectronique/vendor/laravel/framework/src/Illuminate/Pipeline/Pipeline.php(125): App\Http\Middleware\VerifyCsrfToken->handle(Object(Illuminate\Http\Request), Object(Closure))
#30 /Applications/AMPPS/www/CommerceElectronique/vendor/laravel/framework/src/Illuminate/View/Middleware/ShareErrorsFromSession.php(55): Illuminate\Pipeline\Pipeline->Illuminate\Pipeline\{closure}(Object(Illuminate\Http\Request))
#31 /Applications/AMPPS/www/CommerceElectronique/vendor/laravel/framework/src/Illuminate/Pipeline/Pipeline.php(125): Illuminate\View\Middleware\ShareErrorsFromSession->handle(Object(Illuminate\Http\Request), Object(Closure))
#32 /Applications/AMPPS/www/CommerceElectronique/vendor/laravel/framework/src/Illuminate/Session/Middleware/StartSession.php(61): Illuminate\Pipeline\Pipeline->Illuminate\Pipeline\{closure}(Object(Illuminate\Http\Request))
#33 /Applications/AMPPS/www/CommerceElectronique/vendor/laravel/framework/src/Illuminate/Pipeline/Pipeline.php(125): Illuminate\Session\Middleware\StartSession->handle(Object(Illuminate\Http\Request), Object(Closure))
#34 /Applications/AMPPS/www/CommerceElectronique/vendor/laravel/framework/src/Illuminate/Cookie/Middleware/AddQueuedCookiesToResponse.php(36): Illuminate\Pipeline\Pipeline->Illuminate\Pipeline\{closure}(Object(Illuminate\Http\Request))
#35 /Applications/AMPPS/www/CommerceElectronique/vendor/laravel/framework/src/Illuminate/Pipeline/Pipeline.php(125): Illuminate\Cookie\Middleware\AddQueuedCookiesToResponse->handle(Object(Illuminate\Http\Request), Object(Closure))
#36 /Applications/AMPPS/www/CommerceElectronique/vendor/laravel/framework/src/Illuminate/Cookie/Middleware/EncryptCookies.php(40): Illuminate\Pipeline\Pipeline->Illuminate\Pipeline\{closure}(Object(Illuminate\Http\Request))
#37 /Applications/AMPPS/www/CommerceElectronique/vendor/laravel/framework/src/Illuminate/Pipeline/Pipeline.php(125): Illuminate\Cookie\Middleware\EncryptCookies->handle(Object(Illuminate\Http\Request), Object(Closure))
#38 /Applications/AMPPS/www/CommerceElectronique/vendor/laravel/framework/src/Illuminate/Foundation/Http/Middleware/CheckForMaintenanceMode.php(42): Illuminate\Pipeline\Pipeline->Illuminate\Pipeline\{closure}(Object(Illuminate\Http\Request))
#39 /Applications/AMPPS/www/CommerceElectronique/vendor/laravel/framework/src/Illuminate/Pipeline/Pipeline.php(125): Illuminate\Foundation\Http\Middleware\CheckForMaintenanceMode->handle(Object(Illuminate\Http\Request), Object(Closure))
#40 [internal function]: Illuminate\Pipeline\Pipeline->Illuminate\Pipeline\{closure}(Object(Illuminate\Http\Request))
#41 /Applications/AMPPS/www/CommerceElectronique/vendor/laravel/framework/src/Illuminate/Pipeline/Pipeline.php(101): call_user_func(Object(Closure), Object(Illuminate\Http\Request))
#42 /Applications/AMPPS/www/CommerceElectronique/vendor/laravel/framework/src/Illuminate/Foundation/Http/Kernel.php(111): Illuminate\Pipeline\Pipeline->then(Object(Closure))
#43 /Applications/AMPPS/www/CommerceElectronique/vendor/laravel/framework/src/Illuminate/Foundation/Http/Kernel.php(84): Illuminate\Foundation\Http\Kernel->sendRequestThroughRouter(Object(Illuminate\Http\Request))
#44 /Applications/AMPPS/www/CommerceElectronique/public/index.php(53): Illuminate\Foundation\Http\Kernel->handle(Object(Illuminate\Http\Request))
#45 {main}  
[2015-04-06 23:57:46] local.ERROR: exception 'Symfony\Component\Debug\Exception\FatalErrorException' with message 'syntax error, unexpected ';'' in /Applications/AMPPS/www/CommerceElectronique/storage/framework/views/b08ca1e39b06d5ab6c9f26093863558a:122
Stack trace:
#0 /Applications/AMPPS/www/CommerceElectronique/vendor/laravel/framework/src/Illuminate/Foundation/Bootstrap/HandleExceptions.php(116): Illuminate\Foundation\Bootstrap\HandleExceptions->fatalExceptionFromError(Array)
#1 [internal function]: Illuminate\Foundation\Bootstrap\HandleExceptions->handleShutdown()
#2 {main}  
[2015-04-06 23:59:26] local.ERROR: exception 'Symfony\Component\Debug\Exception\FatalErrorException' with message 'syntax error, unexpected 'if' (T_IF)' in /Applications/AMPPS/www/CommerceElectronique/storage/framework/views/b08ca1e39b06d5ab6c9f26093863558a:125
Stack trace:
#0 /Applications/AMPPS/www/CommerceElectronique/vendor/laravel/framework/src/Illuminate/Foundation/Bootstrap/HandleExceptions.php(116): Illuminate\Foundation\Bootstrap\HandleExceptions->fatalExceptionFromError(Array)
#1 [internal function]: Illuminate\Foundation\Bootstrap\HandleExceptions->handleShutdown()
#2 {main}  
