[2015-02-09 19:31:24] local.ERROR: exception 'PDOException' with message 'SQLSTATE[42S02]: Base table or view not found: 1146 Table 'boardgamewebsite.order_line_product_category' doesn't exist' in /Users/gabriellamer/PhpstormProjects/BoardGameWebsite/project/vendor/laravel/framework/src/Illuminate/Database/Connection.php:358
Stack trace:
#0 /Users/gabriellamer/PhpstormProjects/BoardGameWebsite/project/vendor/laravel/framework/src/Illuminate/Database/Connection.php(358): PDO->prepare('insert into `or...')
#1 /Users/gabriellamer/PhpstormProjects/BoardGameWebsite/project/vendor/laravel/framework/src/Illuminate/Database/Connection.php(606): Illuminate\Database\Connection->Illuminate\Database\{closure}(Object(Illuminate\Database\MySqlConnection), 'insert into `or...', Array)
#2 /Users/gabriellamer/PhpstormProjects/BoardGameWebsite/project/vendor/laravel/framework/src/Illuminate/Database/Connection.php(570): Illuminate\Database\Connection->runQueryCallback('insert into `or...', Array, Object(Closure))
#3 /Users/gabriellamer/PhpstormProjects/BoardGameWebsite/project/vendor/laravel/framework/src/Illuminate/Database/Connection.php(359): Illuminate\Database\Connection->run('insert into `or...', Array, Object(Closure))
#4 /Users/gabriellamer/PhpstormProjects/BoardGameWebsite/project/vendor/laravel/framework/src/Illuminate/Database/Connection.php(316): Illuminate\Database\Connection->statement('insert into `or...', Array)
#5 /Users/gabriellamer/PhpstormProjects/BoardGameWebsite/project/vendor/laravel/framework/src/Illuminate/Database/Query/Builder.php(1701): Illuminate\Database\Connection->insert('insert into `or...', Array)
#6 /Users/gabriellamer/PhpstormProjects/BoardGameWebsite/project/vendor/laravel/framework/src/Illuminate/Database/Eloquent/Relations/BelongsToMany.php(773): Illuminate\Database\Query\Builder->insert(Array)
#7 /Users/gabriellamer/PhpstormProjects/BoardGameWebsite/project/database/seeds/DatabaseSeeder.php(169): Illuminate\Database\Eloquent\Relations\BelongsToMany->attach(1)
#8 /Users/gabriellamer/PhpstormProjects/BoardGameWebsite/project/vendor/laravel/framework/src/Illuminate/Database/Console/SeedCommand.php(57): DatabaseSeeder->run()
#9 [internal function]: Illuminate\Database\Console\SeedCommand->fire()
#10 /Users/gabriellamer/PhpstormProjects/BoardGameWebsite/project/vendor/laravel/framework/src/Illuminate/Container/Container.php(523): call_user_func_array(Array, Array)
#11 /Users/gabriellamer/PhpstormProjects/BoardGameWebsite/project/vendor/laravel/framework/src/Illuminate/Console/Command.php(115): Illuminate\Container\Container->call(Array)
#12 /Users/gabriellamer/PhpstormProjects/BoardGameWebsite/project/vendor/symfony/console/Symfony/Component/Console/Command/Command.php(253): Illuminate\Console\Command->execute(Object(Symfony\Component\Console\Input\ArgvInput), Object(Symfony\Component\Console\Output\ConsoleOutput))
#13 /Users/gabriellamer/PhpstormProjects/BoardGameWebsite/project/vendor/laravel/framework/src/Illuminate/Console/Command.php(101): Symfony\Component\Console\Command\Command->run(Object(Symfony\Component\Console\Input\ArgvInput), Object(Symfony\Component\Console\Output\ConsoleOutput))
#14 /Users/gabriellamer/PhpstormProjects/BoardGameWebsite/project/vendor/symfony/console/Symfony/Component/Console/Application.php(874): Illuminate\Console\Command->run(Object(Symfony\Component\Console\Input\ArgvInput), Object(Symfony\Component\Console\Output\ConsoleOutput))
#15 /Users/gabriellamer/PhpstormProjects/BoardGameWebsite/project/vendor/symfony/console/Symfony/Component/Console/Application.php(195): Symfony\Component\Console\Application->doRunCommand(Object(Illuminate\Database\Console\SeedCommand), Object(Symfony\Component\Console\Input\ArgvInput), Object(Symfony\Component\Console\Output\ConsoleOutput))
#16 /Users/gabriellamer/PhpstormProjects/BoardGameWebsite/project/vendor/symfony/console/Symfony/Component/Console/Application.php(126): Symfony\Component\Console\Application->doRun(Object(Symfony\Component\Console\Input\ArgvInput), Object(Symfony\Component\Console\Output\ConsoleOutput))
#17 /Users/gabriellamer/PhpstormProjects/BoardGameWebsite/project/vendor/laravel/framework/src/Illuminate/Foundation/Console/Kernel.php(91): Symfony\Component\Console\Application->run(Object(Symfony\Component\Console\Input\ArgvInput), Object(Symfony\Component\Console\Output\ConsoleOutput))
#18 /Users/gabriellamer/PhpstormProjects/BoardGameWebsite/project/artisan(36): Illuminate\Foundation\Console\Kernel->handle(Object(Symfony\Component\Console\Input\ArgvInput), Object(Symfony\Component\Console\Output\ConsoleOutput))
#19 {main}

Next exception 'Illuminate\Database\QueryException' with message 'SQLSTATE[42S02]: Base table or view not found: 1146 Table 'boardgamewebsite.order_line_product_category' doesn't exist (SQL: insert into `order_line_product_category` (`order_line_id`, `product_category_id`) values (1, 1))' in /Users/gabriellamer/PhpstormProjects/BoardGameWebsite/project/vendor/laravel/framework/src/Illuminate/Database/Connection.php:614
Stack trace:
#0 /Users/gabriellamer/PhpstormProjects/BoardGameWebsite/project/vendor/laravel/framework/src/Illuminate/Database/Connection.php(570): Illuminate\Database\Connection->runQueryCallback('insert into `or...', Array, Object(Closure))
#1 /Users/gabriellamer/PhpstormProjects/BoardGameWebsite/project/vendor/laravel/framework/src/Illuminate/Database/Connection.php(359): Illuminate\Database\Connection->run('insert into `or...', Array, Object(Closure))
#2 /Users/gabriellamer/PhpstormProjects/BoardGameWebsite/project/vendor/laravel/framework/src/Illuminate/Database/Connection.php(316): Illuminate\Database\Connection->statement('insert into `or...', Array)
#3 /Users/gabriellamer/PhpstormProjects/BoardGameWebsite/project/vendor/laravel/framework/src/Illuminate/Database/Query/Builder.php(1701): Illuminate\Database\Connection->insert('insert into `or...', Array)
#4 /Users/gabriellamer/PhpstormProjects/BoardGameWebsite/project/vendor/laravel/framework/src/Illuminate/Database/Eloquent/Relations/BelongsToMany.php(773): Illuminate\Database\Query\Builder->insert(Array)
#5 /Users/gabriellamer/PhpstormProjects/BoardGameWebsite/project/database/seeds/DatabaseSeeder.php(169): Illuminate\Database\Eloquent\Relations\BelongsToMany->attach(1)
#6 /Users/gabriellamer/PhpstormProjects/BoardGameWebsite/project/vendor/laravel/framework/src/Illuminate/Database/Console/SeedCommand.php(57): DatabaseSeeder->run()
#7 [internal function]: Illuminate\Database\Console\SeedCommand->fire()
#8 /Users/gabriellamer/PhpstormProjects/BoardGameWebsite/project/vendor/laravel/framework/src/Illuminate/Container/Container.php(523): call_user_func_array(Array, Array)
#9 /Users/gabriellamer/PhpstormProjects/BoardGameWebsite/project/vendor/laravel/framework/src/Illuminate/Console/Command.php(115): Illuminate\Container\Container->call(Array)
#10 /Users/gabriellamer/PhpstormProjects/BoardGameWebsite/project/vendor/symfony/console/Symfony/Component/Console/Command/Command.php(253): Illuminate\Console\Command->execute(Object(Symfony\Component\Console\Input\ArgvInput), Object(Symfony\Component\Console\Output\ConsoleOutput))
#11 /Users/gabriellamer/PhpstormProjects/BoardGameWebsite/project/vendor/laravel/framework/src/Illuminate/Console/Command.php(101): Symfony\Component\Console\Command\Command->run(Object(Symfony\Component\Console\Input\ArgvInput), Object(Symfony\Component\Console\Output\ConsoleOutput))
#12 /Users/gabriellamer/PhpstormProjects/BoardGameWebsite/project/vendor/symfony/console/Symfony/Component/Console/Application.php(874): Illuminate\Console\Command->run(Object(Symfony\Component\Console\Input\ArgvInput), Object(Symfony\Component\Console\Output\ConsoleOutput))
#13 /Users/gabriellamer/PhpstormProjects/BoardGameWebsite/project/vendor/symfony/console/Symfony/Component/Console/Application.php(195): Symfony\Component\Console\Application->doRunCommand(Object(Illuminate\Database\Console\SeedCommand), Object(Symfony\Component\Console\Input\ArgvInput), Object(Symfony\Component\Console\Output\ConsoleOutput))
#14 /Users/gabriellamer/PhpstormProjects/BoardGameWebsite/project/vendor/symfony/console/Symfony/Component/Console/Application.php(126): Symfony\Component\Console\Application->doRun(Object(Symfony\Component\Console\Input\ArgvInput), Object(Symfony\Component\Console\Output\ConsoleOutput))
#15 /Users/gabriellamer/PhpstormProjects/BoardGameWebsite/project/vendor/laravel/framework/src/Illuminate/Foundation/Console/Kernel.php(91): Symfony\Component\Console\Application->run(Object(Symfony\Component\Console\Input\ArgvInput), Object(Symfony\Component\Console\Output\ConsoleOutput))
#16 /Users/gabriellamer/PhpstormProjects/BoardGameWebsite/project/artisan(36): Illuminate\Foundation\Console\Kernel->handle(Object(Symfony\Component\Console\Input\ArgvInput), Object(Symfony\Component\Console\Output\ConsoleOutput))
#17 {main}  
[2015-02-09 20:40:15] local.ERROR: exception 'PDOException' with message 'SQLSTATE[23000]: Integrity constraint violation: 1452 Cannot add or update a child row: a foreign key constraint fails (`boardgamewebsite`.`events`, CONSTRAINT `events_user_id_foreign` FOREIGN KEY (`user_id`) REFERENCES `users` (`id`))' in /Users/gabriellamer/PhpstormProjects/BoardGameWebsite/project/vendor/laravel/framework/src/Illuminate/Database/Connection.php:358
Stack trace:
#0 /Users/gabriellamer/PhpstormProjects/BoardGameWebsite/project/vendor/laravel/framework/src/Illuminate/Database/Connection.php(358): PDOStatement->execute(Array)
#1 /Users/gabriellamer/PhpstormProjects/BoardGameWebsite/project/vendor/laravel/framework/src/Illuminate/Database/Connection.php(606): Illuminate\Database\Connection->Illuminate\Database\{closure}(Object(Illuminate\Database\MySqlConnection), 'insert into `ev...', Array)
#2 /Users/gabriellamer/PhpstormProjects/BoardGameWebsite/project/vendor/laravel/framework/src/Illuminate/Database/Connection.php(570): Illuminate\Database\Connection->runQueryCallback('insert into `ev...', Array, Object(Closure))
#3 /Users/gabriellamer/PhpstormProjects/BoardGameWebsite/project/vendor/laravel/framework/src/Illuminate/Database/Connection.php(359): Illuminate\Database\Connection->run('insert into `ev...', Array, Object(Closure))
#4 /Users/gabriellamer/PhpstormProjects/BoardGameWebsite/project/vendor/laravel/framework/src/Illuminate/Database/Connection.php(316): Illuminate\Database\Connection->statement('insert into `ev...', Array)
#5 /Users/gabriellamer/PhpstormProjects/BoardGameWebsite/project/vendor/laravel/framework/src/Illuminate/Database/Query/Processors/Processor.php(30): Illuminate\Database\Connection->insert('insert into `ev...', Array)
#6 /Users/gabriellamer/PhpstormProjects/BoardGameWebsite/project/vendor/laravel/framework/src/Illuminate/Database/Query/Builder.php(1717): Illuminate\Database\Query\Processors\Processor->processInsertGetId(Object(Illuminate\Database\Query\Builder), 'insert into `ev...', Array, 'id')
#7 [internal function]: Illuminate\Database\Query\Builder->insertGetId(Array, 'id')
#8 /Users/gabriellamer/PhpstormProjects/BoardGameWebsite/project/vendor/laravel/framework/src/Illuminate/Database/Eloquent/Builder.php(948): call_user_func_array(Array, Array)
#9 /Users/gabriellamer/PhpstormProjects/BoardGameWebsite/project/vendor/laravel/framework/src/Illuminate/Database/Eloquent/Model.php(1633): Illuminate\Database\Eloquent\Builder->__call('insertGetId', Array)
#10 /Users/gabriellamer/PhpstormProjects/BoardGameWebsite/project/vendor/laravel/framework/src/Illuminate/Database/Eloquent/Model.php(1633): Illuminate\Database\Eloquent\Builder->insertGetId(Array, 'id')
#11 /Users/gabriellamer/PhpstormProjects/BoardGameWebsite/project/vendor/laravel/framework/src/Illuminate/Database/Eloquent/Model.php(1603): Illuminate\Database\Eloquent\Model->insertAndSetId(Object(Illuminate\Database\Eloquent\Builder), Array)
#12 /Users/gabriellamer/PhpstormProjects/BoardGameWebsite/project/vendor/laravel/framework/src/Illuminate/Database/Eloquent/Model.php(1509): Illuminate\Database\Eloquent\Model->performInsert(Object(Illuminate\Database\Eloquent\Builder), Array)
#13 /Users/gabriellamer/PhpstormProjects/BoardGameWebsite/project/vendor/laravel/framework/src/Illuminate/Database/Eloquent/Model.php(553): Illuminate\Database\Eloquent\Model->save()
#14 /Users/gabriellamer/PhpstormProjects/BoardGameWebsite/project/database/seeds/DatabaseSeeder.php(252): Illuminate\Database\Eloquent\Model::create(Array)
#15 /Users/gabriellamer/PhpstormProjects/BoardGameWebsite/project/vendor/laravel/framework/src/Illuminate/Database/Console/SeedCommand.php(57): DatabaseSeeder->run()
#16 [internal function]: Illuminate\Database\Console\SeedCommand->fire()
#17 /Users/gabriellamer/PhpstormProjects/BoardGameWebsite/project/vendor/laravel/framework/src/Illuminate/Container/Container.php(523): call_user_func_array(Array, Array)
#18 /Users/gabriellamer/PhpstormProjects/BoardGameWebsite/project/vendor/laravel/framework/src/Illuminate/Console/Command.php(115): Illuminate\Container\Container->call(Array)
#19 /Users/gabriellamer/PhpstormProjects/BoardGameWebsite/project/vendor/symfony/console/Symfony/Component/Console/Command/Command.php(253): Illuminate\Console\Command->execute(Object(Symfony\Component\Console\Input\ArgvInput), Object(Symfony\Component\Console\Output\ConsoleOutput))
#20 /Users/gabriellamer/PhpstormProjects/BoardGameWebsite/project/vendor/laravel/framework/src/Illuminate/Console/Command.php(101): Symfony\Component\Console\Command\Command->run(Object(Symfony\Component\Console\Input\ArgvInput), Object(Symfony\Component\Console\Output\ConsoleOutput))
#21 /Users/gabriellamer/PhpstormProjects/BoardGameWebsite/project/vendor/symfony/console/Symfony/Component/Console/Application.php(874): Illuminate\Console\Command->run(Object(Symfony\Component\Console\Input\ArgvInput), Object(Symfony\Component\Console\Output\ConsoleOutput))
#22 /Users/gabriellamer/PhpstormProjects/BoardGameWebsite/project/vendor/symfony/console/Symfony/Component/Console/Application.php(195): Symfony\Component\Console\Application->doRunCommand(Object(Illuminate\Database\Console\SeedCommand), Object(Symfony\Component\Console\Input\ArgvInput), Object(Symfony\Component\Console\Output\ConsoleOutput))
#23 /Users/gabriellamer/PhpstormProjects/BoardGameWebsite/project/vendor/symfony/console/Symfony/Component/Console/Application.php(126): Symfony\Component\Console\Application->doRun(Object(Symfony\Component\Console\Input\ArgvInput), Object(Symfony\Component\Console\Output\ConsoleOutput))
#24 /Users/gabriellamer/PhpstormProjects/BoardGameWebsite/project/vendor/laravel/framework/src/Illuminate/Foundation/Console/Kernel.php(91): Symfony\Component\Console\Application->run(Object(Symfony\Component\Console\Input\ArgvInput), Object(Symfony\Component\Console\Output\ConsoleOutput))
#25 /Users/gabriellamer/PhpstormProjects/BoardGameWebsite/project/artisan(36): Illuminate\Foundation\Console\Kernel->handle(Object(Symfony\Component\Console\Input\ArgvInput), Object(Symfony\Component\Console\Output\ConsoleOutput))
#26 {main}

Next exception 'Illuminate\Database\QueryException' with message 'SQLSTATE[23000]: Integrity constraint violation: 1452 Cannot add or update a child row: a foreign key constraint fails (`boardgamewebsite`.`events`, CONSTRAINT `events_user_id_foreign` FOREIGN KEY (`user_id`) REFERENCES `users` (`id`)) (SQL: insert into `events` (`updated_at`, `created_at`) values (2015-02-09 20:40:15, 2015-02-09 20:40:15))' in /Users/gabriellamer/PhpstormProjects/BoardGameWebsite/project/vendor/laravel/framework/src/Illuminate/Database/Connection.php:614
Stack trace:
#0 /Users/gabriellamer/PhpstormProjects/BoardGameWebsite/project/vendor/laravel/framework/src/Illuminate/Database/Connection.php(570): Illuminate\Database\Connection->runQueryCallback('insert into `ev...', Array, Object(Closure))
#1 /Users/gabriellamer/PhpstormProjects/BoardGameWebsite/project/vendor/laravel/framework/src/Illuminate/Database/Connection.php(359): Illuminate\Database\Connection->run('insert into `ev...', Array, Object(Closure))
#2 /Users/gabriellamer/PhpstormProjects/BoardGameWebsite/project/vendor/laravel/framework/src/Illuminate/Database/Connection.php(316): Illuminate\Database\Connection->statement('insert into `ev...', Array)
#3 /Users/gabriellamer/PhpstormProjects/BoardGameWebsite/project/vendor/laravel/framework/src/Illuminate/Database/Query/Processors/Processor.php(30): Illuminate\Database\Connection->insert('insert into `ev...', Array)
#4 /Users/gabriellamer/PhpstormProjects/BoardGameWebsite/project/vendor/laravel/framework/src/Illuminate/Database/Query/Builder.php(1717): Illuminate\Database\Query\Processors\Processor->processInsertGetId(Object(Illuminate\Database\Query\Builder), 'insert into `ev...', Array, 'id')
#5 [internal function]: Illuminate\Database\Query\Builder->insertGetId(Array, 'id')
#6 /Users/gabriellamer/PhpstormProjects/BoardGameWebsite/project/vendor/laravel/framework/src/Illuminate/Database/Eloquent/Builder.php(948): call_user_func_array(Array, Array)
#7 /Users/gabriellamer/PhpstormProjects/BoardGameWebsite/project/vendor/laravel/framework/src/Illuminate/Database/Eloquent/Model.php(1633): Illuminate\Database\Eloquent\Builder->__call('insertGetId', Array)
#8 /Users/gabriellamer/PhpstormProjects/BoardGameWebsite/project/vendor/laravel/framework/src/Illuminate/Database/Eloquent/Model.php(1633): Illuminate\Database\Eloquent\Builder->insertGetId(Array, 'id')
#9 /Users/gabriellamer/PhpstormProjects/BoardGameWebsite/project/vendor/laravel/framework/src/Illuminate/Database/Eloquent/Model.php(1603): Illuminate\Database\Eloquent\Model->insertAndSetId(Object(Illuminate\Database\Eloquent\Builder), Array)
#10 /Users/gabriellamer/PhpstormProjects/BoardGameWebsite/project/vendor/laravel/framework/src/Illuminate/Database/Eloquent/Model.php(1509): Illuminate\Database\Eloquent\Model->performInsert(Object(Illuminate\Database\Eloquent\Builder), Array)
#11 /Users/gabriellamer/PhpstormProjects/BoardGameWebsite/project/vendor/laravel/framework/src/Illuminate/Database/Eloquent/Model.php(553): Illuminate\Database\Eloquent\Model->save()
#12 /Users/gabriellamer/PhpstormProjects/BoardGameWebsite/project/database/seeds/DatabaseSeeder.php(252): Illuminate\Database\Eloquent\Model::create(Array)
#13 /Users/gabriellamer/PhpstormProjects/BoardGameWebsite/project/vendor/laravel/framework/src/Illuminate/Database/Console/SeedCommand.php(57): DatabaseSeeder->run()
#14 [internal function]: Illuminate\Database\Console\SeedCommand->fire()
#15 /Users/gabriellamer/PhpstormProjects/BoardGameWebsite/project/vendor/laravel/framework/src/Illuminate/Container/Container.php(523): call_user_func_array(Array, Array)
#16 /Users/gabriellamer/PhpstormProjects/BoardGameWebsite/project/vendor/laravel/framework/src/Illuminate/Console/Command.php(115): Illuminate\Container\Container->call(Array)
#17 /Users/gabriellamer/PhpstormProjects/BoardGameWebsite/project/vendor/symfony/console/Symfony/Component/Console/Command/Command.php(253): Illuminate\Console\Command->execute(Object(Symfony\Component\Console\Input\ArgvInput), Object(Symfony\Component\Console\Output\ConsoleOutput))
#18 /Users/gabriellamer/PhpstormProjects/BoardGameWebsite/project/vendor/laravel/framework/src/Illuminate/Console/Command.php(101): Symfony\Component\Console\Command\Command->run(Object(Symfony\Component\Console\Input\ArgvInput), Object(Symfony\Component\Console\Output\ConsoleOutput))
#19 /Users/gabriellamer/PhpstormProjects/BoardGameWebsite/project/vendor/symfony/console/Symfony/Component/Console/Application.php(874): Illuminate\Console\Command->run(Object(Symfony\Component\Console\Input\ArgvInput), Object(Symfony\Component\Console\Output\ConsoleOutput))
#20 /Users/gabriellamer/PhpstormProjects/BoardGameWebsite/project/vendor/symfony/console/Symfony/Component/Console/Application.php(195): Symfony\Component\Console\Application->doRunCommand(Object(Illuminate\Database\Console\SeedCommand), Object(Symfony\Component\Console\Input\ArgvInput), Object(Symfony\Component\Console\Output\ConsoleOutput))
#21 /Users/gabriellamer/PhpstormProjects/BoardGameWebsite/project/vendor/symfony/console/Symfony/Component/Console/Application.php(126): Symfony\Component\Console\Application->doRun(Object(Symfony\Component\Console\Input\ArgvInput), Object(Symfony\Component\Console\Output\ConsoleOutput))
#22 /Users/gabriellamer/PhpstormProjects/BoardGameWebsite/project/vendor/laravel/framework/src/Illuminate/Foundation/Console/Kernel.php(91): Symfony\Component\Console\Application->run(Object(Symfony\Component\Console\Input\ArgvInput), Object(Symfony\Component\Console\Output\ConsoleOutput))
#23 /Users/gabriellamer/PhpstormProjects/BoardGameWebsite/project/artisan(36): Illuminate\Foundation\Console\Kernel->handle(Object(Symfony\Component\Console\Input\ArgvInput), Object(Symfony\Component\Console\Output\ConsoleOutput))
#24 {main}  
[2015-02-09 20:52:25] local.ERROR: exception 'PDOException' with message 'SQLSTATE[23000]: Integrity constraint violation: 1452 Cannot add or update a child row: a foreign key constraint fails (`boardgamewebsite`.`board_game_version_event`, CONSTRAINT `board_game_version_event_event_id_foreign` FOREIGN KEY (`event_id`) REFERENCES `events` (`id`))' in /Users/gabriellamer/PhpstormProjects/BoardGameWebsite/project/vendor/laravel/framework/src/Illuminate/Database/Connection.php:358
Stack trace:
#0 /Users/gabriellamer/PhpstormProjects/BoardGameWebsite/project/vendor/laravel/framework/src/Illuminate/Database/Connection.php(358): PDOStatement->execute(Array)
#1 /Users/gabriellamer/PhpstormProjects/BoardGameWebsite/project/vendor/laravel/framework/src/Illuminate/Database/Connection.php(606): Illuminate\Database\Connection->Illuminate\Database\{closure}(Object(Illuminate\Database\MySqlConnection), 'insert into `bo...', Array)
#2 /Users/gabriellamer/PhpstormProjects/BoardGameWebsite/project/vendor/laravel/framework/src/Illuminate/Database/Connection.php(570): Illuminate\Database\Connection->runQueryCallback('insert into `bo...', Array, Object(Closure))
#3 /Users/gabriellamer/PhpstormProjects/BoardGameWebsite/project/vendor/laravel/framework/src/Illuminate/Database/Connection.php(359): Illuminate\Database\Connection->run('insert into `bo...', Array, Object(Closure))
#4 /Users/gabriellamer/PhpstormProjects/BoardGameWebsite/project/vendor/laravel/framework/src/Illuminate/Database/Connection.php(316): Illuminate\Database\Connection->statement('insert into `bo...', Array)
#5 /Users/gabriellamer/PhpstormProjects/BoardGameWebsite/project/vendor/laravel/framework/src/Illuminate/Database/Query/Builder.php(1701): Illuminate\Database\Connection->insert('insert into `bo...', Array)
#6 /Users/gabriellamer/PhpstormProjects/BoardGameWebsite/project/vendor/laravel/framework/src/Illuminate/Database/Eloquent/Relations/BelongsToMany.php(773): Illuminate\Database\Query\Builder->insert(Array)
#7 /Users/gabriellamer/PhpstormProjects/BoardGameWebsite/project/database/seeds/DatabaseSeeder.php(258): Illuminate\Database\Eloquent\Relations\BelongsToMany->attach(1)
#8 /Users/gabriellamer/PhpstormProjects/BoardGameWebsite/project/vendor/laravel/framework/src/Illuminate/Database/Console/SeedCommand.php(57): DatabaseSeeder->run()
#9 [internal function]: Illuminate\Database\Console\SeedCommand->fire()
#10 /Users/gabriellamer/PhpstormProjects/BoardGameWebsite/project/vendor/laravel/framework/src/Illuminate/Container/Container.php(523): call_user_func_array(Array, Array)
#11 /Users/gabriellamer/PhpstormProjects/BoardGameWebsite/project/vendor/laravel/framework/src/Illuminate/Console/Command.php(115): Illuminate\Container\Container->call(Array)
#12 /Users/gabriellamer/PhpstormProjects/BoardGameWebsite/project/vendor/symfony/console/Symfony/Component/Console/Command/Command.php(253): Illuminate\Console\Command->execute(Object(Symfony\Component\Console\Input\ArgvInput), Object(Symfony\Component\Console\Output\ConsoleOutput))
#13 /Users/gabriellamer/PhpstormProjects/BoardGameWebsite/project/vendor/laravel/framework/src/Illuminate/Console/Command.php(101): Symfony\Component\Console\Command\Command->run(Object(Symfony\Component\Console\Input\ArgvInput), Object(Symfony\Component\Console\Output\ConsoleOutput))
#14 /Users/gabriellamer/PhpstormProjects/BoardGameWebsite/project/vendor/symfony/console/Symfony/Component/Console/Application.php(874): Illuminate\Console\Command->run(Object(Symfony\Component\Console\Input\ArgvInput), Object(Symfony\Component\Console\Output\ConsoleOutput))
#15 /Users/gabriellamer/PhpstormProjects/BoardGameWebsite/project/vendor/symfony/console/Symfony/Component/Console/Application.php(195): Symfony\Component\Console\Application->doRunCommand(Object(Illuminate\Database\Console\SeedCommand), Object(Symfony\Component\Console\Input\ArgvInput), Object(Symfony\Component\Console\Output\ConsoleOutput))
#16 /Users/gabriellamer/PhpstormProjects/BoardGameWebsite/project/vendor/symfony/console/Symfony/Component/Console/Application.php(126): Symfony\Component\Console\Application->doRun(Object(Symfony\Component\Console\Input\ArgvInput), Object(Symfony\Component\Console\Output\ConsoleOutput))
#17 /Users/gabriellamer/PhpstormProjects/BoardGameWebsite/project/vendor/laravel/framework/src/Illuminate/Foundation/Console/Kernel.php(91): Symfony\Component\Console\Application->run(Object(Symfony\Component\Console\Input\ArgvInput), Object(Symfony\Component\Console\Output\ConsoleOutput))
#18 /Users/gabriellamer/PhpstormProjects/BoardGameWebsite/project/artisan(36): Illuminate\Foundation\Console\Kernel->handle(Object(Symfony\Component\Console\Input\ArgvInput), Object(Symfony\Component\Console\Output\ConsoleOutput))
#19 {main}

Next exception 'Illuminate\Database\QueryException' with message 'SQLSTATE[23000]: Integrity constraint violation: 1452 Cannot add or update a child row: a foreign key constraint fails (`boardgamewebsite`.`board_game_version_event`, CONSTRAINT `board_game_version_event_event_id_foreign` FOREIGN KEY (`event_id`) REFERENCES `events` (`id`)) (SQL: insert into `board_game_version_event` (`board_game_version_id`, `event_id`) values (3, 1))' in /Users/gabriellamer/PhpstormProjects/BoardGameWebsite/project/vendor/laravel/framework/src/Illuminate/Database/Connection.php:614
Stack trace:
#0 /Users/gabriellamer/PhpstormProjects/BoardGameWebsite/project/vendor/laravel/framework/src/Illuminate/Database/Connection.php(570): Illuminate\Database\Connection->runQueryCallback('insert into `bo...', Array, Object(Closure))
#1 /Users/gabriellamer/PhpstormProjects/BoardGameWebsite/project/vendor/laravel/framework/src/Illuminate/Database/Connection.php(359): Illuminate\Database\Connection->run('insert into `bo...', Array, Object(Closure))
#2 /Users/gabriellamer/PhpstormProjects/BoardGameWebsite/project/vendor/laravel/framework/src/Illuminate/Database/Connection.php(316): Illuminate\Database\Connection->statement('insert into `bo...', Array)
#3 /Users/gabriellamer/PhpstormProjects/BoardGameWebsite/project/vendor/laravel/framework/src/Illuminate/Database/Query/Builder.php(1701): Illuminate\Database\Connection->insert('insert into `bo...', Array)
#4 /Users/gabriellamer/PhpstormProjects/BoardGameWebsite/project/vendor/laravel/framework/src/Illuminate/Database/Eloquent/Relations/BelongsToMany.php(773): Illuminate\Database\Query\Builder->insert(Array)
#5 /Users/gabriellamer/PhpstormProjects/BoardGameWebsite/project/database/seeds/DatabaseSeeder.php(258): Illuminate\Database\Eloquent\Relations\BelongsToMany->attach(1)
#6 /Users/gabriellamer/PhpstormProjects/BoardGameWebsite/project/vendor/laravel/framework/src/Illuminate/Database/Console/SeedCommand.php(57): DatabaseSeeder->run()
#7 [internal function]: Illuminate\Database\Console\SeedCommand->fire()
#8 /Users/gabriellamer/PhpstormProjects/BoardGameWebsite/project/vendor/laravel/framework/src/Illuminate/Container/Container.php(523): call_user_func_array(Array, Array)
#9 /Users/gabriellamer/PhpstormProjects/BoardGameWebsite/project/vendor/laravel/framework/src/Illuminate/Console/Command.php(115): Illuminate\Container\Container->call(Array)
#10 /Users/gabriellamer/PhpstormProjects/BoardGameWebsite/project/vendor/symfony/console/Symfony/Component/Console/Command/Command.php(253): Illuminate\Console\Command->execute(Object(Symfony\Component\Console\Input\ArgvInput), Object(Symfony\Component\Console\Output\ConsoleOutput))
#11 /Users/gabriellamer/PhpstormProjects/BoardGameWebsite/project/vendor/laravel/framework/src/Illuminate/Console/Command.php(101): Symfony\Component\Console\Command\Command->run(Object(Symfony\Component\Console\Input\ArgvInput), Object(Symfony\Component\Console\Output\ConsoleOutput))
#12 /Users/gabriellamer/PhpstormProjects/BoardGameWebsite/project/vendor/symfony/console/Symfony/Component/Console/Application.php(874): Illuminate\Console\Command->run(Object(Symfony\Component\Console\Input\ArgvInput), Object(Symfony\Component\Console\Output\ConsoleOutput))
#13 /Users/gabriellamer/PhpstormProjects/BoardGameWebsite/project/vendor/symfony/console/Symfony/Component/Console/Application.php(195): Symfony\Component\Console\Application->doRunCommand(Object(Illuminate\Database\Console\SeedCommand), Object(Symfony\Component\Console\Input\ArgvInput), Object(Symfony\Component\Console\Output\ConsoleOutput))
#14 /Users/gabriellamer/PhpstormProjects/BoardGameWebsite/project/vendor/symfony/console/Symfony/Component/Console/Application.php(126): Symfony\Component\Console\Application->doRun(Object(Symfony\Component\Console\Input\ArgvInput), Object(Symfony\Component\Console\Output\ConsoleOutput))
#15 /Users/gabriellamer/PhpstormProjects/BoardGameWebsite/project/vendor/laravel/framework/src/Illuminate/Foundation/Console/Kernel.php(91): Symfony\Component\Console\Application->run(Object(Symfony\Component\Console\Input\ArgvInput), Object(Symfony\Component\Console\Output\ConsoleOutput))
#16 /Users/gabriellamer/PhpstormProjects/BoardGameWebsite/project/artisan(36): Illuminate\Foundation\Console\Kernel->handle(Object(Symfony\Component\Console\Input\ArgvInput), Object(Symfony\Component\Console\Output\ConsoleOutput))
#17 {main}  
[2015-02-09 21:45:56] local.ERROR: exception 'Symfony\Component\Debug\Exception\FatalErrorException' with message 'Call to a member function toArray() on null' in /Users/gabriellamer/PhpstormProjects/BoardGameWebsite/project/vendor/psy/psysh/src/Psy/ExecutionLoop/Loop.php(67) : eval()'d code:1
Stack trace:
#0 /Users/gabriellamer/PhpstormProjects/BoardGameWebsite/project/vendor/laravel/framework/src/Illuminate/Foundation/Bootstrap/HandleExceptions.php(116): Illuminate\Foundation\Bootstrap\HandleExceptions->fatalExceptionFromError(Array)
#1 [internal function]: Illuminate\Foundation\Bootstrap\HandleExceptions->handleShutdown()
#2 {main}  
[2015-02-09 21:47:56] local.ERROR: exception 'Symfony\Component\Debug\Exception\FatalErrorException' with message 'Allowed memory size of 134217728 bytes exhausted (tried to allocate 119013376 bytes)' in /Users/gabriellamer/PhpstormProjects/BoardGameWebsite/project/vendor/psy/psysh/src/Psy/ExecutionLoop/Loop.php(67) : eval()'d code:1
Stack trace:
#0 /Users/gabriellamer/PhpstormProjects/BoardGameWebsite/project/vendor/laravel/framework/src/Illuminate/Foundation/Bootstrap/HandleExceptions.php(116): Illuminate\Foundation\Bootstrap\HandleExceptions->fatalExceptionFromError(Array)
#1 [internal function]: Illuminate\Foundation\Bootstrap\HandleExceptions->handleShutdown()
#2 {main}  
[2015-02-09 21:49:07] local.ERROR: exception 'Symfony\Component\Debug\Exception\FatalErrorException' with message 'Call to a member function toArray() on null' in /Users/gabriellamer/PhpstormProjects/BoardGameWebsite/project/vendor/psy/psysh/src/Psy/ExecutionLoop/Loop.php(67) : eval()'d code:1
Stack trace:
#0 /Users/gabriellamer/PhpstormProjects/BoardGameWebsite/project/vendor/laravel/framework/src/Illuminate/Foundation/Bootstrap/HandleExceptions.php(116): Illuminate\Foundation\Bootstrap\HandleExceptions->fatalExceptionFromError(Array)
#1 [internal function]: Illuminate\Foundation\Bootstrap\HandleExceptions->handleShutdown()
#2 {main}  
[2015-02-09 22:00:21] local.ERROR: exception 'Symfony\Component\Debug\Exception\FatalErrorException' with message 'Call to a member function toArray() on null' in /Users/gabriellamer/PhpstormProjects/BoardGameWebsite/project/vendor/psy/psysh/src/Psy/ExecutionLoop/Loop.php(67) : eval()'d code:1
Stack trace:
#0 /Users/gabriellamer/PhpstormProjects/BoardGameWebsite/project/vendor/laravel/framework/src/Illuminate/Foundation/Bootstrap/HandleExceptions.php(116): Illuminate\Foundation\Bootstrap\HandleExceptions->fatalExceptionFromError(Array)
#1 [internal function]: Illuminate\Foundation\Bootstrap\HandleExceptions->handleShutdown()
#2 {main}  
